{"/home/erdnando/proyectos/react/template-react/react-template/src/App.tsx": {"path":"/home/erdnando/proyectos/react/template-react/react-template/src/App.tsx","statementMap":{"0":{"start":{"line":12,"column":14},"end":{"line":27,"column":2}},"1":{"start":{"line":29,"column":22},"end":{"line":46,"column":1}},"2":{"start":{"line":30,"column":2},"end":{"line":45,"column":4}}},"fnMap":{"0":{"name":"(anonymous_0)","decl":{"start":{"line":29,"column":22},"end":{"line":29,"column":23}},"loc":{"start":{"line":29,"column":28},"end":{"line":46,"column":1}},"line":29}},"branchMap":{},"s":{"0":1,"1":1,"2":1},"f":{"0":1},"b":{},"_coverageSchema":"1a1c01bbd47fc00a2c39e90264f33305004495a9","hash":"e4b16084322048f8601a07351398f4fb84b18dfe"}
,"/home/erdnando/proyectos/react/template-react/react-template/src/index.tsx": {"path":"/home/erdnando/proyectos/react/template-react/react-template/src/index.tsx","statementMap":{"0":{"start":{"line":7,"column":0},"end":{"line":9,"column":1}},"1":{"start":{"line":8,"column":2},"end":{"line":8,"column":35}},"2":{"start":{"line":11,"column":13},"end":{"line":11,"column":80}},"3":{"start":{"line":12,"column":0},"end":{"line":16,"column":2}}},"fnMap":{},"branchMap":{"0":{"loc":{"start":{"line":7,"column":0},"end":{"line":9,"column":1}},"type":"if","locations":[{"start":{"line":7,"column":0},"end":{"line":9,"column":1}},{"start":{},"end":{}}],"line":7}},"s":{"0":0,"1":0,"2":0,"3":0},"f":{},"b":{"0":[0,0]}}
,"/home/erdnando/proyectos/react/template-react/react-template/src/components/ApiTester.tsx": {"path":"/home/erdnando/proyectos/react/template-react/react-template/src/components/ApiTester.tsx","statementMap":{"0":{"start":{"line":28,"column":28},"end":{"line":266,"column":1}},"1":{"start":{"line":29,"column":32},"end":{"line":29,"column":58}},"2":{"start":{"line":30,"column":32},"end":{"line":30,"column":47}},"3":{"start":{"line":32,"column":20},"end":{"line":37,"column":3}},"4":{"start":{"line":33,"column":4},"end":{"line":36,"column":17}},"5":{"start":{"line":33,"column":23},"end":{"line":36,"column":15}},"6":{"start":{"line":39,"column":23},"end":{"line":69,"column":3}},"7":{"start":{"line":44,"column":4},"end":{"line":44,"column":61}},"8":{"start":{"line":46,"column":4},"end":{"line":68,"column":5}},"9":{"start":{"line":47,"column":19},"end":{"line":47,"column":39}},"10":{"start":{"line":48,"column":25},"end":{"line":52,"column":41}},"11":{"start":{"line":54,"column":6},"end":{"line":59,"column":9}},"12":{"start":{"line":61,"column":27},"end":{"line":61,"column":83}},"13":{"start":{"line":62,"column":6},"end":{"line":67,"column":9}},"14":{"start":{"line":72,"column":24},"end":{"line":76,"column":3}},"15":{"start":{"line":72,"column":30},"end":{"line":76,"column":3}},"16":{"start":{"line":75,"column":10},"end":{"line":75,"column":69}},"17":{"start":{"line":78,"column":23},"end":{"line":82,"column":3}},"18":{"start":{"line":78,"column":29},"end":{"line":82,"column":3}},"19":{"start":{"line":81,"column":10},"end":{"line":81,"column":20}},"20":{"start":{"line":84,"column":25},"end":{"line":92,"column":3}},"21":{"start":{"line":84,"column":31},"end":{"line":92,"column":3}},"22":{"start":{"line":87,"column":10},"end":{"line":91,"column":6}},"23":{"start":{"line":94,"column":23},"end":{"line":98,"column":3}},"24":{"start":{"line":94,"column":29},"end":{"line":98,"column":3}},"25":{"start":{"line":97,"column":10},"end":{"line":97,"column":20}},"26":{"start":{"line":100,"column":25},"end":{"line":109,"column":3}},"27":{"start":{"line":100,"column":31},"end":{"line":109,"column":3}},"28":{"start":{"line":103,"column":10},"end":{"line":108,"column":6}},"29":{"start":{"line":111,"column":26},"end":{"line":115,"column":3}},"30":{"start":{"line":111,"column":32},"end":{"line":115,"column":3}},"31":{"start":{"line":114,"column":10},"end":{"line":114,"column":23}},"32":{"start":{"line":117,"column":28},"end":{"line":129,"column":3}},"33":{"start":{"line":117,"column":34},"end":{"line":129,"column":3}},"34":{"start":{"line":120,"column":10},"end":{"line":128,"column":6}},"35":{"start":{"line":132,"column":27},"end":{"line":136,"column":3}},"36":{"start":{"line":132,"column":33},"end":{"line":136,"column":3}},"37":{"start":{"line":135,"column":10},"end":{"line":135,"column":29}},"38":{"start":{"line":138,"column":22},"end":{"line":160,"column":3}},"39":{"start":{"line":139,"column":4},"end":{"line":139,"column":21}},"40":{"start":{"line":140,"column":4},"end":{"line":140,"column":19}},"41":{"start":{"line":142,"column":18},"end":{"line":151,"column":5}},"42":{"start":{"line":153,"column":4},"end":{"line":157,"column":5}},"43":{"start":{"line":154,"column":6},"end":{"line":154,"column":19}},"44":{"start":{"line":156,"column":6},"end":{"line":156,"column":61}},"45":{"start":{"line":156,"column":35},"end":{"line":156,"column":59}},"46":{"start":{"line":159,"column":4},"end":{"line":159,"column":22}},"47":{"start":{"line":162,"column":23},"end":{"line":164,"column":3}},"48":{"start":{"line":163,"column":4},"end":{"line":163,"column":19}},"49":{"start":{"line":166,"column":2},"end":{"line":265,"column":4}},"50":{"start":{"line":225,"column":14},"end":{"line":259,"column":20}},"51":{"start":{"line":268,"column":41},"end":{"line":276,"column":1}}},"fnMap":{"0":{"name":"(anonymous_0)","decl":{"start":{"line":28,"column":28},"end":{"line":28,"column":29}},"loc":{"start":{"line":28,"column":34},"end":{"line":266,"column":1}},"line":28},"1":{"name":"(anonymous_1)","decl":{"start":{"line":32,"column":20},"end":{"line":32,"column":21}},"loc":{"start":{"line":32,"column":63},"end":{"line":37,"column":3}},"line":32},"2":{"name":"(anonymous_2)","decl":{"start":{"line":33,"column":15},"end":{"line":33,"column":16}},"loc":{"start":{"line":33,"column":23},"end":{"line":36,"column":15}},"line":33},"3":{"name":"(anonymous_3)","decl":{"start":{"line":39,"column":23},"end":{"line":39,"column":24}},"loc":{"start":{"line":43,"column":7},"end":{"line":69,"column":3}},"line":43},"4":{"name":"(anonymous_4)","decl":{"start":{"line":72,"column":24},"end":{"line":72,"column":25}},"loc":{"start":{"line":72,"column":30},"end":{"line":76,"column":3}},"line":72},"5":{"name":"(anonymous_5)","decl":{"start":{"line":75,"column":4},"end":{"line":75,"column":5}},"loc":{"start":{"line":75,"column":10},"end":{"line":75,"column":69}},"line":75},"6":{"name":"(anonymous_6)","decl":{"start":{"line":78,"column":23},"end":{"line":78,"column":24}},"loc":{"start":{"line":78,"column":29},"end":{"line":82,"column":3}},"line":78},"7":{"name":"(anonymous_7)","decl":{"start":{"line":81,"column":4},"end":{"line":81,"column":5}},"loc":{"start":{"line":81,"column":10},"end":{"line":81,"column":20}},"line":81},"8":{"name":"(anonymous_8)","decl":{"start":{"line":84,"column":25},"end":{"line":84,"column":26}},"loc":{"start":{"line":84,"column":31},"end":{"line":92,"column":3}},"line":84},"9":{"name":"(anonymous_9)","decl":{"start":{"line":87,"column":4},"end":{"line":87,"column":5}},"loc":{"start":{"line":87,"column":10},"end":{"line":91,"column":6}},"line":87},"10":{"name":"(anonymous_10)","decl":{"start":{"line":94,"column":23},"end":{"line":94,"column":24}},"loc":{"start":{"line":94,"column":29},"end":{"line":98,"column":3}},"line":94},"11":{"name":"(anonymous_11)","decl":{"start":{"line":97,"column":4},"end":{"line":97,"column":5}},"loc":{"start":{"line":97,"column":10},"end":{"line":97,"column":20}},"line":97},"12":{"name":"(anonymous_12)","decl":{"start":{"line":100,"column":25},"end":{"line":100,"column":26}},"loc":{"start":{"line":100,"column":31},"end":{"line":109,"column":3}},"line":100},"13":{"name":"(anonymous_13)","decl":{"start":{"line":103,"column":4},"end":{"line":103,"column":5}},"loc":{"start":{"line":103,"column":10},"end":{"line":108,"column":6}},"line":103},"14":{"name":"(anonymous_14)","decl":{"start":{"line":111,"column":26},"end":{"line":111,"column":27}},"loc":{"start":{"line":111,"column":32},"end":{"line":115,"column":3}},"line":111},"15":{"name":"(anonymous_15)","decl":{"start":{"line":114,"column":4},"end":{"line":114,"column":5}},"loc":{"start":{"line":114,"column":10},"end":{"line":114,"column":23}},"line":114},"16":{"name":"(anonymous_16)","decl":{"start":{"line":117,"column":28},"end":{"line":117,"column":29}},"loc":{"start":{"line":117,"column":34},"end":{"line":129,"column":3}},"line":117},"17":{"name":"(anonymous_17)","decl":{"start":{"line":120,"column":4},"end":{"line":120,"column":5}},"loc":{"start":{"line":120,"column":10},"end":{"line":128,"column":6}},"line":120},"18":{"name":"(anonymous_18)","decl":{"start":{"line":132,"column":27},"end":{"line":132,"column":28}},"loc":{"start":{"line":132,"column":33},"end":{"line":136,"column":3}},"line":132},"19":{"name":"(anonymous_19)","decl":{"start":{"line":135,"column":4},"end":{"line":135,"column":5}},"loc":{"start":{"line":135,"column":10},"end":{"line":135,"column":29}},"line":135},"20":{"name":"(anonymous_20)","decl":{"start":{"line":138,"column":22},"end":{"line":138,"column":23}},"loc":{"start":{"line":138,"column":34},"end":{"line":160,"column":3}},"line":138},"21":{"name":"(anonymous_21)","decl":{"start":{"line":156,"column":24},"end":{"line":156,"column":25}},"loc":{"start":{"line":156,"column":35},"end":{"line":156,"column":59}},"line":156},"22":{"name":"(anonymous_22)","decl":{"start":{"line":162,"column":23},"end":{"line":162,"column":24}},"loc":{"start":{"line":162,"column":29},"end":{"line":164,"column":3}},"line":162},"23":{"name":"(anonymous_23)","decl":{"start":{"line":224,"column":25},"end":{"line":224,"column":26}},"loc":{"start":{"line":225,"column":14},"end":{"line":259,"column":20}},"line":225}},"branchMap":{"0":{"loc":{"start":{"line":48,"column":25},"end":{"line":52,"column":41}},"type":"cond-expr","locations":[{"start":{"line":49,"column":10},"end":{"line":49,"column":43}},{"start":{"line":50,"column":10},"end":{"line":52,"column":41}}],"line":48},"1":{"loc":{"start":{"line":50,"column":10},"end":{"line":52,"column":41}},"type":"cond-expr","locations":[{"start":{"line":51,"column":12},"end":{"line":51,"column":16}},{"start":{"line":52,"column":12},"end":{"line":52,"column":41}}],"line":50},"2":{"loc":{"start":{"line":61,"column":27},"end":{"line":61,"column":83}},"type":"cond-expr","locations":[{"start":{"line":61,"column":52},"end":{"line":61,"column":65}},{"start":{"line":61,"column":68},"end":{"line":61,"column":83}}],"line":61},"3":{"loc":{"start":{"line":181,"column":20},"end":{"line":181,"column":55}},"type":"cond-expr","locations":[{"start":{"line":181,"column":30},"end":{"line":181,"column":43}},{"start":{"line":181,"column":46},"end":{"line":181,"column":55}}],"line":181},"4":{"loc":{"start":{"line":185,"column":11},"end":{"line":185,"column":63}},"type":"cond-expr","locations":[{"start":{"line":185,"column":21},"end":{"line":185,"column":42}},{"start":{"line":185,"column":45},"end":{"line":185,"column":63}}],"line":185},"5":{"loc":{"start":{"line":220,"column":9},"end":{"line":262,"column":9}},"type":"cond-expr","locations":[{"start":{"line":221,"column":10},"end":{"line":221,"column":126}},{"start":{"line":223,"column":10},"end":{"line":261,"column":16}}],"line":220},"6":{"loc":{"start":{"line":232,"column":35},"end":{"line":233,"column":82}},"type":"cond-expr","locations":[{"start":{"line":232,"column":65},"end":{"line":232,"column":74}},{"start":{"line":233,"column":33},"end":{"line":233,"column":82}}],"line":232},"7":{"loc":{"start":{"line":233,"column":33},"end":{"line":233,"column":82}},"type":"cond-expr","locations":[{"start":{"line":233,"column":61},"end":{"line":233,"column":70}},{"start":{"line":233,"column":73},"end":{"line":233,"column":82}}],"line":233},"8":{"loc":{"start":{"line":238,"column":21},"end":{"line":239,"column":58}},"type":"cond-expr","locations":[{"start":{"line":238,"column":51},"end":{"line":238,"column":54}},{"start":{"line":239,"column":21},"end":{"line":239,"column":58}}],"line":238},"9":{"loc":{"start":{"line":239,"column":21},"end":{"line":239,"column":58}},"type":"cond-expr","locations":[{"start":{"line":239,"column":49},"end":{"line":239,"column":52}},{"start":{"line":239,"column":55},"end":{"line":239,"column":58}}],"line":239},"10":{"loc":{"start":{"line":245,"column":17},"end":{"line":252,"column":17}},"type":"binary-expr","locations":[{"start":{"line":245,"column":17},"end":{"line":245,"column":44}},{"start":{"line":245,"column":48},"end":{"line":245,"column":59}},{"start":{"line":246,"column":18},"end":{"line":251,"column":24}}],"line":245},"11":{"loc":{"start":{"line":254,"column":17},"end":{"line":258,"column":17}},"type":"binary-expr","locations":[{"start":{"line":254,"column":17},"end":{"line":254,"column":42}},{"start":{"line":254,"column":46},"end":{"line":254,"column":58}},{"start":{"line":255,"column":18},"end":{"line":257,"column":24}}],"line":254}},"s":{"0":2,"1":2,"2":2,"3":2,"4":0,"5":0,"6":2,"7":0,"8":0,"9":0,"10":0,"11":0,"12":0,"13":0,"14":2,"15":0,"16":0,"17":2,"18":0,"19":0,"20":2,"21":0,"22":0,"23":2,"24":0,"25":0,"26":2,"27":0,"28":0,"29":2,"30":0,"31":0,"32":2,"33":0,"34":0,"35":2,"36":0,"37":0,"38":2,"39":0,"40":0,"41":0,"42":0,"43":0,"44":0,"45":0,"46":0,"47":2,"48":0,"49":2,"50":0,"51":2},"f":{"0":2,"1":0,"2":0,"3":0,"4":0,"5":0,"6":0,"7":0,"8":0,"9":0,"10":0,"11":0,"12":0,"13":0,"14":0,"15":0,"16":0,"17":0,"18":0,"19":0,"20":0,"21":0,"22":0,"23":0},"b":{"0":[0,0],"1":[0,0],"2":[0,0],"3":[0,2],"4":[0,2],"5":[2,0],"6":[0,0],"7":[0,0],"8":[0,0],"9":[0,0],"10":[0,0,0],"11":[0,0,0]},"_coverageSchema":"1a1c01bbd47fc00a2c39e90264f33305004495a9","hash":"bb23db048d040029b70addc41f5c620f3cbb7481"}
,"/home/erdnando/proyectos/react/template-react/react-template/src/components/DebugAuth.tsx": {"path":"/home/erdnando/proyectos/react/template-react/react-template/src/components/DebugAuth.tsx","statementMap":{"0":{"start":{"line":4,"column":28},"end":{"line":15,"column":1}},"1":{"start":{"line":5,"column":2},"end":{"line":14,"column":4}}},"fnMap":{"0":{"name":"(anonymous_0)","decl":{"start":{"line":4,"column":28},"end":{"line":4,"column":29}},"loc":{"start":{"line":4,"column":34},"end":{"line":15,"column":1}},"line":4}},"branchMap":{},"s":{"0":0,"1":0},"f":{"0":0},"b":{}}
,"/home/erdnando/proyectos/react/template-react/react-template/src/components/MockLogin.tsx": {"path":"/home/erdnando/proyectos/react/template-react/react-template/src/components/MockLogin.tsx","statementMap":{"0":{"start":{"line":11,"column":28},"end":{"line":66,"column":1}},"1":{"start":{"line":12,"column":28},"end":{"line":12,"column":40}},"2":{"start":{"line":13,"column":34},"end":{"line":13,"column":46}},"3":{"start":{"line":14,"column":32},"end":{"line":14,"column":61}},"4":{"start":{"line":16,"column":26},"end":{"line":22,"column":3}},"5":{"start":{"line":17,"column":4},"end":{"line":21,"column":5}},"6":{"start":{"line":18,"column":6},"end":{"line":18,"column":56}},"7":{"start":{"line":20,"column":6},"end":{"line":20,"column":57}},"8":{"start":{"line":24,"column":2},"end":{"line":65,"column":4}},"9":{"start":{"line":36,"column":27},"end":{"line":36,"column":51}},"10":{"start":{"line":45,"column":27},"end":{"line":45,"column":54}}},"fnMap":{"0":{"name":"(anonymous_0)","decl":{"start":{"line":11,"column":28},"end":{"line":11,"column":29}},"loc":{"start":{"line":11,"column":34},"end":{"line":66,"column":1}},"line":11},"1":{"name":"(anonymous_1)","decl":{"start":{"line":16,"column":26},"end":{"line":16,"column":27}},"loc":{"start":{"line":16,"column":32},"end":{"line":22,"column":3}},"line":16},"2":{"name":"(anonymous_2)","decl":{"start":{"line":36,"column":20},"end":{"line":36,"column":21}},"loc":{"start":{"line":36,"column":27},"end":{"line":36,"column":51}},"line":36},"3":{"name":"(anonymous_3)","decl":{"start":{"line":45,"column":20},"end":{"line":45,"column":21}},"loc":{"start":{"line":45,"column":27},"end":{"line":45,"column":54}},"line":45}},"branchMap":{"0":{"loc":{"start":{"line":17,"column":4},"end":{"line":21,"column":5}},"type":"if","locations":[{"start":{"line":17,"column":4},"end":{"line":21,"column":5}},{"start":{"line":19,"column":11},"end":{"line":21,"column":5}}],"line":17},"1":{"loc":{"start":{"line":17,"column":8},"end":{"line":17,"column":25}},"type":"binary-expr","locations":[{"start":{"line":17,"column":8},"end":{"line":17,"column":13}},{"start":{"line":17,"column":17},"end":{"line":17,"column":25}}],"line":17},"2":{"loc":{"start":{"line":58,"column":9},"end":{"line":62,"column":9}},"type":"binary-expr","locations":[{"start":{"line":58,"column":9},"end":{"line":58,"column":16}},{"start":{"line":59,"column":10},"end":{"line":61,"column":18}}],"line":58},"3":{"loc":{"start":{"line":59,"column":27},"end":{"line":59,"column":79}},"type":"cond-expr","locations":[{"start":{"line":59,"column":60},"end":{"line":59,"column":69}},{"start":{"line":59,"column":72},"end":{"line":59,"column":79}}],"line":59}},"s":{"0":0,"1":0,"2":0,"3":0,"4":0,"5":0,"6":0,"7":0,"8":0,"9":0,"10":0},"f":{"0":0,"1":0,"2":0,"3":0},"b":{"0":[0,0],"1":[0,0],"2":[0,0],"3":[0,0]}}
,"/home/erdnando/proyectos/react/template-react/react-template/src/components/UserDebug.tsx": {"path":"/home/erdnando/proyectos/react/template-react/react-template/src/components/UserDebug.tsx","statementMap":{"0":{"start":{"line":22,"column":44},"end":{"line":87,"column":1}},"1":{"start":{"line":23,"column":29},"end":{"line":29,"column":3}},"2":{"start":{"line":31,"column":22},"end":{"line":31,"column":38}},"3":{"start":{"line":33,"column":2},"end":{"line":86,"column":4}}},"fnMap":{"0":{"name":"(anonymous_0)","decl":{"start":{"line":22,"column":44},"end":{"line":22,"column":45}},"loc":{"start":{"line":22,"column":58},"end":{"line":87,"column":1}},"line":22}},"branchMap":{"0":{"loc":{"start":{"line":31,"column":22},"end":{"line":31,"column":38}},"type":"binary-expr","locations":[{"start":{"line":31,"column":22},"end":{"line":31,"column":26}},{"start":{"line":31,"column":30},"end":{"line":31,"column":38}}],"line":31},"1":{"loc":{"start":{"line":81,"column":17},"end":{"line":81,"column":70}},"type":"cond-expr","locations":[{"start":{"line":81,"column":51},"end":{"line":81,"column":60}},{"start":{"line":81,"column":63},"end":{"line":81,"column":70}}],"line":81}},"s":{"0":0,"1":0,"2":0,"3":0},"f":{"0":0},"b":{"0":[0,0],"1":[0,0]}}
,"/home/erdnando/proyectos/react/template-react/react-template/src/components/UserInfo.tsx": {"path":"/home/erdnando/proyectos/react/template-react/react-template/src/components/UserInfo.tsx","statementMap":{"0":{"start":{"line":6,"column":27},"end":{"line":62,"column":1}},"1":{"start":{"line":7,"column":15},"end":{"line":7,"column":65}},"2":{"start":{"line":7,"column":49},"end":{"line":7,"column":64}},"3":{"start":{"line":8,"column":26},"end":{"line":8,"column":87}},"4":{"start":{"line":8,"column":60},"end":{"line":8,"column":86}},"5":{"start":{"line":10,"column":2},"end":{"line":20,"column":3}},"6":{"start":{"line":11,"column":4},"end":{"line":19,"column":6}},"7":{"start":{"line":22,"column":2},"end":{"line":61,"column":4}}},"fnMap":{"0":{"name":"(anonymous_0)","decl":{"start":{"line":6,"column":27},"end":{"line":6,"column":28}},"loc":{"start":{"line":6,"column":33},"end":{"line":62,"column":1}},"line":6},"1":{"name":"(anonymous_1)","decl":{"start":{"line":7,"column":27},"end":{"line":7,"column":28}},"loc":{"start":{"line":7,"column":49},"end":{"line":7,"column":64}},"line":7},"2":{"name":"(anonymous_2)","decl":{"start":{"line":8,"column":38},"end":{"line":8,"column":39}},"loc":{"start":{"line":8,"column":60},"end":{"line":8,"column":86}},"line":8}},"branchMap":{"0":{"loc":{"start":{"line":10,"column":2},"end":{"line":20,"column":3}},"type":"if","locations":[{"start":{"line":10,"column":2},"end":{"line":20,"column":3}},{"start":{},"end":{}}],"line":10},"1":{"loc":{"start":{"line":10,"column":6},"end":{"line":10,"column":31}},"type":"binary-expr","locations":[{"start":{"line":10,"column":6},"end":{"line":10,"column":22}},{"start":{"line":10,"column":26},"end":{"line":10,"column":31}}],"line":10},"2":{"loc":{"start":{"line":36,"column":13},"end":{"line":36,"column":58}},"type":"binary-expr","locations":[{"start":{"line":36,"column":13},"end":{"line":36,"column":51}},{"start":{"line":36,"column":55},"end":{"line":36,"column":58}}],"line":36}},"s":{"0":2,"1":0,"2":0,"3":0,"4":0,"5":0,"6":0,"7":0},"f":{"0":0,"1":0,"2":0},"b":{"0":[0,0],"1":[0,0],"2":[0,0]},"_coverageSchema":"1a1c01bbd47fc00a2c39e90264f33305004495a9","hash":"0ef38c0f46719518970567ff11e09b2248a17e63"}
,"/home/erdnando/proyectos/react/template-react/react-template/src/components/PermissionsManagement/PermissionsManagementMockup.tsx": {"path":"/home/erdnando/proyectos/react/template-react/react-template/src/components/PermissionsManagement/PermissionsManagementMockup.tsx","statementMap":{"0":{"start":{"line":8,"column":46},"end":{"line":397,"column":1}},"1":{"start":{"line":12,"column":18},"end":{"line":14,"column":8}},"2":{"start":{"line":12,"column":32},"end":{"line":14,"column":3}},"3":{"start":{"line":20,"column":30},"end":{"line":20,"column":69}},"4":{"start":{"line":22,"column":67},"end":{"line":26,"column":3}},"5":{"start":{"line":28,"column":46},"end":{"line":28,"column":61}},"6":{"start":{"line":29,"column":26},"end":{"line":29,"column":104}},"7":{"start":{"line":34,"column":19},"end":{"line":34,"column":53}},"8":{"start":{"line":37,"column":22},"end":{"line":43,"column":9}},"9":{"start":{"line":37,"column":37},"end":{"line":43,"column":3}},"10":{"start":{"line":45,"column":19},"end":{"line":45,"column":83}},"11":{"start":{"line":45,"column":33},"end":{"line":45,"column":67}},"12":{"start":{"line":48,"column":30},"end":{"line":48,"column":42}},"13":{"start":{"line":50,"column":60},"end":{"line":50,"column":140}},"14":{"start":{"line":51,"column":26},"end":{"line":54,"column":3}},"15":{"start":{"line":52,"column":10},"end":{"line":52,"column":77}},"16":{"start":{"line":52,"column":30},"end":{"line":52,"column":76}},"17":{"start":{"line":55,"column":29},"end":{"line":70,"column":3}},"18":{"start":{"line":56,"column":4},"end":{"line":69,"column":7}},"19":{"start":{"line":57,"column":6},"end":{"line":57,"column":30}},"20":{"start":{"line":58,"column":23},"end":{"line":58,"column":79}},"21":{"start":{"line":59,"column":6},"end":{"line":68,"column":9}},"22":{"start":{"line":71,"column":33},"end":{"line":85,"column":3}},"23":{"start":{"line":72,"column":4},"end":{"line":84,"column":7}},"24":{"start":{"line":73,"column":6},"end":{"line":73,"column":30}},"25":{"start":{"line":74,"column":6},"end":{"line":83,"column":9}},"26":{"start":{"line":91,"column":34},"end":{"line":91,"column":63}},"27":{"start":{"line":94,"column":21},"end":{"line":98,"column":3}},"28":{"start":{"line":95,"column":4},"end":{"line":95,"column":80}},"29":{"start":{"line":96,"column":4},"end":{"line":96,"column":29}},"30":{"start":{"line":97,"column":4},"end":{"line":97,"column":37}},"31":{"start":{"line":101,"column":38},"end":{"line":101,"column":50}},"32":{"start":{"line":104,"column":38},"end":{"line":104,"column":67}},"33":{"start":{"line":106,"column":30},"end":{"line":113,"column":41}},"34":{"start":{"line":107,"column":52},"end":{"line":107,"column":54}},"35":{"start":{"line":108,"column":4},"end":{"line":111,"column":7}},"36":{"start":{"line":109,"column":23},"end":{"line":109,"column":114}},"37":{"start":{"line":109,"column":63},"end":{"line":109,"column":113}},"38":{"start":{"line":110,"column":6},"end":{"line":110,"column":55}},"39":{"start":{"line":110,"column":31},"end":{"line":110,"column":55}},"40":{"start":{"line":112,"column":4},"end":{"line":112,"column":18}},"41":{"start":{"line":117,"column":2},"end":{"line":396,"column":4}},"42":{"start":{"line":138,"column":29},"end":{"line":138,"column":58}},"43":{"start":{"line":167,"column":53},"end":{"line":171,"column":21}},"44":{"start":{"line":172,"column":20},"end":{"line":192,"column":24}},"45":{"start":{"line":173,"column":22},"end":{"line":191,"column":33}},"46":{"start":{"line":185,"column":39},"end":{"line":185,"column":58}},"47":{"start":{"line":193,"column":20},"end":{"line":193,"column":33}},"48":{"start":{"line":204,"column":39},"end":{"line":204,"column":48}},"49":{"start":{"line":206,"column":22},"end":{"line":206,"column":235}},"50":{"start":{"line":208,"column":86},"end":{"line":208,"column":95}},"51":{"start":{"line":235,"column":33},"end":{"line":235,"column":58}},"52":{"start":{"line":265,"column":67},"end":{"line":265,"column":119}},"53":{"start":{"line":266,"column":72},"end":{"line":266,"column":124}},"54":{"start":{"line":266,"column":162},"end":{"line":266,"column":214}},"55":{"start":{"line":268,"column":44},"end":{"line":268,"column":60}},"56":{"start":{"line":269,"column":28},"end":{"line":276,"column":31}},"57":{"start":{"line":270,"column":30},"end":{"line":270,"column":54}},"58":{"start":{"line":271,"column":46},"end":{"line":271,"column":69}},"59":{"start":{"line":272,"column":30},"end":{"line":274,"column":33}},"60":{"start":{"line":273,"column":32},"end":{"line":273,"column":112}},"61":{"start":{"line":275,"column":30},"end":{"line":275,"column":72}},"62":{"start":{"line":291,"column":37},"end":{"line":291,"column":118}},"63":{"start":{"line":293,"column":24},"end":{"line":371,"column":26}},"64":{"start":{"line":308,"column":46},"end":{"line":308,"column":84}},"65":{"start":{"line":314,"column":51},"end":{"line":314,"column":85}},"66":{"start":{"line":315,"column":68},"end":{"line":315,"column":77}},"67":{"start":{"line":316,"column":32},"end":{"line":318,"column":33}},"68":{"start":{"line":317,"column":34},"end":{"line":317,"column":120}},"69":{"start":{"line":320,"column":51},"end":{"line":320,"column":124}},"70":{"start":{"line":321,"column":50},"end":{"line":321,"column":123}},"71":{"start":{"line":322,"column":32},"end":{"line":367,"column":34}},"72":{"start":{"line":338,"column":68},"end":{"line":338,"column":134}},"73":{"start":{"line":343,"column":56},"end":{"line":343,"column":122}},"74":{"start":{"line":391,"column":23},"end":{"line":391,"column":40}}},"fnMap":{"0":{"name":"(anonymous_0)","decl":{"start":{"line":8,"column":46},"end":{"line":8,"column":47}},"loc":{"start":{"line":8,"column":52},"end":{"line":397,"column":1}},"line":8},"1":{"name":"(anonymous_1)","decl":{"start":{"line":12,"column":26},"end":{"line":12,"column":27}},"loc":{"start":{"line":12,"column":32},"end":{"line":14,"column":3}},"line":12},"2":{"name":"(anonymous_2)","decl":{"start":{"line":37,"column":30},"end":{"line":37,"column":31}},"loc":{"start":{"line":37,"column":37},"end":{"line":43,"column":3}},"line":37},"3":{"name":"(anonymous_3)","decl":{"start":{"line":45,"column":27},"end":{"line":45,"column":28}},"loc":{"start":{"line":45,"column":33},"end":{"line":45,"column":67}},"line":45},"4":{"name":"(anonymous_4)","decl":{"start":{"line":52,"column":4},"end":{"line":52,"column":5}},"loc":{"start":{"line":52,"column":10},"end":{"line":52,"column":77}},"line":52},"5":{"name":"(anonymous_5)","decl":{"start":{"line":52,"column":25},"end":{"line":52,"column":26}},"loc":{"start":{"line":52,"column":30},"end":{"line":52,"column":76}},"line":52},"6":{"name":"(anonymous_6)","decl":{"start":{"line":55,"column":29},"end":{"line":55,"column":30}},"loc":{"start":{"line":55,"column":63},"end":{"line":70,"column":3}},"line":55},"7":{"name":"(anonymous_7)","decl":{"start":{"line":56,"column":29},"end":{"line":56,"column":30}},"loc":{"start":{"line":56,"column":37},"end":{"line":69,"column":5}},"line":56},"8":{"name":"(anonymous_8)","decl":{"start":{"line":71,"column":33},"end":{"line":71,"column":34}},"loc":{"start":{"line":71,"column":89},"end":{"line":85,"column":3}},"line":71},"9":{"name":"(anonymous_9)","decl":{"start":{"line":72,"column":29},"end":{"line":72,"column":30}},"loc":{"start":{"line":72,"column":37},"end":{"line":84,"column":5}},"line":72},"10":{"name":"(anonymous_10)","decl":{"start":{"line":94,"column":21},"end":{"line":94,"column":22}},"loc":{"start":{"line":94,"column":27},"end":{"line":98,"column":3}},"line":94},"11":{"name":"(anonymous_11)","decl":{"start":{"line":106,"column":38},"end":{"line":106,"column":39}},"loc":{"start":{"line":106,"column":44},"end":{"line":113,"column":3}},"line":106},"12":{"name":"(anonymous_12)","decl":{"start":{"line":108,"column":21},"end":{"line":108,"column":22}},"loc":{"start":{"line":108,"column":29},"end":{"line":111,"column":5}},"line":108},"13":{"name":"(anonymous_13)","decl":{"start":{"line":109,"column":48},"end":{"line":109,"column":49}},"loc":{"start":{"line":109,"column":63},"end":{"line":109,"column":113}},"line":109},"14":{"name":"(anonymous_14)","decl":{"start":{"line":138,"column":24},"end":{"line":138,"column":25}},"loc":{"start":{"line":138,"column":29},"end":{"line":138,"column":58}},"line":138},"15":{"name":"(anonymous_15)","decl":{"start":{"line":166,"column":23},"end":{"line":166,"column":24}},"loc":{"start":{"line":166,"column":42},"end":{"line":194,"column":19}},"line":166},"16":{"name":"(anonymous_16)","decl":{"start":{"line":172,"column":44},"end":{"line":172,"column":45}},"loc":{"start":{"line":173,"column":22},"end":{"line":191,"column":33}},"line":173},"17":{"name":"(anonymous_17)","decl":{"start":{"line":185,"column":33},"end":{"line":185,"column":34}},"loc":{"start":{"line":185,"column":39},"end":{"line":185,"column":58}},"line":185},"18":{"name":"(anonymous_18)","decl":{"start":{"line":204,"column":28},"end":{"line":204,"column":29}},"loc":{"start":{"line":204,"column":39},"end":{"line":204,"column":48}},"line":204},"19":{"name":"(anonymous_19)","decl":{"start":{"line":205,"column":25},"end":{"line":205,"column":26}},"loc":{"start":{"line":206,"column":22},"end":{"line":206,"column":235}},"line":206},"20":{"name":"(anonymous_20)","decl":{"start":{"line":208,"column":81},"end":{"line":208,"column":82}},"loc":{"start":{"line":208,"column":86},"end":{"line":208,"column":95}},"line":208},"21":{"name":"(anonymous_21)","decl":{"start":{"line":235,"column":28},"end":{"line":235,"column":29}},"loc":{"start":{"line":235,"column":33},"end":{"line":235,"column":58}},"line":235},"22":{"name":"(anonymous_22)","decl":{"start":{"line":265,"column":57},"end":{"line":265,"column":58}},"loc":{"start":{"line":265,"column":67},"end":{"line":265,"column":119}},"line":265},"23":{"name":"(anonymous_23)","decl":{"start":{"line":266,"column":62},"end":{"line":266,"column":63}},"loc":{"start":{"line":266,"column":72},"end":{"line":266,"column":124}},"line":266},"24":{"name":"(anonymous_24)","decl":{"start":{"line":266,"column":152},"end":{"line":266,"column":153}},"loc":{"start":{"line":266,"column":162},"end":{"line":266,"column":214}},"line":266},"25":{"name":"(anonymous_25)","decl":{"start":{"line":267,"column":36},"end":{"line":267,"column":37}},"loc":{"start":{"line":267,"column":41},"end":{"line":277,"column":27}},"line":267},"26":{"name":"(anonymous_26)","decl":{"start":{"line":269,"column":53},"end":{"line":269,"column":54}},"loc":{"start":{"line":269,"column":61},"end":{"line":276,"column":29}},"line":269},"27":{"name":"(anonymous_27)","decl":{"start":{"line":272,"column":54},"end":{"line":272,"column":55}},"loc":{"start":{"line":272,"column":64},"end":{"line":274,"column":31}},"line":272},"28":{"name":"(anonymous_28)","decl":{"start":{"line":290,"column":43},"end":{"line":290,"column":44}},"loc":{"start":{"line":290,"column":55},"end":{"line":372,"column":23}},"line":290},"29":{"name":"(anonymous_29)","decl":{"start":{"line":308,"column":40},"end":{"line":308,"column":41}},"loc":{"start":{"line":308,"column":46},"end":{"line":308,"column":84}},"line":308},"30":{"name":"(anonymous_30)","decl":{"start":{"line":313,"column":55},"end":{"line":313,"column":56}},"loc":{"start":{"line":313,"column":63},"end":{"line":368,"column":31}},"line":313},"31":{"name":"(anonymous_31)","decl":{"start":{"line":338,"column":62},"end":{"line":338,"column":63}},"loc":{"start":{"line":338,"column":68},"end":{"line":338,"column":134}},"line":338},"32":{"name":"(anonymous_32)","decl":{"start":{"line":343,"column":50},"end":{"line":343,"column":51}},"loc":{"start":{"line":343,"column":56},"end":{"line":343,"column":122}},"line":343},"33":{"name":"(anonymous_33)","decl":{"start":{"line":391,"column":17},"end":{"line":391,"column":18}},"loc":{"start":{"line":391,"column":23},"end":{"line":391,"column":40}},"line":391}},"branchMap":{"0":{"loc":{"start":{"line":65,"column":18},"end":{"line":65,"column":38}},"type":"binary-expr","locations":[{"start":{"line":65,"column":18},"end":{"line":65,"column":26}},{"start":{"line":65,"column":30},"end":{"line":65,"column":38}}],"line":65},"1":{"loc":{"start":{"line":79,"column":21},"end":{"line":79,"column":59}},"type":"binary-expr","locations":[{"start":{"line":79,"column":21},"end":{"line":79,"column":50}},{"start":{"line":79,"column":54},"end":{"line":79,"column":59}}],"line":79},"2":{"loc":{"start":{"line":110,"column":6},"end":{"line":110,"column":55}},"type":"if","locations":[{"start":{"line":110,"column":6},"end":{"line":110,"column":55}},{"start":{},"end":{}}],"line":110},"3":{"loc":{"start":{"line":118,"column":18},"end":{"line":118,"column":34}},"type":"cond-expr","locations":[{"start":{"line":118,"column":29},"end":{"line":118,"column":30}},{"start":{"line":118,"column":33},"end":{"line":118,"column":34}}],"line":118},"4":{"loc":{"start":{"line":119,"column":54},"end":{"line":119,"column":72}},"type":"cond-expr","locations":[{"start":{"line":119,"column":65},"end":{"line":119,"column":67}},{"start":{"line":119,"column":70},"end":{"line":119,"column":72}}],"line":119},"5":{"loc":{"start":{"line":159,"column":15},"end":{"line":196,"column":15}},"type":"cond-expr","locations":[{"start":{"line":160,"column":16},"end":{"line":162,"column":27}},{"start":{"line":165,"column":16},"end":{"line":195,"column":25}}],"line":159},"6":{"loc":{"start":{"line":177,"column":35},"end":{"line":177,"column":83}},"type":"cond-expr","locations":[{"start":{"line":177,"column":57},"end":{"line":177,"column":71}},{"start":{"line":177,"column":74},"end":{"line":177,"column":83}}],"line":177},"7":{"loc":{"start":{"line":178,"column":33},"end":{"line":178,"column":73}},"type":"cond-expr","locations":[{"start":{"line":178,"column":55},"end":{"line":178,"column":61}},{"start":{"line":178,"column":64},"end":{"line":178,"column":73}}],"line":178},"8":{"loc":{"start":{"line":179,"column":38},"end":{"line":179,"column":69}},"type":"cond-expr","locations":[{"start":{"line":179,"column":60},"end":{"line":179,"column":63}},{"start":{"line":179,"column":66},"end":{"line":179,"column":69}}],"line":179},"9":{"loc":{"start":{"line":182,"column":37},"end":{"line":182,"column":72}},"type":"cond-expr","locations":[{"start":{"line":182,"column":59},"end":{"line":182,"column":60}},{"start":{"line":182,"column":63},"end":{"line":182,"column":72}}],"line":182},"10":{"loc":{"start":{"line":189,"column":51},"end":{"line":189,"column":82}},"type":"cond-expr","locations":[{"start":{"line":189,"column":73},"end":{"line":189,"column":76}},{"start":{"line":189,"column":79},"end":{"line":189,"column":82}}],"line":189},"11":{"loc":{"start":{"line":189,"column":91},"end":{"line":189,"column":131}},"type":"cond-expr","locations":[{"start":{"line":189,"column":113},"end":{"line":189,"column":119}},{"start":{"line":189,"column":122},"end":{"line":189,"column":131}}],"line":189},"12":{"loc":{"start":{"line":199,"column":13},"end":{"line":213,"column":13}},"type":"binary-expr","locations":[{"start":{"line":199,"column":13},"end":{"line":199,"column":23}},{"start":{"line":200,"column":14},"end":{"line":212,"column":20}}],"line":199},"13":{"loc":{"start":{"line":203,"column":34},"end":{"line":203,"column":73}},"type":"binary-expr","locations":[{"start":{"line":203,"column":34},"end":{"line":203,"column":67}},{"start":{"line":203,"column":71},"end":{"line":203,"column":73}}],"line":203},"14":{"loc":{"start":{"line":206,"column":74},"end":{"line":206,"column":149}},"type":"cond-expr","locations":[{"start":{"line":206,"column":95},"end":{"line":206,"column":102}},{"start":{"line":206,"column":105},"end":{"line":206,"column":149}}],"line":206},"15":{"loc":{"start":{"line":206,"column":105},"end":{"line":206,"column":149}},"type":"cond-expr","locations":[{"start":{"line":206,"column":128},"end":{"line":206,"column":137}},{"start":{"line":206,"column":140},"end":{"line":206,"column":149}}],"line":206},"16":{"loc":{"start":{"line":208,"column":19},"end":{"line":210,"column":19}},"type":"binary-expr","locations":[{"start":{"line":208,"column":19},"end":{"line":208,"column":109}},{"start":{"line":209,"column":20},"end":{"line":209,"column":72}}],"line":208},"17":{"loc":{"start":{"line":208,"column":33},"end":{"line":208,"column":72}},"type":"binary-expr","locations":[{"start":{"line":208,"column":33},"end":{"line":208,"column":66}},{"start":{"line":208,"column":70},"end":{"line":208,"column":72}}],"line":208},"18":{"loc":{"start":{"line":224,"column":13},"end":{"line":377,"column":13}},"type":"cond-expr","locations":[{"start":{"line":225,"column":14},"end":{"line":227,"column":27}},{"start":{"line":229,"column":14},"end":{"line":376,"column":17}}],"line":224},"19":{"loc":{"start":{"line":256,"column":19},"end":{"line":374,"column":19}},"type":"cond-expr","locations":[{"start":{"line":257,"column":20},"end":{"line":259,"column":31}},{"start":{"line":261,"column":20},"end":{"line":373,"column":23}}],"line":256},"20":{"loc":{"start":{"line":266,"column":41},"end":{"line":266,"column":215}},"type":"binary-expr","locations":[{"start":{"line":266,"column":41},"end":{"line":266,"column":125}},{"start":{"line":266,"column":129},"end":{"line":266,"column":215}}],"line":266},"21":{"loc":{"start":{"line":273,"column":76},"end":{"line":273,"column":109}},"type":"binary-expr","locations":[{"start":{"line":273,"column":76},"end":{"line":273,"column":97}},{"start":{"line":273,"column":101},"end":{"line":273,"column":109}}],"line":273},"22":{"loc":{"start":{"line":291,"column":37},"end":{"line":291,"column":118}},"type":"binary-expr","locations":[{"start":{"line":291,"column":37},"end":{"line":291,"column":80}},{"start":{"line":291,"column":84},"end":{"line":291,"column":118}}],"line":291},"23":{"loc":{"start":{"line":300,"column":39},"end":{"line":300,"column":78}},"type":"cond-expr","locations":[{"start":{"line":300,"column":54},"end":{"line":300,"column":66}},{"start":{"line":300,"column":69},"end":{"line":300,"column":78}}],"line":300},"24":{"loc":{"start":{"line":301,"column":42},"end":{"line":301,"column":88}},"type":"cond-expr","locations":[{"start":{"line":301,"column":57},"end":{"line":301,"column":76}},{"start":{"line":301,"column":79},"end":{"line":301,"column":88}}],"line":301},"25":{"loc":{"start":{"line":309,"column":37},"end":{"line":309,"column":73}},"type":"cond-expr","locations":[{"start":{"line":309,"column":52},"end":{"line":309,"column":61}},{"start":{"line":309,"column":64},"end":{"line":309,"column":73}}],"line":309},"26":{"loc":{"start":{"line":314,"column":51},"end":{"line":314,"column":85}},"type":"binary-expr","locations":[{"start":{"line":314,"column":51},"end":{"line":314,"column":69}},{"start":{"line":314,"column":73},"end":{"line":314,"column":85}}],"line":314},"27":{"loc":{"start":{"line":316,"column":32},"end":{"line":318,"column":33}},"type":"if","locations":[{"start":{"line":316,"column":32},"end":{"line":318,"column":33}},{"start":{},"end":{}}],"line":316},"28":{"loc":{"start":{"line":317,"column":46},"end":{"line":317,"column":119}},"type":"cond-expr","locations":[{"start":{"line":317,"column":65},"end":{"line":317,"column":74}},{"start":{"line":317,"column":77},"end":{"line":317,"column":119}}],"line":317},"29":{"loc":{"start":{"line":317,"column":77},"end":{"line":317,"column":119}},"type":"cond-expr","locations":[{"start":{"line":317,"column":98},"end":{"line":317,"column":107}},{"start":{"line":317,"column":110},"end":{"line":317,"column":119}}],"line":317},"30":{"loc":{"start":{"line":320,"column":51},"end":{"line":320,"column":124}},"type":"cond-expr","locations":[{"start":{"line":320,"column":70},"end":{"line":320,"column":79}},{"start":{"line":320,"column":82},"end":{"line":320,"column":124}}],"line":320},"31":{"loc":{"start":{"line":320,"column":82},"end":{"line":320,"column":124}},"type":"cond-expr","locations":[{"start":{"line":320,"column":103},"end":{"line":320,"column":112}},{"start":{"line":320,"column":115},"end":{"line":320,"column":124}}],"line":320},"32":{"loc":{"start":{"line":321,"column":50},"end":{"line":321,"column":123}},"type":"cond-expr","locations":[{"start":{"line":321,"column":69},"end":{"line":321,"column":78}},{"start":{"line":321,"column":81},"end":{"line":321,"column":123}}],"line":321},"33":{"loc":{"start":{"line":321,"column":81},"end":{"line":321,"column":123}},"type":"cond-expr","locations":[{"start":{"line":321,"column":102},"end":{"line":321,"column":111}},{"start":{"line":321,"column":114},"end":{"line":321,"column":123}}],"line":321},"34":{"loc":{"start":{"line":323,"column":61},"end":{"line":323,"column":149}},"type":"cond-expr","locations":[{"start":{"line":323,"column":80},"end":{"line":323,"column":94}},{"start":{"line":323,"column":97},"end":{"line":323,"column":149}}],"line":323},"35":{"loc":{"start":{"line":323,"column":97},"end":{"line":323,"column":149}},"type":"cond-expr","locations":[{"start":{"line":323,"column":118},"end":{"line":323,"column":132}},{"start":{"line":323,"column":135},"end":{"line":323,"column":149}}],"line":323},"36":{"loc":{"start":{"line":331,"column":49},"end":{"line":331,"column":113}},"type":"cond-expr","locations":[{"start":{"line":331,"column":62},"end":{"line":331,"column":71}},{"start":{"line":331,"column":75},"end":{"line":331,"column":112}}],"line":331},"37":{"loc":{"start":{"line":331,"column":75},"end":{"line":331,"column":112}},"type":"cond-expr","locations":[{"start":{"line":331,"column":90},"end":{"line":331,"column":100}},{"start":{"line":331,"column":103},"end":{"line":331,"column":112}}],"line":331},"38":{"loc":{"start":{"line":332,"column":47},"end":{"line":332,"column":107}},"type":"cond-expr","locations":[{"start":{"line":332,"column":60},"end":{"line":332,"column":66}},{"start":{"line":332,"column":70},"end":{"line":332,"column":106}}],"line":332},"39":{"loc":{"start":{"line":332,"column":70},"end":{"line":332,"column":106}},"type":"cond-expr","locations":[{"start":{"line":332,"column":85},"end":{"line":332,"column":94}},{"start":{"line":332,"column":97},"end":{"line":332,"column":106}}],"line":332},"40":{"loc":{"start":{"line":333,"column":49},"end":{"line":333,"column":92}},"type":"cond-expr","locations":[{"start":{"line":333,"column":62},"end":{"line":333,"column":63}},{"start":{"line":333,"column":67},"end":{"line":333,"column":91}}],"line":333},"41":{"loc":{"start":{"line":333,"column":67},"end":{"line":333,"column":91}},"type":"cond-expr","locations":[{"start":{"line":333,"column":82},"end":{"line":333,"column":85}},{"start":{"line":333,"column":88},"end":{"line":333,"column":91}}],"line":333},"42":{"loc":{"start":{"line":334,"column":48},"end":{"line":334,"column":88}},"type":"cond-expr","locations":[{"start":{"line":334,"column":63},"end":{"line":334,"column":72}},{"start":{"line":334,"column":75},"end":{"line":334,"column":88}}],"line":334},"43":{"loc":{"start":{"line":338,"column":47},"end":{"line":338,"column":146}},"type":"cond-expr","locations":[{"start":{"line":338,"column":62},"end":{"line":338,"column":134}},{"start":{"line":338,"column":137},"end":{"line":338,"column":146}}],"line":338},"44":{"loc":{"start":{"line":348,"column":49},"end":{"line":348,"column":109}},"type":"cond-expr","locations":[{"start":{"line":348,"column":62},"end":{"line":348,"column":68}},{"start":{"line":348,"column":72},"end":{"line":348,"column":108}}],"line":348},"45":{"loc":{"start":{"line":348,"column":72},"end":{"line":348,"column":108}},"type":"cond-expr","locations":[{"start":{"line":348,"column":87},"end":{"line":348,"column":96}},{"start":{"line":348,"column":99},"end":{"line":348,"column":108}}],"line":348},"46":{"loc":{"start":{"line":350,"column":51},"end":{"line":350,"column":111}},"type":"cond-expr","locations":[{"start":{"line":350,"column":64},"end":{"line":350,"column":70}},{"start":{"line":350,"column":74},"end":{"line":350,"column":110}}],"line":350},"47":{"loc":{"start":{"line":350,"column":74},"end":{"line":350,"column":110}},"type":"cond-expr","locations":[{"start":{"line":350,"column":89},"end":{"line":350,"column":98}},{"start":{"line":350,"column":101},"end":{"line":350,"column":110}}],"line":350},"48":{"loc":{"start":{"line":358,"column":54},"end":{"line":358,"column":76}},"type":"cond-expr","locations":[{"start":{"line":358,"column":67},"end":{"line":358,"column":70}},{"start":{"line":358,"column":73},"end":{"line":358,"column":76}}],"line":358},"49":{"loc":{"start":{"line":359,"column":49},"end":{"line":359,"column":109}},"type":"cond-expr","locations":[{"start":{"line":359,"column":62},"end":{"line":359,"column":68}},{"start":{"line":359,"column":72},"end":{"line":359,"column":108}}],"line":359},"50":{"loc":{"start":{"line":359,"column":72},"end":{"line":359,"column":108}},"type":"cond-expr","locations":[{"start":{"line":359,"column":87},"end":{"line":359,"column":96}},{"start":{"line":359,"column":99},"end":{"line":359,"column":108}}],"line":359}},"s":{"0":0,"1":0,"2":0,"3":0,"4":0,"5":0,"6":0,"7":0,"8":0,"9":0,"10":0,"11":0,"12":0,"13":0,"14":0,"15":0,"16":0,"17":0,"18":0,"19":0,"20":0,"21":0,"22":0,"23":0,"24":0,"25":0,"26":0,"27":0,"28":0,"29":0,"30":0,"31":0,"32":0,"33":0,"34":0,"35":0,"36":0,"37":0,"38":0,"39":0,"40":0,"41":0,"42":0,"43":0,"44":0,"45":0,"46":0,"47":0,"48":0,"49":0,"50":0,"51":0,"52":0,"53":0,"54":0,"55":0,"56":0,"57":0,"58":0,"59":0,"60":0,"61":0,"62":0,"63":0,"64":0,"65":0,"66":0,"67":0,"68":0,"69":0,"70":0,"71":0,"72":0,"73":0,"74":0},"f":{"0":0,"1":0,"2":0,"3":0,"4":0,"5":0,"6":0,"7":0,"8":0,"9":0,"10":0,"11":0,"12":0,"13":0,"14":0,"15":0,"16":0,"17":0,"18":0,"19":0,"20":0,"21":0,"22":0,"23":0,"24":0,"25":0,"26":0,"27":0,"28":0,"29":0,"30":0,"31":0,"32":0,"33":0},"b":{"0":[0,0],"1":[0,0],"2":[0,0],"3":[0,0],"4":[0,0],"5":[0,0],"6":[0,0],"7":[0,0],"8":[0,0],"9":[0,0],"10":[0,0],"11":[0,0],"12":[0,0],"13":[0,0],"14":[0,0],"15":[0,0],"16":[0,0],"17":[0,0],"18":[0,0],"19":[0,0],"20":[0,0],"21":[0,0],"22":[0,0],"23":[0,0],"24":[0,0],"25":[0,0],"26":[0,0],"27":[0,0],"28":[0,0],"29":[0,0],"30":[0,0],"31":[0,0],"32":[0,0],"33":[0,0],"34":[0,0],"35":[0,0],"36":[0,0],"37":[0,0],"38":[0,0],"39":[0,0],"40":[0,0],"41":[0,0],"42":[0,0],"43":[0,0],"44":[0,0],"45":[0,0],"46":[0,0],"47":[0,0],"48":[0,0],"49":[0,0],"50":[0,0]}}
,"/home/erdnando/proyectos/react/template-react/react-template/src/components/UserManagement/UserManagement.tsx": {"path":"/home/erdnando/proyectos/react/template-react/react-template/src/components/UserManagement/UserManagement.tsx","statementMap":{"0":{"start":{"line":55,"column":54},"end":{"line":561,"column":1}},"1":{"start":{"line":61,"column":38},"end":{"line":61,"column":50}},"2":{"start":{"line":62,"column":38},"end":{"line":62,"column":53}},"3":{"start":{"line":63,"column":42},"end":{"line":63,"column":69}},"4":{"start":{"line":64,"column":26},"end":{"line":71,"column":4}},"5":{"start":{"line":72,"column":30},"end":{"line":72,"column":45}},"6":{"start":{"line":73,"column":32},"end":{"line":73,"column":45}},"7":{"start":{"line":74,"column":36},"end":{"line":74,"column":82}},"8":{"start":{"line":74,"column":70},"end":{"line":74,"column":81}},"9":{"start":{"line":76,"column":2},"end":{"line":78,"column":17}},"10":{"start":{"line":77,"column":4},"end":{"line":77,"column":27}},"11":{"start":{"line":80,"column":24},"end":{"line":83,"column":3}},"12":{"start":{"line":81,"column":4},"end":{"line":82,"column":63}},"13":{"start":{"line":85,"column":21},"end":{"line":98,"column":3}},"14":{"start":{"line":86,"column":4},"end":{"line":86,"column":26}},"15":{"start":{"line":87,"column":22},"end":{"line":87,"column":42}},"16":{"start":{"line":88,"column":4},"end":{"line":95,"column":7}},"17":{"start":{"line":96,"column":4},"end":{"line":96,"column":20}},"18":{"start":{"line":97,"column":4},"end":{"line":97,"column":24}},"19":{"start":{"line":100,"column":23},"end":{"line":102,"column":3}},"20":{"start":{"line":101,"column":4},"end":{"line":101,"column":45}},"21":{"start":{"line":104,"column":28},"end":{"line":109,"column":3}},"22":{"start":{"line":105,"column":4},"end":{"line":105,"column":25}},"23":{"start":{"line":106,"column":4},"end":{"line":106,"column":26}},"24":{"start":{"line":107,"column":4},"end":{"line":107,"column":102}},"25":{"start":{"line":108,"column":4},"end":{"line":108,"column":21}},"26":{"start":{"line":111,"column":27},"end":{"line":114,"column":3}},"27":{"start":{"line":112,"column":28},"end":{"line":112,"column":36}},"28":{"start":{"line":113,"column":4},"end":{"line":113,"column":62}},"29":{"start":{"line":113,"column":23},"end":{"line":113,"column":59}},"30":{"start":{"line":116,"column":33},"end":{"line":119,"column":3}},"31":{"start":{"line":117,"column":28},"end":{"line":117,"column":36}},"32":{"start":{"line":118,"column":4},"end":{"line":118,"column":62}},"33":{"start":{"line":118,"column":23},"end":{"line":118,"column":59}},"34":{"start":{"line":121,"column":23},"end":{"line":147,"column":3}},"35":{"start":{"line":122,"column":4},"end":{"line":122,"column":23}},"36":{"start":{"line":123,"column":4},"end":{"line":145,"column":5}},"37":{"start":{"line":124,"column":6},"end":{"line":134,"column":10}},"38":{"start":{"line":136,"column":6},"end":{"line":144,"column":10}},"39":{"start":{"line":146,"column":4},"end":{"line":146,"column":24}},"40":{"start":{"line":149,"column":20},"end":{"line":154,"column":3}},"41":{"start":{"line":151,"column":30},"end":{"line":151,"column":51}},"42":{"start":{"line":152,"column":30},"end":{"line":152,"column":48}},"43":{"start":{"line":153,"column":36},"end":{"line":153,"column":93}},"44":{"start":{"line":156,"column":23},"end":{"line":169,"column":3}},"45":{"start":{"line":157,"column":4},"end":{"line":168,"column":5}},"46":{"start":{"line":160,"column":8},"end":{"line":160,"column":23}},"47":{"start":{"line":163,"column":8},"end":{"line":163,"column":25}},"48":{"start":{"line":165,"column":8},"end":{"line":165,"column":25}},"49":{"start":{"line":167,"column":8},"end":{"line":167,"column":25}},"50":{"start":{"line":171,"column":25},"end":{"line":173,"column":3}},"51":{"start":{"line":172,"column":4},"end":{"line":172,"column":53}},"52":{"start":{"line":175,"column":2},"end":{"line":181,"column":3}},"53":{"start":{"line":176,"column":4},"end":{"line":180,"column":6}},"54":{"start":{"line":183,"column":2},"end":{"line":189,"column":3}},"55":{"start":{"line":184,"column":4},"end":{"line":188,"column":6}},"56":{"start":{"line":192,"column":4},"end":{"line":528,"column":7}},"57":{"start":{"line":272,"column":29},"end":{"line":272,"column":58}},"58":{"start":{"line":288,"column":27},"end":{"line":288,"column":46}},"59":{"start":{"line":313,"column":16},"end":{"line":358,"column":27}},"60":{"start":{"line":344,"column":37},"end":{"line":344,"column":53}},"61":{"start":{"line":351,"column":37},"end":{"line":351,"column":55}},"62":{"start":{"line":368,"column":10},"end":{"line":417,"column":17}},"63":{"start":{"line":401,"column":35},"end":{"line":401,"column":51}},"64":{"start":{"line":408,"column":35},"end":{"line":408,"column":53}},"65":{"start":{"line":426,"column":25},"end":{"line":426,"column":44}},"66":{"start":{"line":532,"column":2},"end":{"line":557,"column":3}},"67":{"start":{"line":533,"column":4},"end":{"line":556,"column":6}},"68":{"start":{"line":560,"column":2},"end":{"line":560,"column":60}}},"fnMap":{"0":{"name":"(anonymous_0)","decl":{"start":{"line":55,"column":54},"end":{"line":55,"column":55}},"loc":{"start":{"line":60,"column":6},"end":{"line":561,"column":1}},"line":60},"1":{"name":"(anonymous_1)","decl":{"start":{"line":74,"column":48},"end":{"line":74,"column":49}},"loc":{"start":{"line":74,"column":70},"end":{"line":74,"column":81}},"line":74},"2":{"name":"(anonymous_2)","decl":{"start":{"line":76,"column":12},"end":{"line":76,"column":13}},"loc":{"start":{"line":76,"column":18},"end":{"line":78,"column":3}},"line":76},"3":{"name":"(anonymous_3)","decl":{"start":{"line":80,"column":37},"end":{"line":80,"column":38}},"loc":{"start":{"line":81,"column":4},"end":{"line":82,"column":63}},"line":81},"4":{"name":"(anonymous_4)","decl":{"start":{"line":85,"column":21},"end":{"line":85,"column":22}},"loc":{"start":{"line":85,"column":37},"end":{"line":98,"column":3}},"line":85},"5":{"name":"(anonymous_5)","decl":{"start":{"line":100,"column":23},"end":{"line":100,"column":24}},"loc":{"start":{"line":100,"column":45},"end":{"line":102,"column":3}},"line":100},"6":{"name":"(anonymous_6)","decl":{"start":{"line":104,"column":28},"end":{"line":104,"column":29}},"loc":{"start":{"line":104,"column":34},"end":{"line":109,"column":3}},"line":104},"7":{"name":"(anonymous_7)","decl":{"start":{"line":111,"column":27},"end":{"line":111,"column":28}},"loc":{"start":{"line":111,"column":107},"end":{"line":114,"column":3}},"line":111},"8":{"name":"(anonymous_8)","decl":{"start":{"line":113,"column":12},"end":{"line":113,"column":13}},"loc":{"start":{"line":113,"column":23},"end":{"line":113,"column":59}},"line":113},"9":{"name":"(anonymous_9)","decl":{"start":{"line":116,"column":33},"end":{"line":116,"column":34}},"loc":{"start":{"line":116,"column":122},"end":{"line":119,"column":3}},"line":116},"10":{"name":"(anonymous_10)","decl":{"start":{"line":118,"column":12},"end":{"line":118,"column":13}},"loc":{"start":{"line":118,"column":23},"end":{"line":118,"column":59}},"line":118},"11":{"name":"(anonymous_11)","decl":{"start":{"line":121,"column":23},"end":{"line":121,"column":24}},"loc":{"start":{"line":121,"column":53},"end":{"line":147,"column":3}},"line":121},"12":{"name":"(anonymous_12)","decl":{"start":{"line":151,"column":25},"end":{"line":151,"column":26}},"loc":{"start":{"line":151,"column":30},"end":{"line":151,"column":51}},"line":151},"13":{"name":"(anonymous_13)","decl":{"start":{"line":152,"column":25},"end":{"line":152,"column":26}},"loc":{"start":{"line":152,"column":30},"end":{"line":152,"column":48}},"line":152},"14":{"name":"(anonymous_14)","decl":{"start":{"line":153,"column":31},"end":{"line":153,"column":32}},"loc":{"start":{"line":153,"column":36},"end":{"line":153,"column":93}},"line":153},"15":{"name":"(anonymous_15)","decl":{"start":{"line":156,"column":23},"end":{"line":156,"column":24}},"loc":{"start":{"line":156,"column":88},"end":{"line":169,"column":3}},"line":156},"16":{"name":"(anonymous_16)","decl":{"start":{"line":171,"column":25},"end":{"line":171,"column":26}},"loc":{"start":{"line":171,"column":66},"end":{"line":173,"column":3}},"line":171},"17":{"name":"(anonymous_17)","decl":{"start":{"line":272,"column":22},"end":{"line":272,"column":23}},"loc":{"start":{"line":272,"column":29},"end":{"line":272,"column":58}},"line":272},"18":{"name":"(anonymous_18)","decl":{"start":{"line":288,"column":21},"end":{"line":288,"column":22}},"loc":{"start":{"line":288,"column":27},"end":{"line":288,"column":46}},"line":288},"19":{"name":"(anonymous_19)","decl":{"start":{"line":312,"column":33},"end":{"line":312,"column":34}},"loc":{"start":{"line":313,"column":16},"end":{"line":358,"column":27}},"line":313},"20":{"name":"(anonymous_20)","decl":{"start":{"line":344,"column":31},"end":{"line":344,"column":32}},"loc":{"start":{"line":344,"column":37},"end":{"line":344,"column":53}},"line":344},"21":{"name":"(anonymous_21)","decl":{"start":{"line":351,"column":31},"end":{"line":351,"column":32}},"loc":{"start":{"line":351,"column":37},"end":{"line":351,"column":55}},"line":351},"22":{"name":"(anonymous_22)","decl":{"start":{"line":367,"column":27},"end":{"line":367,"column":28}},"loc":{"start":{"line":368,"column":10},"end":{"line":417,"column":17}},"line":368},"23":{"name":"(anonymous_23)","decl":{"start":{"line":401,"column":29},"end":{"line":401,"column":30}},"loc":{"start":{"line":401,"column":35},"end":{"line":401,"column":51}},"line":401},"24":{"name":"(anonymous_24)","decl":{"start":{"line":408,"column":29},"end":{"line":408,"column":30}},"loc":{"start":{"line":408,"column":35},"end":{"line":408,"column":53}},"line":408},"25":{"name":"(anonymous_25)","decl":{"start":{"line":426,"column":19},"end":{"line":426,"column":20}},"loc":{"start":{"line":426,"column":25},"end":{"line":426,"column":44}},"line":426}},"branchMap":{"0":{"loc":{"start":{"line":56,"column":2},"end":{"line":56,"column":17}},"type":"default-arg","locations":[{"start":{"line":56,"column":12},"end":{"line":56,"column":17}}],"line":56},"1":{"loc":{"start":{"line":58,"column":2},"end":{"line":58,"column":18}},"type":"default-arg","locations":[{"start":{"line":58,"column":14},"end":{"line":58,"column":18}}],"line":58},"2":{"loc":{"start":{"line":59,"column":2},"end":{"line":59,"column":27}},"type":"default-arg","locations":[{"start":{"line":59,"column":10},"end":{"line":59,"column":27}}],"line":59},"3":{"loc":{"start":{"line":81,"column":4},"end":{"line":82,"column":63}},"type":"binary-expr","locations":[{"start":{"line":81,"column":4},"end":{"line":81,"column":62}},{"start":{"line":82,"column":4},"end":{"line":82,"column":63}}],"line":81},"4":{"loc":{"start":{"line":89,"column":17},"end":{"line":89,"column":35}},"type":"binary-expr","locations":[{"start":{"line":89,"column":17},"end":{"line":89,"column":29}},{"start":{"line":89,"column":33},"end":{"line":89,"column":35}}],"line":89},"5":{"loc":{"start":{"line":90,"column":16},"end":{"line":90,"column":50}},"type":"binary-expr","locations":[{"start":{"line":90,"column":16},"end":{"line":90,"column":44}},{"start":{"line":90,"column":48},"end":{"line":90,"column":50}}],"line":90},"6":{"loc":{"start":{"line":123,"column":4},"end":{"line":145,"column":5}},"type":"if","locations":[{"start":{"line":123,"column":4},"end":{"line":145,"column":5}},{"start":{"line":135,"column":11},"end":{"line":145,"column":5}}],"line":123},"7":{"loc":{"start":{"line":123,"column":8},"end":{"line":123,"column":30}},"type":"binary-expr","locations":[{"start":{"line":123,"column":8},"end":{"line":123,"column":14}},{"start":{"line":123,"column":18},"end":{"line":123,"column":30}}],"line":123},"8":{"loc":{"start":{"line":131,"column":18},"end":{"line":131,"column":84}},"type":"cond-expr","locations":[{"start":{"line":131,"column":45},"end":{"line":131,"column":62}},{"start":{"line":131,"column":65},"end":{"line":131,"column":84}}],"line":131},"9":{"loc":{"start":{"line":142,"column":16},"end":{"line":142,"column":82}},"type":"cond-expr","locations":[{"start":{"line":142,"column":43},"end":{"line":142,"column":60}},{"start":{"line":142,"column":63},"end":{"line":142,"column":82}}],"line":142},"10":{"loc":{"start":{"line":157,"column":4},"end":{"line":168,"column":5}},"type":"switch","locations":[{"start":{"line":158,"column":6},"end":{"line":158,"column":19}},{"start":{"line":159,"column":6},"end":{"line":160,"column":23}},{"start":{"line":161,"column":6},"end":{"line":161,"column":21}},{"start":{"line":162,"column":6},"end":{"line":163,"column":25}},{"start":{"line":164,"column":6},"end":{"line":165,"column":25}},{"start":{"line":166,"column":6},"end":{"line":167,"column":25}}],"line":157},"11":{"loc":{"start":{"line":172,"column":11},"end":{"line":172,"column":52}},"type":"cond-expr","locations":[{"start":{"line":172,"column":33},"end":{"line":172,"column":42}},{"start":{"line":172,"column":45},"end":{"line":172,"column":52}}],"line":172},"12":{"loc":{"start":{"line":175,"column":2},"end":{"line":181,"column":3}},"type":"if","locations":[{"start":{"line":175,"column":2},"end":{"line":181,"column":3}},{"start":{},"end":{}}],"line":175},"13":{"loc":{"start":{"line":183,"column":2},"end":{"line":189,"column":3}},"type":"if","locations":[{"start":{"line":183,"column":2},"end":{"line":189,"column":3}},{"start":{},"end":{}}],"line":183},"14":{"loc":{"start":{"line":204,"column":7},"end":{"line":258,"column":7}},"type":"binary-expr","locations":[{"start":{"line":204,"column":7},"end":{"line":204,"column":16}},{"start":{"line":205,"column":8},"end":{"line":257,"column":14}}],"line":204},"15":{"loc":{"start":{"line":334,"column":29},"end":{"line":334,"column":77}},"type":"cond-expr","locations":[{"start":{"line":334,"column":56},"end":{"line":334,"column":64}},{"start":{"line":334,"column":67},"end":{"line":334,"column":77}}],"line":334},"16":{"loc":{"start":{"line":389,"column":29},"end":{"line":389,"column":77}},"type":"cond-expr","locations":[{"start":{"line":389,"column":56},"end":{"line":389,"column":64}},{"start":{"line":389,"column":67},"end":{"line":389,"column":77}}],"line":389},"17":{"loc":{"start":{"line":422,"column":7},"end":{"line":436,"column":7}},"type":"binary-expr","locations":[{"start":{"line":422,"column":7},"end":{"line":422,"column":15}},{"start":{"line":423,"column":8},"end":{"line":435,"column":14}}],"line":422},"18":{"loc":{"start":{"line":450,"column":11},"end":{"line":450,"column":54}},"type":"cond-expr","locations":[{"start":{"line":450,"column":26},"end":{"line":450,"column":37}},{"start":{"line":450,"column":40},"end":{"line":450,"column":54}}],"line":450},"19":{"loc":{"start":{"line":482,"column":13},"end":{"line":493,"column":13}},"type":"binary-expr","locations":[{"start":{"line":482,"column":13},"end":{"line":482,"column":20}},{"start":{"line":483,"column":14},"end":{"line":492,"column":16}}],"line":482},"20":{"loc":{"start":{"line":524,"column":13},"end":{"line":524,"column":47}},"type":"cond-expr","locations":[{"start":{"line":524,"column":28},"end":{"line":524,"column":36}},{"start":{"line":524,"column":39},"end":{"line":524,"column":47}}],"line":524},"21":{"loc":{"start":{"line":532,"column":2},"end":{"line":557,"column":3}},"type":"if","locations":[{"start":{"line":532,"column":2},"end":{"line":557,"column":3}},{"start":{},"end":{}}],"line":532},"22":{"loc":{"start":{"line":532,"column":6},"end":{"line":532,"column":24}},"type":"binary-expr","locations":[{"start":{"line":532,"column":6},"end":{"line":532,"column":13}},{"start":{"line":532,"column":17},"end":{"line":532,"column":24}}],"line":532}},"s":{"0":3,"1":6,"2":6,"3":6,"4":6,"5":6,"6":6,"7":6,"8":12,"9":6,"10":2,"11":6,"12":0,"13":6,"14":0,"15":0,"16":0,"17":0,"18":0,"19":6,"20":0,"21":6,"22":0,"23":0,"24":0,"25":0,"26":6,"27":0,"28":0,"29":0,"30":6,"31":0,"32":0,"33":0,"34":6,"35":0,"36":0,"37":0,"38":0,"39":0,"40":6,"41":0,"42":0,"43":0,"44":6,"45":0,"46":0,"47":0,"48":0,"49":0,"50":6,"51":0,"52":6,"53":2,"54":4,"55":3,"56":1,"57":0,"58":0,"59":0,"60":0,"61":0,"62":0,"63":0,"64":0,"65":0,"66":1,"67":0,"68":1},"f":{"0":6,"1":12,"2":2,"3":0,"4":0,"5":0,"6":0,"7":0,"8":0,"9":0,"10":0,"11":0,"12":0,"13":0,"14":0,"15":0,"16":0,"17":0,"18":0,"19":0,"20":0,"21":0,"22":0,"23":0,"24":0,"25":0},"b":{"0":[6],"1":[0],"2":[0],"3":[0,0],"4":[0,0],"5":[0,0],"6":[0,0],"7":[0,0],"8":[0,0],"9":[0,0],"10":[0,0,0,0,0,0],"11":[0,0],"12":[2,4],"13":[3,1],"14":[1,1],"15":[0,0],"16":[0,0],"17":[1,1],"18":[0,1],"19":[1,1],"20":[0,1],"21":[0,1],"22":[1,0]},"_coverageSchema":"1a1c01bbd47fc00a2c39e90264f33305004495a9","hash":"9de67fd3315680e43a8042bc8b2171d2a012dc69"}
,"/home/erdnando/proyectos/react/template-react/react-template/src/components/UserManagement/index.ts": {"path":"/home/erdnando/proyectos/react/template-react/react-template/src/components/UserManagement/index.ts","statementMap":{},"fnMap":{},"branchMap":{},"s":{},"f":{},"b":{}}
,"/home/erdnando/proyectos/react/template-react/react-template/src/components/common/index.ts": {"path":"/home/erdnando/proyectos/react/template-react/react-template/src/components/common/index.ts","statementMap":{},"fnMap":{},"branchMap":{},"s":{},"f":{},"b":{},"_coverageSchema":"1a1c01bbd47fc00a2c39e90264f33305004495a9","hash":"cdfeb4b279435b8005f490fd8fa5bd8e6d79c84f"}
,"/home/erdnando/proyectos/react/template-react/react-template/src/components/common/AppLayout/AppLayout.tsx": {"path":"/home/erdnando/proyectos/react/template-react/react-template/src/components/common/AppLayout/AppLayout.tsx","statementMap":{"0":{"start":{"line":10,"column":35},"end":{"line":26,"column":1}},"1":{"start":{"line":11,"column":2},"end":{"line":25,"column":4}}},"fnMap":{"0":{"name":"(anonymous_0)","decl":{"start":{"line":10,"column":35},"end":{"line":10,"column":36}},"loc":{"start":{"line":10,"column":41},"end":{"line":26,"column":1}},"line":10}},"branchMap":{},"s":{"0":1,"1":0},"f":{"0":0},"b":{},"_coverageSchema":"1a1c01bbd47fc00a2c39e90264f33305004495a9","hash":"2a0d1827d794f787adae70f0801ccda6856b9358"}
,"/home/erdnando/proyectos/react/template-react/react-template/src/components/common/AppLayout/index.ts": {"path":"/home/erdnando/proyectos/react/template-react/react-template/src/components/common/AppLayout/index.ts","statementMap":{},"fnMap":{},"branchMap":{},"s":{},"f":{},"b":{}}
,"/home/erdnando/proyectos/react/template-react/react-template/src/components/common/AuthGuard/AuthGuard.tsx": {"path":"/home/erdnando/proyectos/react/template-react/react-template/src/components/common/AuthGuard/AuthGuard.tsx","statementMap":{"0":{"start":{"line":12,"column":51},"end":{"line":61,"column":1}},"1":{"start":{"line":13,"column":19},"end":{"line":13,"column":32}},"2":{"start":{"line":14,"column":36},"end":{"line":14,"column":81}},"3":{"start":{"line":14,"column":70},"end":{"line":14,"column":80}},"4":{"start":{"line":17,"column":2},"end":{"line":37,"column":40}},"5":{"start":{"line":18,"column":24},"end":{"line":18,"column":52}},"6":{"start":{"line":19,"column":39},"end":{"line":19,"column":68}},"7":{"start":{"line":21,"column":4},"end":{"line":36,"column":5}},"8":{"start":{"line":23,"column":19},"end":{"line":27,"column":7}},"9":{"start":{"line":30,"column":6},"end":{"line":35,"column":7}},"10":{"start":{"line":34,"column":8},"end":{"line":34,"column":36}},"11":{"start":{"line":40,"column":2},"end":{"line":58,"column":17}},"12":{"start":{"line":41,"column":32},"end":{"line":54,"column":5}},"13":{"start":{"line":42,"column":26},"end":{"line":42,"column":54}},"14":{"start":{"line":43,"column":41},"end":{"line":43,"column":70}},"15":{"start":{"line":45,"column":6},"end":{"line":53,"column":7}},"16":{"start":{"line":47,"column":21},"end":{"line":51,"column":9}},"17":{"start":{"line":52,"column":8},"end":{"line":52,"column":36}},"18":{"start":{"line":56,"column":4},"end":{"line":56,"column":60}},"19":{"start":{"line":57,"column":4},"end":{"line":57,"column":76}},"20":{"start":{"line":57,"column":17},"end":{"line":57,"column":75}},"21":{"start":{"line":60,"column":2},"end":{"line":60,"column":61}}},"fnMap":{"0":{"name":"(anonymous_0)","decl":{"start":{"line":12,"column":51},"end":{"line":12,"column":52}},"loc":{"start":{"line":12,"column":79},"end":{"line":61,"column":1}},"line":12},"1":{"name":"(anonymous_1)","decl":{"start":{"line":14,"column":48},"end":{"line":14,"column":49}},"loc":{"start":{"line":14,"column":70},"end":{"line":14,"column":80}},"line":14},"2":{"name":"(anonymous_2)","decl":{"start":{"line":17,"column":12},"end":{"line":17,"column":13}},"loc":{"start":{"line":17,"column":18},"end":{"line":37,"column":3}},"line":17},"3":{"name":"(anonymous_3)","decl":{"start":{"line":40,"column":12},"end":{"line":40,"column":13}},"loc":{"start":{"line":40,"column":18},"end":{"line":58,"column":3}},"line":40},"4":{"name":"(anonymous_4)","decl":{"start":{"line":41,"column":32},"end":{"line":41,"column":33}},"loc":{"start":{"line":41,"column":38},"end":{"line":54,"column":5}},"line":41},"5":{"name":"(anonymous_5)","decl":{"start":{"line":57,"column":11},"end":{"line":57,"column":12}},"loc":{"start":{"line":57,"column":17},"end":{"line":57,"column":75}},"line":57}},"branchMap":{"0":{"loc":{"start":{"line":21,"column":4},"end":{"line":36,"column":5}},"type":"if","locations":[{"start":{"line":21,"column":4},"end":{"line":36,"column":5}},{"start":{},"end":{}}],"line":21},"1":{"loc":{"start":{"line":21,"column":8},"end":{"line":21,"column":49}},"type":"binary-expr","locations":[{"start":{"line":21,"column":8},"end":{"line":21,"column":19}},{"start":{"line":21,"column":23},"end":{"line":21,"column":49}}],"line":21},"2":{"loc":{"start":{"line":25,"column":18},"end":{"line":25,"column":114}},"type":"binary-expr","locations":[{"start":{"line":25,"column":18},"end":{"line":25,"column":87}},{"start":{"line":25,"column":91},"end":{"line":25,"column":108}},{"start":{"line":25,"column":112},"end":{"line":25,"column":114}}],"line":25},"3":{"loc":{"start":{"line":25,"column":21},"end":{"line":25,"column":48}},"type":"binary-expr","locations":[{"start":{"line":25,"column":21},"end":{"line":25,"column":42}},{"start":{"line":25,"column":46},"end":{"line":25,"column":48}}],"line":25},"4":{"loc":{"start":{"line":25,"column":52},"end":{"line":25,"column":78}},"type":"binary-expr","locations":[{"start":{"line":25,"column":52},"end":{"line":25,"column":72}},{"start":{"line":25,"column":76},"end":{"line":25,"column":78}}],"line":25},"5":{"loc":{"start":{"line":26,"column":15},"end":{"line":26,"column":38}},"type":"binary-expr","locations":[{"start":{"line":26,"column":15},"end":{"line":26,"column":32}},{"start":{"line":26,"column":36},"end":{"line":26,"column":38}}],"line":26},"6":{"loc":{"start":{"line":30,"column":6},"end":{"line":35,"column":7}},"type":"if","locations":[{"start":{"line":30,"column":6},"end":{"line":35,"column":7}},{"start":{},"end":{}}],"line":30},"7":{"loc":{"start":{"line":30,"column":10},"end":{"line":33,"column":50}},"type":"binary-expr","locations":[{"start":{"line":30,"column":10},"end":{"line":30,"column":15}},{"start":{"line":31,"column":10},"end":{"line":31,"column":47}},{"start":{"line":32,"column":10},"end":{"line":32,"column":126}},{"start":{"line":33,"column":10},"end":{"line":33,"column":50}}],"line":30},"8":{"loc":{"start":{"line":32,"column":29},"end":{"line":32,"column":125}},"type":"binary-expr","locations":[{"start":{"line":32,"column":29},"end":{"line":32,"column":98}},{"start":{"line":32,"column":102},"end":{"line":32,"column":119}},{"start":{"line":32,"column":123},"end":{"line":32,"column":125}}],"line":32},"9":{"loc":{"start":{"line":32,"column":32},"end":{"line":32,"column":59}},"type":"binary-expr","locations":[{"start":{"line":32,"column":32},"end":{"line":32,"column":53}},{"start":{"line":32,"column":57},"end":{"line":32,"column":59}}],"line":32},"10":{"loc":{"start":{"line":32,"column":63},"end":{"line":32,"column":89}},"type":"binary-expr","locations":[{"start":{"line":32,"column":63},"end":{"line":32,"column":83}},{"start":{"line":32,"column":87},"end":{"line":32,"column":89}}],"line":32},"11":{"loc":{"start":{"line":33,"column":26},"end":{"line":33,"column":49}},"type":"binary-expr","locations":[{"start":{"line":33,"column":26},"end":{"line":33,"column":43}},{"start":{"line":33,"column":47},"end":{"line":33,"column":49}}],"line":33},"12":{"loc":{"start":{"line":45,"column":6},"end":{"line":53,"column":7}},"type":"if","locations":[{"start":{"line":45,"column":6},"end":{"line":53,"column":7}},{"start":{},"end":{}}],"line":45},"13":{"loc":{"start":{"line":45,"column":10},"end":{"line":45,"column":51}},"type":"binary-expr","locations":[{"start":{"line":45,"column":10},"end":{"line":45,"column":21}},{"start":{"line":45,"column":25},"end":{"line":45,"column":51}}],"line":45},"14":{"loc":{"start":{"line":49,"column":20},"end":{"line":49,"column":116}},"type":"binary-expr","locations":[{"start":{"line":49,"column":20},"end":{"line":49,"column":89}},{"start":{"line":49,"column":93},"end":{"line":49,"column":110}},{"start":{"line":49,"column":114},"end":{"line":49,"column":116}}],"line":49},"15":{"loc":{"start":{"line":49,"column":23},"end":{"line":49,"column":50}},"type":"binary-expr","locations":[{"start":{"line":49,"column":23},"end":{"line":49,"column":44}},{"start":{"line":49,"column":48},"end":{"line":49,"column":50}}],"line":49},"16":{"loc":{"start":{"line":49,"column":54},"end":{"line":49,"column":80}},"type":"binary-expr","locations":[{"start":{"line":49,"column":54},"end":{"line":49,"column":74}},{"start":{"line":49,"column":78},"end":{"line":49,"column":80}}],"line":49},"17":{"loc":{"start":{"line":50,"column":17},"end":{"line":50,"column":40}},"type":"binary-expr","locations":[{"start":{"line":50,"column":17},"end":{"line":50,"column":34}},{"start":{"line":50,"column":38},"end":{"line":50,"column":40}}],"line":50},"18":{"loc":{"start":{"line":60,"column":9},"end":{"line":60,"column":60}},"type":"cond-expr","locations":[{"start":{"line":60,"column":27},"end":{"line":60,"column":42}},{"start":{"line":60,"column":45},"end":{"line":60,"column":60}}],"line":60}},"s":{"0":1,"1":1,"2":1,"3":2,"4":1,"5":1,"6":1,"7":1,"8":0,"9":0,"10":0,"11":1,"12":1,"13":0,"14":0,"15":0,"16":0,"17":0,"18":1,"19":1,"20":1,"21":1},"f":{"0":1,"1":2,"2":1,"3":1,"4":0,"5":1},"b":{"0":[0,1],"1":[1,0],"2":[0,0,0],"3":[0,0],"4":[0,0],"5":[0,0],"6":[0,0],"7":[0,0,0,0],"8":[0,0,0],"9":[0,0],"10":[0,0],"11":[0,0],"12":[0,0],"13":[0,0],"14":[0,0,0],"15":[0,0],"16":[0,0],"17":[0,0],"18":[0,1]},"_coverageSchema":"1a1c01bbd47fc00a2c39e90264f33305004495a9","hash":"983b9403f9e77d7ad983423312e4ab583a860ef4"}
,"/home/erdnando/proyectos/react/template-react/react-template/src/components/common/AuthGuard/index.ts": {"path":"/home/erdnando/proyectos/react/template-react/react-template/src/components/common/AuthGuard/index.ts","statementMap":{},"fnMap":{},"branchMap":{},"s":{},"f":{},"b":{}}
,"/home/erdnando/proyectos/react/template-react/react-template/src/components/common/AuthLayout/AuthLayout.tsx": {"path":"/home/erdnando/proyectos/react/template-react/react-template/src/components/common/AuthLayout/AuthLayout.tsx","statementMap":{"0":{"start":{"line":8,"column":53},"end":{"line":38,"column":1}},"1":{"start":{"line":9,"column":2},"end":{"line":37,"column":4}}},"fnMap":{"0":{"name":"(anonymous_0)","decl":{"start":{"line":8,"column":53},"end":{"line":8,"column":54}},"loc":{"start":{"line":8,"column":71},"end":{"line":38,"column":1}},"line":8}},"branchMap":{},"s":{"0":1,"1":1},"f":{"0":1},"b":{},"_coverageSchema":"1a1c01bbd47fc00a2c39e90264f33305004495a9","hash":"89c62e87d6a1a840faf78f94aaeb542032036cda"}
,"/home/erdnando/proyectos/react/template-react/react-template/src/components/common/AuthLayout/index.ts": {"path":"/home/erdnando/proyectos/react/template-react/react-template/src/components/common/AuthLayout/index.ts","statementMap":{},"fnMap":{},"branchMap":{},"s":{},"f":{},"b":{}}
,"/home/erdnando/proyectos/react/template-react/react-template/src/components/common/Layout/Layout.tsx": {"path":"/home/erdnando/proyectos/react/template-react/react-template/src/components/common/Layout/Layout.tsx","statementMap":{"0":{"start":{"line":38,"column":20},"end":{"line":38,"column":23}},"1":{"start":{"line":39,"column":29},"end":{"line":39,"column":31}},"2":{"start":{"line":45,"column":38},"end":{"line":583,"column":1}},"3":{"start":{"line":46,"column":38},"end":{"line":46,"column":53}},"4":{"start":{"line":47,"column":40},"end":{"line":47,"column":55}},"5":{"start":{"line":48,"column":34},"end":{"line":48,"column":68}},"6":{"start":{"line":49,"column":46},"end":{"line":49,"column":80}},"7":{"start":{"line":51,"column":16},"end":{"line":51,"column":26}},"8":{"start":{"line":52,"column":19},"end":{"line":52,"column":32}},"9":{"start":{"line":53,"column":19},"end":{"line":53,"column":32}},"10":{"start":{"line":54,"column":21},"end":{"line":54,"column":30}},"11":{"start":{"line":55,"column":15},"end":{"line":55,"column":65}},"12":{"start":{"line":55,"column":49},"end":{"line":55,"column":64}},"13":{"start":{"line":57,"column":29},"end":{"line":57,"column":77}},"14":{"start":{"line":59,"column":20},"end":{"line":85,"column":3}},"15":{"start":{"line":87,"column":29},"end":{"line":89,"column":3}},"16":{"start":{"line":88,"column":4},"end":{"line":88,"column":31}},"17":{"start":{"line":91,"column":31},"end":{"line":93,"column":3}},"18":{"start":{"line":92,"column":4},"end":{"line":92,"column":33}},"19":{"start":{"line":95,"column":28},"end":{"line":97,"column":3}},"20":{"start":{"line":96,"column":4},"end":{"line":96,"column":37}},"21":{"start":{"line":99,"column":29},"end":{"line":101,"column":3}},"22":{"start":{"line":100,"column":4},"end":{"line":100,"column":22}},"23":{"start":{"line":103,"column":31},"end":{"line":105,"column":3}},"24":{"start":{"line":104,"column":4},"end":{"line":104,"column":43}},"25":{"start":{"line":107,"column":32},"end":{"line":109,"column":3}},"26":{"start":{"line":108,"column":4},"end":{"line":108,"column":28}},"27":{"start":{"line":111,"column":23},"end":{"line":114,"column":3}},"28":{"start":{"line":112,"column":4},"end":{"line":112,"column":13}},"29":{"start":{"line":113,"column":4},"end":{"line":113,"column":25}},"30":{"start":{"line":116,"column":29},"end":{"line":119,"column":3}},"31":{"start":{"line":117,"column":4},"end":{"line":117,"column":19}},"32":{"start":{"line":118,"column":4},"end":{"line":118,"column":28}},"33":{"start":{"line":121,"column":27},"end":{"line":124,"column":3}},"34":{"start":{"line":122,"column":24},"end":{"line":122,"column":79}},"35":{"start":{"line":122,"column":47},"end":{"line":122,"column":78}},"36":{"start":{"line":123,"column":4},"end":{"line":123,"column":39}},"37":{"start":{"line":127,"column":4},"end":{"line":203,"column":10}},"38":{"start":{"line":131,"column":10},"end":{"line":179,"column":21}},"39":{"start":{"line":206,"column":2},"end":{"line":582,"column":4}},"40":{"start":{"line":220,"column":29},"end":{"line":220,"column":52}},"41":{"start":{"line":319,"column":58},"end":{"line":319,"column":59}},"42":{"start":{"line":320,"column":37},"end":{"line":320,"column":82}},"43":{"start":{"line":320,"column":80},"end":{"line":320,"column":81}},"44":{"start":{"line":321,"column":27},"end":{"line":321,"column":75}},"45":{"start":{"line":322,"column":31},"end":{"line":322,"column":64}},"46":{"start":{"line":325,"column":16},"end":{"line":408,"column":17}},"47":{"start":{"line":325,"column":53},"end":{"line":325,"column":84}},"48":{"start":{"line":326,"column":18},"end":{"line":407,"column":20}},"49":{"start":{"line":378,"column":26},"end":{"line":403,"column":37}},"50":{"start":{"line":380,"column":43},"end":{"line":380,"column":72}},"51":{"start":{"line":411,"column":16},"end":{"line":429,"column":18}},"52":{"start":{"line":516,"column":29},"end":{"line":516,"column":52}}},"fnMap":{"0":{"name":"(anonymous_0)","decl":{"start":{"line":45,"column":38},"end":{"line":45,"column":39}},"loc":{"start":{"line":45,"column":56},"end":{"line":583,"column":1}},"line":45},"1":{"name":"(anonymous_1)","decl":{"start":{"line":55,"column":27},"end":{"line":55,"column":28}},"loc":{"start":{"line":55,"column":49},"end":{"line":55,"column":64}},"line":55},"2":{"name":"(anonymous_2)","decl":{"start":{"line":87,"column":29},"end":{"line":87,"column":30}},"loc":{"start":{"line":87,"column":35},"end":{"line":89,"column":3}},"line":87},"3":{"name":"(anonymous_3)","decl":{"start":{"line":91,"column":31},"end":{"line":91,"column":32}},"loc":{"start":{"line":91,"column":37},"end":{"line":93,"column":3}},"line":91},"4":{"name":"(anonymous_4)","decl":{"start":{"line":95,"column":28},"end":{"line":95,"column":29}},"loc":{"start":{"line":95,"column":70},"end":{"line":97,"column":3}},"line":95},"5":{"name":"(anonymous_5)","decl":{"start":{"line":99,"column":29},"end":{"line":99,"column":30}},"loc":{"start":{"line":99,"column":35},"end":{"line":101,"column":3}},"line":99},"6":{"name":"(anonymous_6)","decl":{"start":{"line":103,"column":31},"end":{"line":103,"column":32}},"loc":{"start":{"line":103,"column":73},"end":{"line":105,"column":3}},"line":103},"7":{"name":"(anonymous_7)","decl":{"start":{"line":107,"column":32},"end":{"line":107,"column":33}},"loc":{"start":{"line":107,"column":38},"end":{"line":109,"column":3}},"line":107},"8":{"name":"(anonymous_8)","decl":{"start":{"line":111,"column":23},"end":{"line":111,"column":24}},"loc":{"start":{"line":111,"column":29},"end":{"line":114,"column":3}},"line":111},"9":{"name":"(anonymous_9)","decl":{"start":{"line":116,"column
[...]
{"line":39,"column":30},"end":{"line":39,"column":43}}],"line":39},"8":{"loc":{"start":{"line":41,"column":15},"end":{"line":41,"column":43}},"type":"binary-expr","locations":[{"start":{"line":41,"column":15},"end":{"line":41,"column":30}},{"start":{"line":41,"column":34},"end":{"line":41,"column":43}}],"line":41},"9":{"loc":{"start":{"line":47,"column":12},"end":{"line":47,"column":36}},"type":"binary-expr","locations":[{"start":{"line":47,"column":12},"end":{"line":47,"column":30}},{"start":{"line":47,"column":34},"end":{"line":47,"column":36}}],"line":47},"10":{"loc":{"start":{"line":49,"column":36},"end":{"line":49,"column":84}},"type":"binary-expr","locations":[{"start":{"line":49,"column":36},"end":{"line":49,"column":58}},{"start":{"line":49,"column":62},"end":{"line":49,"column":84}}],"line":49},"11":{"loc":{"start":{"line":58,"column":36},"end":{"line":58,"column":83}},"type":"binary-expr","locations":[{"start":{"line":58,"column":36},"end":{"line":58,"column":58}},{"start":{"line":58,"column":62},"end":{"line":58,"column":83}}],"line":58},"12":{"loc":{"start":{"line":67,"column":36},"end":{"line":67,"column":83}},"type":"binary-expr","locations":[{"start":{"line":67,"column":36},"end":{"line":67,"column":58}},{"start":{"line":67,"column":62},"end":{"line":67,"column":83}}],"line":67},"13":{"loc":{"start":{"line":76,"column":36},"end":{"line":76,"column":83}},"type":"binary-expr","locations":[{"start":{"line":76,"column":36},"end":{"line":76,"column":58}},{"start":{"line":76,"column":62},"end":{"line":76,"column":83}}],"line":76},"14":{"loc":{"start":{"line":103,"column":8},"end":{"line":103,"column":58}},"type":"if","locations":[{"start":{"line":103,"column":8},"end":{"line":103,"column":58}},{"start":{},"end":{}}],"line":103}},"s":{"0":8,"1":8,"2":0,"3":8,"4":2,"5":2,"6":0,"7":2,"8":8,"9":0,"10":0,"11":0,"12":0,"13":8,"14":0,"15":0,"16":0,"17":0,"18":8,"19":0,"20":0,"21":0,"22":0,"23":8,"24":7,"25":2,"26":2,"27":0,"28":0,"29":2,"30":2,"31":0,"32":0,"33":0,"34":0,"35":0,"36":0,"37":0},"f":{"0":0,"1":2,"2":0,"3":0,"4":0,"5":7,"6":2,"7":0,"8":2,"9":0,"10":0,"11":0,"12":0,"13":0},"b":{"0":[0,0],"1":[0,0],"2":[0,0],"3":[0,0],"4":[0,0],"5":[0,0],"6":[0,0],"7":[0,0],"8":[0,0],"9":[0,0],"10":[2,0],"11":[0,0],"12":[0,0],"13":[0,0],"14":[0,0]},"_coverageSchema":"1a1c01bbd47fc00a2c39e90264f33305004495a9","hash":"7ddc89cca6520eee6735cd9241ff6b1615169d8f"}
,"/home/erdnando/proyectos/react/template-react/react-template/src/types/api.ts": {"path":"/home/erdnando/proyectos/react/template-react/react-template/src/types/api.ts","statementMap":{},"fnMap":{},"branchMap":{},"s":{},"f":{},"b":{}}
,"/home/erdnando/proyectos/react/template-react/react-template/src/types/auth.ts": {"path":"/home/erdnando/proyectos/react/template-react/react-template/src/types/auth.ts","statementMap":{},"fnMap":{},"branchMap":{},"s":{},"f":{},"b":{}}
,"/home/erdnando/proyectos/react/template-react/react-template/src/types/index.ts": {"path":"/home/erdnando/proyectos/react/template-react/react-template/src/types/index.ts","statementMap":{},"fnMap":{},"branchMap":{},"s":{},"f":{},"b":{}}
,"/home/erdnando/proyectos/react/template-react/react-template/src/types/user.ts": {"path":"/home/erdnando/proyectos/react/template-react/react-template/src/types/user.ts","statementMap":{},"fnMap":{},"branchMap":{},"s":{},"f":{},"b":{}}
,"/home/erdnando/proyectos/react/template-react/react-template/src/utils/apiTestHelpers.ts": {"path":"/home/erdnando/proyectos/react/template-react/react-template/src/utils/apiTestHelpers.ts","statementMap":{"0":{"start":{"line":28,"column":0},"end":{"line":216,"column":2}},"1":{"start":{"line":31,"column":4},"end":{"line":31,"column":43}},"2":{"start":{"line":32,"column":4},"end":{"line":39,"column":5}},"3":{"start":{"line":33,"column":21},"end":{"line":33,"column":46}},"4":{"start":{"line":34,"column":6},"end":{"line":34,"column":40}},"5":{"start":{"line":35,"column":6},"end":{"line":35,"column":20}},"6":{"start":{"line":37,"column":6},"end":{"line":37,"column":39}},"7":{"start":{"line":38,"column":6},"end":{"line":38,"column":18}},"8":{"start":{"line":43,"column":4},"end":{"line":43,"column":50}},"9":{"start":{"line":44,"column":4},"end":{"line":51,"column":5}},"10":{"start":{"line":45,"column":21},"end":{"line":45,"column":51}},"11":{"start":{"line":46,"column":6},"end":{"line":46,"column":40}},"12":{"start":{"line":47,"column":6},"end":{"line":47,"column":20}},"13":{"start":{"line":49,"column":6},"end":{"line":49,"column":39}},"14":{"start":{"line":50,"column":6},"end":{"line":50,"column":18}},"15":{"start":{"line":56,"column":4},"end":{"line":56,"column":36}},"16":{"start":{"line":57,"column":4},"end":{"line":64,"column":5}},"17":{"start":{"line":58,"column":21},"end":{"line":58,"column":53}},"18":{"start":{"line":59,"column":6},"end":{"line":59,"column":49}},"19":{"start":{"line":60,"column":6},"end":{"line":60,"column":20}},"20":{"start":{"line":62,"column":6},"end":{"line":62,"column":46}},"21":{"start":{"line":63,"column":6},"end":{"line":63,"column":18}},"22":{"start":{"line":69,"column":4},"end":{"line":69,"column":51}},"23":{"start":{"line":70,"column":4},"end":{"line":77,"column":5}},"24":{"start":{"line":71,"column":21},"end":{"line":71,"column":49}},"25":{"start":{"line":72,"column":6},"end":{"line":72,"column":46}},"26":{"start":{"line":73,"column":6},"end":{"line":73,"column":20}},"27":{"start":{"line":75,"column":6},"end":{"line":75,"column":54}},"28":{"start":{"line":76,"column":6},"end":{"line":76,"column":18}},"29":{"start":{"line":81,"column":39},"end":{"line":89,"column":5}},"30":{"start":{"line":90,"column":17},"end":{"line":90,"column":40}},"31":{"start":{"line":92,"column":4},"end":{"line":92,"column":59}},"32":{"start":{"line":93,"column":4},"end":{"line":100,"column":5}},"33":{"start":{"line":94,"column":21},"end":{"line":94,"column":55}},"34":{"start":{"line":95,"column":6},"end":{"line":95,"column":45}},"35":{"start":{"line":96,"column":6},"end":{"line":96,"column":20}},"36":{"start":{"line":98,"column":6},"end":{"line":98,"column":53}},"37":{"start":{"line":99,"column":6},"end":{"line":99,"column":18}},"38":{"start":{"line":105,"column":4},"end":{"line":105,"column":51}},"39":{"start":{"line":106,"column":4},"end":{"line":113,"column":5}},"40":{"start":{"line":107,"column":21},"end":{"line":107,"column":49}},"41":{"start":{"line":108,"column":6},"end":{"line":108,"column":46}},"42":{"start":{"line":109,"column":6},"end":{"line":109,"column":20}},"43":{"start":{"line":111,"column":6},"end":{"line":111,"column":54}},"44":{"start":{"line":112,"column":6},"end":{"line":112,"column":18}},"45":{"start":{"line":117,"column":39},"end":{"line":122,"column":5}},"46":{"start":{"line":123,"column":17},"end":{"line":123,"column":40}},"47":{"start":{"line":125,"column":4},"end":{"line":125,"column":59}},"48":{"start":{"line":126,"column":4},"end":{"line":133,"column":5}},"49":{"start":{"line":127,"column":21},"end":{"line":127,"column":55}},"50":{"start":{"line":128,"column":6},"end":{"line":128,"column":45}},"51":{"start":{"line":129,"column":6},"end":{"line":129,"column":20}},"52":{"start":{"line":131,"column":6},"end":{"line":131,"column":53}},"53":{"start":{"line":132,"column":6},"end":{"line":132,"column":18}},"54":{"start":{"line":138,"column":4},"end":{"line":138,"column":57}},"55":{"start":{"line":139,"column":4},"end":{"line":146,"column":5}},"56":{"start":{"line":140,"column":21},"end":{"line":140,"column":55}},"57":{"start":{"line":141,"column":6},"end":{"line":141,"column":49}},"58":{"start":{"line":142,"column":6},"end":{"line":142,"column":20}},"59":{"start":{"line":144,"column":6},"end":{"line":144,"column":57}},"60":{"start":{"line":145,"column":6},"end":{"line":145,"column":18}},"61":{"start":{"line":150,"column":45},"end":{"line":158,"column":5}},"62":{"start":{"line":159,"column":20},"end":{"line":159,"column":49}},"63":{"start":{"line":161,"column":4},"end":{"line":161,"column":68}},"64":{"start":{"line":162,"column":4},"end":{"line":169,"column":5}},"65":{"start":{"line":163,"column":21},"end":{"line":163,"column":64}},"66":{"start":{"line":164,"column":6},"end":{"line":164,"column":48}},"67":{"start":{"line":165,"column":6},"end":{"line":165,"column":20}},"68":{"start":{"line":167,"column":6},"end":{"line":167,"column":56}},"69":{"start":{"line":168,"column":6},"end":{"line":168,"column":18}},"70":{"start":{"line":174,"column":4},"end":{"line":174,"column":47}},"71":{"start":{"line":176,"column":18},"end":{"line":184,"column":5}},"72":{"start":{"line":177,"column":12},"end":{"line":177,"column":28}},"73":{"start":{"line":178,"column":12},"end":{"line":178,"column":31}},"74":{"start":{"line":179,"column":12},"end":{"line":179,"column":31}},"75":{"start":{"line":180,"column":12},"end":{"line":180,"column":34}},"76":{"start":{"line":181,"column":12},"end":{"line":181,"column":33}},"77":{"start":{"line":182,"column":12},"end":{"line":182,"column":33}},"78":{"start":{"line":183,"column":12},"end":{"line":183,"column":36}},"79":{"start":{"line":186,"column":20},"end":{"line":186,"column":22}},"80":{"start":{"line":188,"column":4},"end":{"line":196,"column":5}},"81":{"start":{"line":189,"column":6},"end":{"line":195,"column":7}},"82":{"start":{"line":190,"column":8},"end":{"line":190,"column":63}},"83":{"start":{"line":190,"column":37},"end":{"line":190,"column":61}},"84":{"start":{"line":191,"column":23},"end":{"line":191,"column":35}},"85":{"start":{"line":192,"column":8},"end":{"line":192,"column":52}},"86":{"start":{"line":194,"column":8},"end":{"line":194,"column":49}},"87":{"start":{"line":198,"column":4},"end":{"line":198,"column":45}},"88":{"start":{"line":199,"column":4},"end":{"line":199,"column":19}},"89":{"start":{"line":204,"column":18},"end":{"line":204,"column":47}},"90":{"start":{"line":205,"column":17},"end":{"line":205,"column":45}},"91":{"start":{"line":206,"column":4},"end":{"line":206,"column":41}},"92":{"start":{"line":207,"column":4},"end":{"line":207,"column":65}},"93":{"start":{"line":212,"column":4},"end":{"line":212,"column":37}},"94":{"start":{"line":213,"column":4},"end":{"line":213,"column":36}},"95":{"start":{"line":214,"column":4},"end":{"line":214,"column":37}},"96":{"start":{"line":218,"column":0},"end":{"line":218,"column":74}},"97":{"start":{"line":219,"column":0},"end":{"line":219,"column":30}},"98":{"start":{"line":220,"column":0},"end":{"line":220,"column":45}},"99":{"start":{"line":221,"column":0},"end":{"line":221,"column":48}},"100":{"start":{"line":222,"column":0},"end":{"line":222,"column":47}},"101":{"start":{"line":223,"column":0},"end":{"line":223,"column":46}}},"fnMap":{"0":{"name":"(anonymous_0)","decl":{"start":{"line":30,"column":2},"end":{"line":30,"column":3}},"loc":{"start":{"line":30,"column":37},"end":{"line":40,"column":3}},"line":30},"1":{"name":"(anonymous_1)","decl":{"start":{"line":42,"column":2},"end":{"line":42,"column":3}},"loc":{"start":{"line":42,"column":53},"end":{"line":52,"column":3}},"line":42},"2":{"name":"(anonymous_2)","decl":{"start":{"line":55,"column":2},"end":{"line":55,"column":3}},"loc":{"start":{"line":55,"column":56},"end":{"line":65,"column":3}},"line":55},"3":{"name":"(anonymous_3)","decl":{"start":{"line":68,"column":2},"end":{"line":68,"column":3}},"loc":{"start":{"line":68,"column":23},"end":{"line":78,"column":3}},"line":68},"4":{"name":"(anonymous_4)","decl":{"start":{"line":80,"column":2},"end":{"line":80,"column":3}},"loc":{"start":{"line":80,"column":49},"end":{"line":101,"column":3}},"line":80},"5":{"name":"(anonymous_5)","decl":{"start":{"line":104,"column":2},"end":{"line":104,"column":3}},"loc":{"start":{"line":104,"column":23},"end":{"line":114,"column":3}},"line":104},"6":{"name":"(anonymous_6)","decl":{"start":{"line":116,"column":2},"end":{"line":116,"column":3}},"loc":{"start":{"line":116,"column":49},"end":{"line":134,"column":3}},"line":116},"7":{"name":"(anonymous_7)","decl":{"start":{"line":137,"column":2},"end":{"line":137,"column":3}},"loc":{"start":{"line":137,"column":26},"end":{"line":147,"column":3}},"line":137},"8":{"name":"(anonymous_8)","decl":{"start":{"line":149,"column":2},"end":{"line":149,"column":3}},"loc":{"start":{"line":149,"column":58},"end":{"line":170,"column":3}},"line":149},"9":{"name":"(anonymous_9)","decl":{"start":{"line":173,"column":2},"end":{"line":173,"column":3}},"loc":{"start":{"line":173,"column":22},"end":{"line":200,"column":3}},"line":173},"10":{"name":"(anonymous_10)","decl":{"start":{"line":177,"column":6},"end":{"line":177,"column":7}},"loc":{"start":{"line":177,"column":12},"end":{"line":177,"column":28}},"line":177},"11":{"name":"(anonymous_11)","decl":{"start":{"line":178,"column":6},"end":{"line":178,"column":7}},"loc":{"start":{"line":178,"column":12},"end":{"line":178,"column":31}},"line":178},"12":{"name":"(anonymous_12)","decl":{"start":{"line":179,"column":6},"end":{"line":179,"column":7}},"loc":{"start":{"line":179,"column":12},"end":{"line":179,"column":31}},"line":179},"13":{"name":"(anonymous_13)","decl":{"start":{"line":180,"column":6},"end":{"line":180,"column":7}},"loc":{"start":{"line":180,"column":12},"end":{"line":180,"column":34}},"line":180},"14":{"name":"(anonymous_14)","decl":{"start":{"line":181,"column":6},"end":{"line":181,"column":7}},"loc":{"start":{"line":181,"column":12},"end":{"line":181,"column":33}},"line":181},"15":{"name":"(anonymous_15)","decl":{"start":{"line":182,"column":6},"end":{"line":182,"column":7}},"loc":{"start":{"line":182,"column":12},"end":{"line":182,"column":33}},"line":182},"16":{"name":"(anonymous_16)","decl":{"start":{"line":183,"column":6},"end":{"line":183,"column":7}},"loc":{"start":{"line":183,"column":12},"end":{"line":183,"column":36}},"line":183},"17":{"name":"(anonymous_17)","decl":{"start":{"line":190,"column":26},"end":{"line":190,"column":27}},"loc":{"start":{"line":190,"column":37},"end":{"line":190,"column":61}},"line":190},"18":{"name":"(anonymous_18)","decl":{"start":{"line":203,"column":2},"end":{"line":203,"column":3}},"loc":{"start":{"line":203,"column":15},"end":{"line":208,"column":3}},"line":203},"19":{"name":"(anonymous_19)","decl":{"start":{"line":211,"column":2},"end":{"line":211,"column":3}},"loc":{"start":{"line":211,"column":14},"end":{"line":215,"column":3}},"line":211}},"branchMap":{"0":{"loc":{"start":{"line":55,"column":18},"end":{"line":55,"column":32}},"type":"default-arg","locations":[{"start":{"line":55,"column":26},"end":{"line":55,"column":32}}],"line":55},"1":{"loc":{"start":{"line":55,"column":34},"end":{"line":55,"column":54}},"type":"default-arg","locations":[{"start":{"line":55,"column":45},"end":{"line":55,"column":54}}],"line":55},"2":{"loc":{"start":{"line":90,"column":17},"end":{"line":90,"column":40}},"type":"binary-expr","locations":[{"start":{"line":90,"column":17},"end":{"line":90,"column":25}},{"start":{"line":90,"column":29},"end":{"line":90,"column":40}}],"line":90},"3":{"loc":{"start":{"line":123,"column":17},"end":{"line":123,"column":40}},"type":"binary-expr","locations":[{"start":{"line":123,"column":17},"end":{"line":123,"column":25}},{"start":{"line":123,"column":29},"end":{"line":123,"column":40}}],"line":123},"4":{"loc":{"start":{"line":159,"column":20},"end":{"line":159,"column":49}},"type":"binary-expr","locations":[{"start":{"line":159,"column":20},"end":{"line":159,"column":31}},{"start":{"line":159,"column":35},"end":{"line":159,"column":49}}],"line":159},"5":{"loc":{"start":{"line":207,"column":33},"end":{"line":207,"column":63}},"type":"cond-expr","locations":[{"start":{"line":207,"column":40},"end":{"line":207,"column":56}},{"start":{"line":207,"column":59},"end":{"line":207,"column":63}}],"line":207}},"s":{"0":0,"1":0,"2":0,"3":0,"4":0,"5":0,"6":0,"7":0,"8":0,"9":0,"10":0,"11":0,"12":0,"13":0,"14":0,"15":0,"16":0,"17":0,"18":0,"19":0,"20":0,"21":0,"22":0,"23":0,"24":0,"25":0,"26":0,"27":0,"28":0,"29":0,"30":0,"31":0,"32":0,"33":0,"34":0,"35":0,"36":0,"37":0,"38":0,"39":0,"40":0,"41":0,"42":0,"43":0,"44":0,"45":0,"46":0,"47":0,"48":0,"49":0,"50":0,"51":0,"52":0,"53":0,"54":0,"55":0,"56":0,"57":0,"58":0,"59":0,"60":0,"61":0,"62":0,"63":0,"64":0,"65":0,"66":0,"67":0,"68":0,"69":0,"70":0,"71":0,"72":0,"73":0,"74":0,"75":0,"76":0,"77":0,"78":0,"79":0,"80":0,"81":0,"82":0,"83":0,"84":0,"85":0,"86":0,"87":0,"88":0,"89":0,"90":0,"91":0,"92":0,"93":0,"94":0,"95":0,"96":0,"97":0,"98":0,"99":0,"100":0,"101":0},"f":{"0":0,"1":0,"2":0,"3":0,"4":0,"5":0,"6":0,"7":0,"8":0,"9":0,"10":0,"11":0,"12":0,"13":0,"14":0,"15":0,"16":0,"17":0,"18":0,"19":0},"b":{"0":[0],"1":[0],"2":[0,0],"3":[0,0],"4":[0,0],"5":[0,0]}}
,"/home/erdnando/proyectos/react/template-react/react-template/src/utils/constants.ts": {"path":"/home/erdnando/proyectos/react/template-react/react-template/src/utils/constants.ts","statementMap":{"0":{"start":{"line":1,"column":23},"end":{"line":1,"column":48}},"1":{"start":{"line":2,"column":23},"end":{"line":2,"column":27}},"2":{"start":{"line":3,"column":27},"end":{"line":3,"column":28}},"3":{"start":{"line":5,"column":26},"end":{"line":5,"column":33}},"4":{"start":{"line":6,"column":25},"end":{"line":6,"column":31}},"5":{"start":{"line":8,"column":29},"end":{"line":8,"column":37}},"6":{"start":{"line":9,"column":31},"end":{"line":9,"column":41}}},"fnMap":{},"branchMap":{},"s":{"0":0,"1":0,"2":0,"3":0,"4":0,"5":0,"6":0},"f":{},"b":{}}
,"/home/erdnando/proyectos/react/template-react/react-template/src/utils/helpers.ts": {"path":"/home/erdnando/proyectos/react/template-react/react-template/src/utils/helpers.ts","statementMap":{"0":{"start":{"line":3,"column":26},"end":{"line":5,"column":1}},"1":{"start":{"line":4,"column":4},"end":{"line":4,"column":44}},"2":{"start":{"line":7,"column":37},"end":{"line":9,"column":1}},"3":{"start":{"line":8,"column":4},"end":{"line":8,"column":60}},"4":{"start":{"line":11,"column":24},"end":{"line":21,"column":1}},"5":{"start":{"line":13,"column":4},"end":{"line":20,"column":6}},"6":{"start":{"line":14,"column":8},"end":{"line":16,"column":9}},"7":{"start":{"line":15,"column":12},"end":{"line":15,"column":36}},"8":{"start":{"line":17,"column":8},"end":{"line":19,"column":18}},"9":{"start":{"line":18,"column":12},"end":{"line":18,"column":26}},"10":{"start":{"line":23,"column":29},"end":{"line":25,"column":1}},"11":{"start":{"line":24,"column":4},"end":{"line":24,"column":41}}},"fnMap":{"0":{"name":"(anonymous_0)","decl":{"start":{"line":3,"column":26},"end":{"line":3,"column":27}},"loc":{"start":{"line":3,"column":50},"end":{"line":5,"column":1}},"line":3},"1":{"name":"(anonymous_1)","decl":{"start":{"line":7,"column":37},"end":{"line":7,"column":38}},"loc":{"start":{"line":7,"column":65},"end":{"line":9,"column":1}},"line":7},"2":{"name":"(anonymous_2)","decl":{"start":{"line":11,"column":24},"end":{"line":11,"column":25}},"loc":{"start":{"line":11,"column":59},"end":{"line":21,"column":1}},"line":11},"3":{"name":"(anonymous_3)","decl":{"start":{"line":13,"column":11},"end":{"line":13,"column":12}},"loc":{"start":{"line":13,"column":31},"end":{"line":20,"column":5}},"line":13},"4":{"name":"(anonymous_4)","decl":{"start":{"line":17,"column":31},"end":{"line":17,"column":32}},"loc":{"start":{"line":17,"column":37},"end":{"line":19,"column":9}},"line":17},"5":{"name":"(anonymous_5)","decl":{"start":{"line":23,"column":29},"end":{"line":23,"column":30}},"loc":{"start":{"line":23,"column":55},"end":{"line":25,"column":1}},"line":23}},"branchMap":{"0":{"loc":{"start":{"line":14,"column":8},"end":{"line":16,"column":9}},"type":"if","locations":[{"start":{"line":14,"column":8},"end":{"line":16,"column":9}},{"start":{},"end":{}}],"line":14}},"s":{"0":0,"1":0,"2":0,"3":0,"4":0,"5":0,"6":0,"7":0,"8":0,"9":0,"10":0,"11":0},"f":{"0":0,"1":0,"2":0,"3":0,"4":0,"5":0},"b":{"0":[0,0]}}
,"/home/erdnando/proyectos/react/template-react/react-template/src/utils/index.ts": {"path":"/home/erdnando/proyectos/react/template-react/react-template/src/utils/index.ts","statementMap":{},"fnMap":{},"branchMap":{},"s":{},"f":{},"b":{}}
}
