TN:
SF:src/App.tsx
FN:29,(anonymous_0)
FNF:1
FNH:1
FNDA:1,(anonymous_0)
DA:12,1
DA:29,1
DA:30,1
LF:3
LH:3
BRF:0
BRH:0
end_of_record
TN:
SF:src/index.tsx
FNF:0
FNH:0
DA:7,0
DA:8,0
DA:11,0
DA:12,0
LF:4
LH:0
BRDA:7,0,0,0
BRDA:7,0,1,0
BRF:2
BRH:0
end_of_record
TN:
SF:src/components/ApiTester.tsx
FN:28,(anonymous_0)
FN:32,(anonymous_1)
FN:33,(anonymous_2)
FN:39,(anonymous_3)
FN:72,(anonymous_4)
FN:75,(anonymous_5)
FN:78,(anonymous_6)
FN:81,(anonymous_7)
FN:84,(anonymous_8)
FN:87,(anonymous_9)
FN:94,(anonymous_10)
FN:97,(anonymous_11)
FN:100,(anonymous_12)
FN:103,(anonymous_13)
FN:111,(anonymous_14)
FN:114,(anonymous_15)
FN:117,(anonymous_16)
FN:120,(anonymous_17)
FN:132,(anonymous_18)
FN:135,(anonymous_19)
FN:138,(anonymous_20)
FN:156,(anonymous_21)
FN:162,(anonymous_22)
FN:224,(anonymous_23)
FNF:24
FNH:1
FNDA:2,(anonymous_0)
FNDA:0,(anonymous_1)
FNDA:0,(anonymous_2)
FNDA:0,(anonymous_3)
FNDA:0,(anonymous_4)
FNDA:0,(anonymous_5)
FNDA:0,(anonymous_6)
FNDA:0,(anonymous_7)
FNDA:0,(anonymous_8)
FNDA:0,(anonymous_9)
FNDA:0,(anonymous_10)
FNDA:0,(anonymous_11)
FNDA:0,(anonymous_12)
FNDA:0,(anonymous_13)
FNDA:0,(anonymous_14)
FNDA:0,(anonymous_15)
FNDA:0,(anonymous_16)
FNDA:0,(anonymous_17)
FNDA:0,(anonymous_18)
FNDA:0,(anonymous_19)
FNDA:0,(anonymous_20)
FNDA:0,(anonymous_21)
FNDA:0,(anonymous_22)
FNDA:0,(anonymous_23)
DA:28,2
DA:29,2
DA:30,2
DA:32,2
DA:33,0
DA:39,2
DA:44,0
DA:46,0
DA:47,0
DA:48,0
DA:54,0
DA:61,0
DA:62,0
DA:72,2
DA:75,0
DA:78,2
DA:81,0
DA:84,2
DA:87,0
DA:94,2
DA:97,0
DA:100,2
DA:103,0
DA:111,2
DA:114,0
DA:117,2
DA:120,0
DA:132,2
DA:135,0
DA:138,2
DA:139,0
DA:140,0
DA:142,0
DA:153,0
DA:154,0
DA:156,0
DA:159,0
DA:162,2
DA:163,0
DA:166,2
DA:225,0
DA:268,2
LF:42
LH:17
BRDA:48,0,0,0
BRDA:48,0,1,0
BRDA:50,1,0,0
BRDA:50,1,1,0
BRDA:61,2,0,0
BRDA:61,2,1,0
BRDA:181,3,0,0
BRDA:181,3,1,2
BRDA:185,4,0,0
BRDA:185,4,1,2
BRDA:220,5,0,2
BRDA:220,5,1,0
BRDA:232,6,0,0
BRDA:232,6,1,0
BRDA:233,7,0,0
BRDA:233,7,1,0
BRDA:238,8,0,0
BRDA:238,8,1,0
BRDA:239,9,0,0
BRDA:239,9,1,0
BRDA:245,10,0,0
BRDA:245,10,1,0
BRDA:245,10,2,0
BRDA:254,11,0,0
BRDA:254,11,1,0
BRDA:254,11,2,0
BRF:26
BRH:3
end_of_record
TN:
SF:src/components/DebugAuth.tsx
FN:4,(anonymous_0)
FNF:1
FNH:0
FNDA:0,(anonymous_0)
DA:4,0
DA:5,0
LF:2
LH:0
BRF:0
BRH:0
end_of_record
TN:
SF:src/components/MockLogin.tsx
FN:11,(anonymous_0)
FN:16,(anonymous_1)
FN:36,(anonymous_2)
FN:45,(anonymous_3)
FNF:4
FNH:0
FNDA:0,(anonymous_0)
FNDA:0,(anonymous_1)
FNDA:0,(anonymous_2)
FNDA:0,(anonymous_3)
DA:11,0
DA:12,0
DA:13,0
DA:14,0
DA:16,0
DA:17,0
DA:18,0
DA:20,0
DA:24,0
DA:36,0
DA:45,0
LF:11
LH:0
BRDA:17,0,0,0
BRDA:17,0,1,0
BRDA:17,1,0,0
BRDA:17,1,1,0
BRDA:58,2,0,0
BRDA:58,2,1,0
BRDA:59,3,0,0
BRDA:59,3,1,0
BRF:8
BRH:0
end_of_record
TN:
SF:src/components/UserDebug.tsx
FN:22,(anonymous_0)
FNF:1
FNH:0
FNDA:0,(anonymous_0)
DA:22,0
DA:23,0
DA:31,0
DA:33,0
LF:4
LH:0
BRDA:31,0,0,0
BRDA:31,0,1,0
BRDA:81,1,0,0
BRDA:81,1,1,0
BRF:4
BRH:0
end_of_record
TN:
SF:src/components/UserInfo.tsx
FN:6,(anonymous_0)
FN:7,(anonymous_1)
FN:8,(anonymous_2)
FNF:3
FNH:0
FNDA:0,(anonymous_0)
FNDA:0,(anonymous_1)
FNDA:0,(anonymous_2)
DA:6,2
DA:7,0
DA:8,0
DA:10,0
DA:11,0
DA:22,0
LF:6
LH:1
BRDA:10,0,0,0
BRDA:10,0,1,0
BRDA:10,1,0,0
BRDA:10,1,1,0
BRDA:36,2,0,0
BRDA:36,2,1,0
BRF:6
BRH:0
end_of_record
TN:
SF:src/components/PermissionsManagement/PermissionsManagementMockup.tsx
FN:8,(anonymous_0)
FN:12,(anonymous_1)
FN:37,(anonymous_2)
FN:45,(anonymous_3)
FN:52,(anonymous_4)
FN:52,(anonymous_5)
FN:55,(anonymous_6)
FN:56,(anonymous_7)
FN:71,(anonymous_8)
FN:72,(anonymous_9)
FN:94,(anonymous_10)
FN:106,(anonymous_11)
FN:108,(anonymous_12)
FN:109,(anonymous_13)
FN:138,(anonymous_14)
FN:166,(anonymous_15)
FN:172,(anonymous_16)
FN:185,(anonymous_17)
FN:204,(anonymous_18)
FN:205,(anonymous_19)
FN:208,(anonymous_20)
FN:235,(anonymous_21)
FN:265,(anonymous_22)
FN:266,(anonymous_23)
FN:266,(anonymous_24)
FN:267,(anonymous_25)
FN:269,(anonymous_26)
FN:272,(anonymous_27)
FN:290,(anonymous_28)
FN:308,(anonymous_29)
FN:313,(anonymous_30)
FN:338,(anonymous_31)
FN:343,(anonymous_32)
FN:391,(anonymous_33)
FNF:34
FNH:0
FNDA:0,(anonymous_0)
FNDA:0,(anonymous_1)
FNDA:0,(anonymous_2)
FNDA:0,(anonymous_3)
FNDA:0,(anonymous_4)
FNDA:0,(anonymous_5)
FNDA:0,(anonymous_6)
FNDA:0,(anonymous_7)
FNDA:0,(anonymous_8)
FNDA:0,(anonymous_9)
FNDA:0,(anonymous_10)
FNDA:0,(anonymous_11)
FNDA:0,(anonymous_12)
FNDA:0,(anonymous_13)
FNDA:0,(anonymous_14)
FNDA:0,(anonymous_15)
FNDA:0,(anonymous_16)
FNDA:0,(anonymous_17)
FNDA:0,(anonymous_18)
FNDA:0,(anonymous_19)
FNDA:0,(anonymous_20)
FNDA:0,(anonymous_21)
FNDA:0,(anonymous_22)
FNDA:0,(anonymous_23)
FNDA:0,(anonymous_24)
FNDA:0,(anonymous_25)
FNDA:0,(anonymous_26)
FNDA:0,(anonymous_27)
FNDA:0,(anonymous_28)
FNDA:0,(anonymous_29)
FNDA:0,(anonymous_30)
FNDA:0,(anonymous_31)
FNDA:0,(anonymous_32)
FNDA:0,(anonymous_33)
DA:8,0
DA:12,0
DA:20,0
DA:22,0
DA:28,0
DA:29,0
DA:34,0
DA:37,0
DA:45,0
DA:48,0
DA:50,0
DA:51,0
DA:52,0
DA:55,0
DA:56,0
DA:57,0
DA:58,0
DA:59,0
DA:71,0
DA:72,0
DA:73,0
DA:74,0
DA:91,0
DA:94,0
DA:95,0
DA:96,0
DA:97,0
DA:101,0
DA:104,0
DA:106,0
DA:107,0
DA:108,0
DA:109,0
DA:110,0
DA:112,0
DA:117,0
DA:138,0
DA:167,0
DA:172,0
DA:173,0
DA:185,0
DA:193,0
DA:204,0
DA:206,0
DA:208,0
DA:235,0
DA:265,0
DA:266,0
DA:268,0
DA:269,0
DA:270,0
DA:271,0
DA:272,0
DA:273,0
DA:275,0
DA:291,0
DA:293,0
DA:308,0
DA:314,0
DA:315,0
DA:316,0
DA:317,0
DA:320,0
DA:321,0
DA:322,0
DA:338,0
DA:343,0
DA:391,0
LF:68
LH:0
BRDA:65,0,0,0
BRDA:65,0,1,0
BRDA:79,1,0,0
BRDA:79,1,1,0
BRDA:110,2,0,0
BRDA:110,2,1,0
BRDA:118,3,0,0
BRDA:118,3,1,0
BRDA:119,4,0,0
BRDA:119,4,1,0
BRDA:159,5,0,0
BRDA:159,5,1,0
BRDA:177,6,0,0
BRDA:177,6,1,0
BRDA:178,7,0,0
BRDA:178,7,1,0
BRDA:179,8,0,0
BRDA:179,8,1,0
BRDA:182,9,0,0
BRDA:182,9,1,0
BRDA:189,10,0,0
BRDA:189,10,1,0
BRDA:189,11,0,0
BRDA:189,11,1,0
BRDA:199,12,0,0
BRDA:199,12,1,0
BRDA:203,13,0,0
BRDA:203,13,1,0
BRDA:206,14,0,0
BRDA:206,14,1,0
BRDA:206,15,0,0
BRDA:206,15,1,0
BRDA:208,16,0,0
BRDA:208,16,1,0
BRDA:208,17,0,0
BRDA:208,17,1,0
BRDA:224,18,0,0
BRDA:224,18,1,0
BRDA:256,19,0,0
BRDA:256,19,1,0
BRDA:266,20,0,0
BRDA:266,20,1,0
BRDA:273,21,0,0
BRDA:273,21,1,0
BRDA:291,22,0,0
BRDA:291,22,1,0
BRDA:300,23,0,0
BRDA:300,23,1,0
BRDA:301,24,0,0
BRDA:301,24,1,0
BRDA:309,25,0,0
BRDA:309,25,1,0
BRDA:314,26,0,0
BRDA:314,26,1,0
BRDA:316,27,0,0
BRDA:316,27,1,0
BRDA:317,28,0,0
BRDA:317,28,1,0
BRDA:317,29,0,0
BRDA:317,29,1,0
BRDA:320,30,0,0
BRDA:320,30,1,0
BRDA:320,31,0,0
BRDA:320,31,1,0
BRDA:321,32,0,0
BRDA:321,32,1,0
BRDA:321,33,0,0
BRDA:321,33,1,0
BRDA:323,34,0,0
BRDA:323,34,1,0
BRDA:323,35,0,0
BRDA:323,35,1,0
BRDA:331,36,0,0
BRDA:331,36,1,0
BRDA:331,37,0,0
BRDA:331,37,1,0
BRDA:332,38,0,0
BRDA:332,38,1,0
BRDA:332,39,0,0
BRDA:332,39,1,0
BRDA:333,40,0,0
BRDA:333,40,1,0
BRDA:333,41,0,0
BRDA:333,41,1,0
BRDA:334,42,0,0
BRDA:334,42,1,0
BRDA:338,43,0,0
BRDA:338,43,1,0
BRDA:348,44,0,0
BRDA:348,44,1,0
BRDA:348,45,0,0
BRDA:348,45,1,0
BRDA:350,46,0,0
BRDA:350,46,1,0
BRDA:350,47,0,0
BRDA:350,47,1,0
BRDA:358,48,0,0
BRDA:358,48,1,0
BRDA:359,49,0,0
BRDA:359,49,1,0
BRDA:359,50,0,0
BRDA:359,50,1,0
BRF:102
BRH:0
end_of_record
TN:
SF:src/components/UserManagement/UserManagement.tsx
FN:55,(anonymous_0)
FN:74,(anonymous_1)
FN:76,(anonymous_2)
FN:80,(anonymous_3)
FN:85,(anonymous_4)
FN:100,(anonymous_5)
FN:104,(anonymous_6)
FN:111,(anonymous_7)
FN:113,(anonymous_8)
FN:116,(anonymous_9)
FN:118,(anonymous_10)
FN:121,(anonymous_11)
FN:151,(anonymous_12)
FN:152,(anonymous_13)
FN:153,(anonymous_14)
FN:156,(anonymous_15)
FN:171,(anonymous_16)
FN:272,(anonymous_17)
FN:288,(anonymous_18)
FN:312,(anonymous_19)
FN:344,(anonymous_20)
FN:351,(anonymous_21)
FN:367,(anonymous_22)
FN:401,(anonymous_23)
FN:408,(anonymous_24)
FN:426,(anonymous_25)
FNF:26
FNH:3
FNDA:6,(anonymous_0)
FNDA:12,(anonymous_1)
FNDA:2,(anonymous_2)
FNDA:0,(anonymous_3)
FNDA:0,(anonymous_4)
FNDA:0,(anonymous_5)
FNDA:0,(anonymous_6)
FNDA:0,(anonymous_7)
FNDA:0,(anonymous_8)
FNDA:0,(anonymous_9)
FNDA:0,(anonymous_10)
FNDA:0,(anonymous_11)
FNDA:0,(anonymous_12)
FNDA:0,(anonymous_13)
FNDA:0,(anonymous_14)
FNDA:0,(anonymous_15)
FNDA:0,(anonymous_16)
FNDA:0,(anonymous_17)
FNDA:0,(anonymous_18)
FNDA:0,(anonymous_19)
FNDA:0,(anonymous_20)
FNDA:0,(anonymous_21)
FNDA:0,(anonymous_22)
FNDA:0,(anonymous_23)
FNDA:0,(anonymous_24)
FNDA:0,(anonymous_25)
DA:55,3
DA:61,6
DA:62,6
DA:63,6
DA:64,6
DA:72,6
DA:73,6
DA:74,12
DA:76,6
DA:77,2
DA:80,6
DA:81,0
DA:85,6
DA:86,0
DA:87,0
DA:88,0
DA:96,0
DA:97,0
DA:100,6
DA:101,0
DA:104,6
DA:105,0
DA:106,0
DA:107,0
DA:108,0
DA:111,6
DA:112,0
DA:113,0
DA:116,6
DA:117,0
DA:118,0
DA:121,6
DA:122,0
DA:123,0
DA:124,0
DA:136,0
DA:146,0
DA:149,6
DA:151,0
DA:152,0
DA:153,0
DA:156,6
DA:157,0
DA:160,0
DA:163,0
DA:165,0
DA:167,0
DA:171,6
DA:172,0
DA:175,6
DA:176,2
DA:183,4
DA:184,3
DA:192,1
DA:272,0
DA:288,0
DA:313,0
DA:344,0
DA:351,0
DA:368,0
DA:401,0
DA:408,0
DA:426,0
DA:532,1
DA:533,0
DA:560,1
LF:66
LH:27
BRDA:56,0,0,6
BRDA:58,1,0,0
BRDA:59,2,0,0
BRDA:81,3,0,0
BRDA:81,3,1,0
BRDA:89,4,0,0
BRDA:89,4,1,0
BRDA:90,5,0,0
BRDA:90,5,1,0
BRDA:123,6,0,0
BRDA:123,6,1,0
BRDA:123,7,0,0
BRDA:123,7,1,0
BRDA:131,8,0,0
BRDA:131,8,1,0
BRDA:142,9,0,0
BRDA:142,9,1,0
BRDA:157,10,0,0
BRDA:157,10,1,0
BRDA:157,10,2,0
BRDA:157,10,3,0
BRDA:157,10,4,0
BRDA:157,10,5,0
BRDA:172,11,0,0
BRDA:172,11,1,0
BRDA:175,12,0,2
BRDA:175,12,1,4
BRDA:183,13,0,3
BRDA:183,13,1,1
BRDA:204,14,0,1
BRDA:204,14,1,1
BRDA:334,15,0,0
BRDA:334,15,1,0
BRDA:389,16,0,0
BRDA:389,16,1,0
BRDA:422,17,0,1
BRDA:422,17,1,1
BRDA:450,18,0,0
BRDA:450,18,1,1
BRDA:482,19,0,1
BRDA:482,19,1,1
BRDA:524,20,0,0
BRDA:524,20,1,1
BRDA:532,21,0,0
BRDA:532,21,1,1
BRDA:532,22,0,1
BRDA:532,22,1,0
BRF:47
BRH:15
end_of_record
TN:
SF:src/components/UserManagement/index.ts
FNF:0
FNH:0
LF:0
LH:0
BRF:0
BRH:0
end_of_record
TN:
SF:src/components/common/index.ts
FNF:0
FNH:0
LF:0
LH:0
BRF:0
BRH:0
end_of_record
TN:
SF:src/components/common/AppLayout/AppLayout.tsx
FN:10,(anonymous_0)
FNF:1
FNH:0
FNDA:0,(anonymous_0)
DA:10,1
DA:11,0
LF:2
LH:1
BRF:0
BRH:0
end_of_record
TN:
SF:src/components/common/AppLayout/index.ts
FNF:0
FNH:0
LF:0
LH:0
BRF:0
BRH:0
end_of_record
TN:
SF:src/components/common/AuthGuard/AuthGuard.tsx
FN:12,(anonymous_0)
FN:14,(anonymous_1)
FN:17,(anonymous_2)
FN:40,(anonymous_3)
FN:41,(anonymous_4)
FN:57,(anonymous_5)
FNF:6
FNH:5
FNDA:1,(anonymous_0)
FNDA:2,(anonymous_1)
FNDA:1,(anonymous_2)
FNDA:1,(anonymous_3)
FNDA:0,(anonymous_4)
FNDA:1,(anonymous_5)
DA:12,1
DA:13,1
DA:14,2
DA:17,1
DA:18,1
DA:19,1
DA:21,1
DA:23,0
DA:30,0
DA:34,0
DA:40,1
DA:41,1
DA:42,0
DA:43,0
DA:45,0
DA:47,0
DA:52,0
DA:56,1
DA:57,1
DA:60,1
LF:20
LH:12
BRDA:21,0,0,0
BRDA:21,0,1,1
BRDA:21,1,0,1
BRDA:21,1,1,0
BRDA:25,2,0,0
BRDA:25,2,1,0
BRDA:25,2,2,0
BRDA:25,3,0,0
BRDA:25,3,1,0
BRDA:25,4,0,0
BRDA:25,4,1,0
BRDA:26,5,0,0
BRDA:26,5,1,0
BRDA:30,6,0,0
BRDA:30,6,1,0
BRDA:30,7,0,0
BRDA:30,7,1,0
BRDA:30,7,2,0
BRDA:30,7,3,0
BRDA:32,8,0,0
BRDA:32,8,1,0
BRDA:32,8,2,0
BRDA:32,9,0,0
BRDA:32,9,1,0
BRDA:32,10,0,0
BRDA:32,10,1,0
BRDA:33,11,0,0
BRDA:33,11,1,0
BRDA:45,12,0,0
BRDA:45,12,1,0
BRDA:45,13,0,0
BRDA:45,13,1,0
BRDA:49,14,0,0
BRDA:49,14,1,0
BRDA:49,14,2,0
BRDA:49,15,0,0
BRDA:49,15,1,0
BRDA:49,16,0,0
BRDA:49,16,1,0
BRDA:50,17,0,0
BRDA:50,17,1,0
BRDA:60,18,0,0
BRDA:60,18,1,1
BRF:43
BRH:3
end_of_record
TN:
SF:src/components/common/AuthGuard/index.ts
FNF:0
FNH:0
LF:0
LH:0
BRF:0
BRH:0
end_of_record
TN:
SF:src/components/common/AuthLayout/AuthLayout.tsx
FN:8,(anonymous_0)
FNF:1
FNH:1
FNDA:1,(anonymous_0)
DA:8,1
DA:9,1
LF:2
LH:2
BRF:0
BRH:0
end_of_record
TN:
SF:src/components/common/AuthLayout/index.ts
FNF:0
FNH:0
LF:0
LH:0
BRF:0
BRH:0
end_of_record
TN:
SF:src/components/common/Layout/Layout.tsx
FN:45,(anonymous_0)
FN:55,(anonymous_1)
FN:87,(anonymous_2)
FN:91,(anonymous_3)
FN:95,(anonymous_4)
FN:99,(anonymous_5)
FN:103,(anonymous_6)
FN:107,(anonymous_7)
FN:111,(anonymous_8)
FN:116,(anonymous_9)
FN:121,(anonymous_10)
FN:122,(anonymous_11)
FN:130,(anonymous_12)
FN:220,(anonymous_13)
FN:319,(anonymous_14)
FN:319,(anonymous_15)
FN:320,(anonymous_16)
FN:325,(anonymous_17)
FN:377,(anonymous_18)
FN:380,(anonymous_19)
FN:516,(anonymous_20)
FNF:21
FNH:6
FNDA:2,(anonymous_0)
FNDA:4,(anonymous_1)
FNDA:0,(anonymous_2)
FNDA:0,(anonymous_3)
FNDA:0,(anonymous_4)
FNDA:0,(anonymous_5)
FNDA:0,(anonymous_6)
FNDA:0,(anonymous_7)
FNDA:0,(anonymous_8)
FNDA:0,(anonymous_9)
FNDA:0,(anonymous_10)
FNDA:0,(anonymous_11)
FNDA:10,(anonymous_12)
FNDA:2,(anonymous_13)
FNDA:4,(anonymous_14)
FNDA:0,(anonymous_15)
FNDA:0,(anonymous_16)
FNDA:0,(anonymous_17)
FNDA:0,(anonymous_18)
FNDA:0,(anonymous_19)
FNDA:2,(anonymous_20)
DA:38,4
DA:39,4
DA:45,4
DA:46,2
DA:47,2
DA:48,2
DA:49,2
DA:51,2
DA:52,2
DA:53,2
DA:54,2
DA:55,4
DA:57,2
DA:59,2
DA:87,2
DA:88,0
DA:91,2
DA:92,0
DA:95,2
DA:96,0
DA:99,2
DA:100,0
DA:103,2
DA:104,0
DA:107,2
DA:108,0
DA:111,2
DA:112,0
DA:113,0
DA:116,2
DA:117,0
DA:118,0
DA:121,2
DA:122,0
DA:123,0
DA:127,2
DA:131,10
DA:206,2
DA:220,2
DA:319,4
DA:320,0
DA:321,0
DA:322,0
DA:325,0
DA:326,0
DA:378,0
DA:380,0
DA:411,0
DA:516,2
LF:49
LH:29
BRDA:57,0,0,0
BRDA:57,0,1,2
BRDA:123,1,0,0
BRDA:123,1,1,0
BRDA:137,2,0,0
BRDA:137,2,1,10
BRDA:138,3,0,0
BRDA:138,3,1,10
BRDA:146,4,0,10
BRDA:146,4,1,2
BRDA:158,5,0,0
BRDA:158,5,1,10
BRDA:160,6,0,2
BRDA:160,6,1,8
BRDA:171,7,0,0
BRDA:171,7,1,10
BRDA:173,8,0,2
BRDA:173,8,1,8
BRDA:200,9,0,0
BRDA:200,9,1,2
BRDA:294,10,0,0
BRDA:294,10,1,2
BRDA:325,11,0,0
BRDA:325,11,1,0
BRDA:325,12,0,0
BRDA:325,12,1,0
BRDA:397,13,0,0
BRDA:397,13,1,0
BRDA:457,14,0,2
BRDA:457,14,1,2
BRDA:481,15,0,2
BRDA:481,15,1,2
BRDA:485,16,0,2
BRDA:485,16,1,2
BRDA:488,17,0,2
BRDA:488,17,1,2
BRF:36
BRH:21
end_of_record
TN:
SF:src/components/common/Layout/Layout_backup.tsx
FN:46,(anonymous_0)
FN:56,(anonymous_1)
FN:83,(anonymous_2)
FN:87,(anonymous_3)
FN:91,(anonymous_4)
FN:95,(anonymous_5)
FN:99,(anonymous_6)
FN:103,(anonymous_7)
FN:107,(anonymous_8)
FN:112,(anonymous_9)
FN:117,(anonymous_10)
FN:118,(anonymous_11)
FN:172,(anonymous_12)
FN:254,(anonymous_13)
FN:343,(anonymous_14)
FN:343,(anonymous_15)
FN:344,(anonymous_16)
FN:349,(anonymous_17)
FN:400,(anonymous_18)
FN:403,(anonymous_19)
FN:532,(anonymous_20)
FNF:21
FNH:0
FNDA:0,(anonymous_0)
FNDA:0,(anonymous_1)
FNDA:0,(anonymous_2)
FNDA:0,(anonymous_3)
FNDA:0,(anonymous_4)
FNDA:0,(anonymous_5)
FNDA:0,(anonymous_6)
FNDA:0,(anonymous_7)
FNDA:0,(anonymous_8)
FNDA:0,(anonymous_9)
FNDA:0,(anonymous_10)
FNDA:0,(anonymous_11)
FNDA:0,(anonymous_12)
FNDA:0,(anonymous_13)
FNDA:0,(anonymous_14)
FNDA:0,(anonymous_15)
FNDA:0,(anonymous_16)
FNDA:0,(anonymous_17)
FNDA:0,(anonymous_18)
FNDA:0,(anonymous_19)
FNDA:0,(anonymous_20)
DA:39,0
DA:40,0
DA:46,0
DA:47,0
DA:48,0
DA:49,0
DA:50,0
DA:52,0
DA:53,0
DA:54,0
DA:55,0
DA:56,0
DA:58,0
DA:60,0
DA:83,0
DA:84,0
DA:87,0
DA:88,0
DA:91,0
DA:92,0
DA:95,0
DA:96,0
DA:99,0
DA:100,0
DA:103,0
DA:104,0
DA:107,0
DA:108,0
DA:109,0
DA:112,0
DA:113,0
DA:114,0
DA:117,0
DA:118,0
DA:119,0
DA:123,0
DA:173,0
DA:240,0
DA:254,0
DA:343,0
DA:344,0
DA:345,0
DA:346,0
DA:349,0
DA:350,0
DA:401,0
DA:403,0
DA:433,0
DA:532,0
LF:49
LH:0
BRDA:58,0,0,0
BRDA:58,0,1,0
BRDA:119,1,0,0
BRDA:119,1,1,0
BRDA:129,2,0,0
BRDA:129,2,1,0
BRDA:145,3,0,0
BRDA:145,3,1,0
BRDA:154,4,0,0
BRDA:154,4,1,0
BRDA:179,5,0,0
BRDA:179,5,1,0
BRDA:188,6,0,0
BRDA:188,6,1,0
BRDA:200,7,0,0
BRDA:200,7,1,0
BRDA:202,8,0,0
BRDA:202,8,1,0
BRDA:210,9,0,0
BRDA:210,9,1,0
BRDA:212,10,0,0
BRDA:212,10,1,0
BRDA:234,11,0,0
BRDA:234,11,1,0
BRDA:319,12,0,0
BRDA:319,12,1,0
BRDA:349,13,0,0
BRDA:349,13,1,0
BRDA:349,14,0,0
BRDA:349,14,1,0
BRDA:419,15,0,0
BRDA:419,15,1,0
BRDA:473,16,0,0
BRDA:473,16,1,0
BRDA:497,17,0,0
BRDA:497,17,1,0
BRDA:501,18,0,0
BRDA:501,18,1,0
BRDA:504,19,0,0
BRDA:504,19,1,0
BRF:40
BRH:0
end_of_record
TN:
SF:src/components/common/Layout/Layout_new.tsx
FN:46,(anonymous_0)
FN:56,(anonymous_1)
FN:83,(anonymous_2)
FN:87,(anonymous_3)
FN:91,(anonymous_4)
FN:95,(anonymous_5)
FN:99,(anonymous_6)
FN:103,(anonymous_7)
FN:107,(anonymous_8)
FN:112,(anonymous_9)
FN:117,(anonymous_10)
FN:118,(anonymous_11)
FN:172,(anonymous_12)
FN:254,(anonymous_13)
FN:343,(anonymous_14)
FN:343,(anonymous_15)
FN:344,(anonymous_16)
FN:349,(anonymous_17)
FN:400,(anonymous_18)
FN:403,(anonymous_19)
FN:532,(anonymous_20)
FNF:21
FNH:0
FNDA:0,(anonymous_0)
FNDA:0,(anonymous_1)
FNDA:0,(anonymous_2)
FNDA:0,(anonymous_3)
FNDA:0,(anonymous_4)
FNDA:0,(anonymous_5)
FNDA:0,(anonymous_6)
FNDA:0,(anonymous_7)
FNDA:0,(anonymous_8)
FNDA:0,(anonymous_9)
FNDA:0,(anonymous_10)
FNDA:0,(anonymous_11)
FNDA:0,(anonymous_12)
FNDA:0,(anonymous_13)
FNDA:0,(anonymous_14)
FNDA:0,(anonymous_15)
FNDA:0,(anonymous_16)
FNDA:0,(anonymous_17)
FNDA:0,(anonymous_18)
FNDA:0,(anonymous_19)
FNDA:0,(anonymous_20)
DA:39,0
DA:40,0
DA:46,0
DA:47,0
DA:48,0
DA:49,0
DA:50,0
DA:52,0
DA:53,0
DA:54,0
DA:55,0
DA:56,0
DA:58,0
DA:60,0
DA:83,0
DA:84,0
DA:87,0
DA:88,0
DA:91,0
DA:92,0
DA:95,0
DA:96,0
DA:99,0
DA:100,0
DA:103,0
DA:104,0
DA:107,0
DA:108,0
DA:109,0
DA:112,0
DA:113,0
DA:114,0
DA:117,0
DA:118,0
DA:119,0
DA:123,0
DA:173,0
DA:240,0
DA:254,0
DA:343,0
DA:344,0
DA:345,0
DA:346,0
DA:349,0
DA:350,0
DA:401,0
DA:403,0
DA:433,0
DA:532,0
LF:49
LH:0
BRDA:58,0,0,0
BRDA:58,0,1,0
BRDA:119,1,0,0
BRDA:119,1,1,0
BRDA:129,2,0,0
BRDA:129,2,1,0
BRDA:145,3,0,0
BRDA:145,3,1,0
BRDA:154,4,0,0
BRDA:154,4,1,0
BRDA:179,5,0,0
BRDA:179,5,1,0
BRDA:188,6,0,0
BRDA:188,6,1,0
BRDA:200,7,0,0
BRDA:200,7,1,0
BRDA:202,8,0,0
BRDA:202,8,1,0
BRDA:210,9,0,0
BRDA:210,9,1,0
BRDA:212,10,0,0
BRDA:212,10,1,0
BRDA:234,11,0,0
BRDA:234,11,1,0
BRDA:319,12,0,0
BRDA:319,12,1,0
BRDA:349,13,0,0
BRDA:349,13,1,0
BRDA:349,14,0,0
BRDA:349,14,1,0
BRDA:419,15,0,0
BRDA:419,15,1,0
BRDA:473,16,0,0
BRDA:473,16,1,0
BRDA:497,17,0,0
BRDA:497,17,1,0
BRDA:501,18,0,0
BRDA:501,18,1,0
BRDA:504,19,0,0
BRDA:504,19,1,0
BRF:40
BRH:0
end_of_record
TN:
SF:src/components/common/Navigation/Navigation.tsx
FN:5,(anonymous_0)
FNF:1
FNH:1
FNDA:2,(anonymous_0)
DA:5,4
DA:6,2
LF:2
LH:2
BRF:0
BRH:0
end_of_record
TN:
SF:src/components/ui/index.ts
FNF:0
FNH:0
LF:0
LH:0
BRF:0
BRH:0
end_of_record
TN:
SF:src/components/ui/Button/Button.tsx
FN:12,(anonymous_0)
FNF:1
FNH:1
FNDA:3,(anonymous_0)
DA:12,1
DA:19,3
LF:2
LH:2
BRDA:15,0,0,2
BRDA:16,1,0,3
BRDA:17,2,0,3
BRF:3
BRH:3
end_of_record
TN:
SF:src/components/ui/Card/Card.tsx
FN:13,(anonymous_0)
FNF:1
FNH:1
FNDA:2,(anonymous_0)
DA:13,1
DA:21,2
DA:23,2
LF:3
LH:3
BRDA:18,0,0,2
BRDA:21,1,0,0
BRDA:21,1,1,2
BRDA:25,2,0,2
BRDA:25,2,1,2
BRDA:32,3,0,2
BRDA:32,3,1,2
BRDA:36,4,0,2
BRDA:36,4,1,0
BRF:9
BRH:7
end_of_record
TN:
SF:src/components/ui/Input/Input.tsx
FN:13,(anonymous_0)
FNF:1
FNH:0
FNDA:0,(anonymous_0)
DA:13,0
DA:21,0
LF:2
LH:0
BRDA:14,0,0,0
BRDA:18,1,0,0
BRDA:19,2,0,0
BRF:3
BRH:0
end_of_record
TN:
SF:src/data/index.ts
FNF:0
FNH:0
LF:0
LH:0
BRF:0
BRH:0
end_of_record
TN:
SF:src/data/mockData.ts
FNF:0
FNH:0
DA:2,0
DA:23,0
DA:36,0
LF:3
LH:0
BRF:0
BRH:0
end_of_record
TN:
SF:src/hooks/index.ts
FNF:0
FNH:0
LF:0
LH:0
BRF:0
BRH:0
end_of_record
TN:
SF:src/hooks/useAuth.ts
FN:6,(anonymous_0)
FN:8,(anonymous_1)
FN:10,(anonymous_2)
FN:50,(anonymous_3)
FNF:4
FNH:2
FNDA:4,(anonymous_0)
FNDA:8,(anonymous_1)
FNDA:0,(anonymous_2)
FNDA:0,(anonymous_3)
DA:6,4
DA:7,4
DA:8,8
DA:10,4
DA:11,0
DA:12,0
DA:13,0
DA:15,0
DA:16,0
DA:17,0
DA:19,0
DA:20,0
DA:22,0
DA:24,0
DA:27,0
DA:33,0
DA:34,0
DA:35,0
DA:37,0
DA:38,0
DA:41,0
DA:42,0
DA:43,0
DA:44,0
DA:46,0
DA:50,4
DA:51,0
DA:53,0
DA:54,0
DA:55,0
DA:57,0
DA:59,0
DA:61,0
DA:65,4
LF:34
LH:6
BRDA:22,0,0,0
BRDA:22,0,1,0
BRDA:22,1,0,0
BRDA:22,1,1,0
BRDA:29,2,0,0
BRDA:29,2,1,0
BRDA:29,2,2,0
BRDA:29,3,0,0
BRDA:29,3,1,0
BRDA:29,4,0,0
BRDA:29,4,1,0
BRDA:30,5,0,0
BRDA:30,5,1,0
BRDA:38,6,0,0
BRDA:38,6,1,0
BRDA:42,7,0,0
BRDA:42,7,1,0
BRF:17
BRH:0
end_of_record
TN:
SF:src/hooks/usePermissionsApi.ts
FN:86,(anonymous_0)
FN:122,(anonymous_1)
FN:134,(anonymous_2)
FN:146,(anonymous_3)
FN:147,(anonymous_4)
FN:168,(anonymous_5)
FN:176,(anonymous_6)
FN:185,(anonymous_7)
FN:218,(anonymous_8)
FN:251,(anonymous_9)
FN:284,(anonymous_10)
FN:305,(anonymous_11)
FN:317,(anonymous_12)
FN:323,(anonymous_13)
FN:327,(anonymous_14)
FN:348,(anonymous_15)
FN:387,(anonymous_16)
FN:424,(anonymous_17)
FN:445,(anonymous_18)
FN:471,(anonymous_19)
FN:497,(anonymous_20)
FN:518,(anonymous_21)
FN:523,(anonymous_22)
FN:529,(anonymous_23)
FN:530,(anonymous_24)
FN:544,(anonymous_25)
FN:560,(anonymous_26)
FN:562,(anonymous_27)
FNF:28
FNH:3
FNDA:20,(anonymous_0)
FNDA:0,(anonymous_1)
FNDA:0,(anonymous_2)
FNDA:0,(anonymous_3)
FNDA:0,(anonymous_4)
FNDA:0,(anonymous_5)
FNDA:0,(anonymous_6)
FNDA:0,(anonymous_7)
FNDA:0,(anonymous_8)
FNDA:0,(anonymous_9)
FNDA:10,(anonymous_10)
FNDA:0,(anonymous_11)
FNDA:0,(anonymous_12)
FNDA:0,(anonymous_13)
FNDA:0,(anonymous_14)
FNDA:0,(anonymous_15)
FNDA:0,(anonymous_16)
FNDA:0,(anonymous_17)
FNDA:0,(anonymous_18)
FNDA:0,(anonymous_19)
FNDA:0,(anonymous_20)
FNDA:0,(anonymous_21)
FNDA:0,(anonymous_22)
FNDA:0,(anonymous_23)
FNDA:0,(anonymous_24)
FNDA:0,(anonymous_25)
FNDA:10,(anonymous_26)
FNDA:0,(anonymous_27)
DA:86,2
DA:88,20
DA:89,20
DA:90,20
DA:91,20
DA:92,20
DA:93,20
DA:96,20
DA:104,20
DA:112,20
DA:122,20
DA:123,0
DA:124,0
DA:125,0
DA:126,0
DA:127,0
DA:129,0
DA:134,20
DA:135,0
DA:136,0
DA:137,0
DA:138,0
DA:139,0
DA:141,0
DA:146,20
DA:147,0
DA:148,0
DA:168,20
DA:176,20
DA:185,20
DA:192,0
DA:194,0
DA:195,0
DA:196,0
DA:197,0
DA:200,0
DA:201,0
DA:210,0
DA:212,0
DA:213,0
DA:218,20
DA:225,0
DA:227,0
DA:228,0
DA:229,0
DA:230,0
DA:233,0
DA:234,0
DA:243,0
DA:245,0
DA:246,0
DA:251,20
DA:258,0
DA:260,0
DA:261,0
DA:262,0
DA:263,0
DA:266,0
DA:267,0
DA:276,0
DA:278,0
DA:279,0
DA:284,20
DA:285,10
DA:286,10
DA:287,10
DA:289,10
DA:291,10
DA:292,0
DA:293,0
DA:296,0
DA:297,0
DA:300,0
DA:301,0
DA:302,0
DA:305,0
DA:306,0
DA:309,0
DA:310,0
DA:311,0
DA:312,0
DA:316,0
DA:317,0
DA:318,0
DA:320,0
DA:322,0
DA:323,0
DA:324,0
DA:325,0
DA:326,0
DA:327,0
DA:328,0
DA:329,0
DA:337,0
DA:340,10
DA:341,10
DA:343,10
DA:348,20
DA:357,0
DA:358,0
DA:360,0
DA:361,0
DA:371,0
DA:372,0
DA:374,0
DA:375,0
DA:377,0
DA:379,0
DA:380,0
DA:382,0
DA:387,20
DA:395,0
DA:396,0
DA:398,0
DA:399,0
DA:408,0
DA:409,0
DA:411,0
DA:412,0
DA:414,0
DA:416,0
DA:417,0
DA:419,0
DA:424,20
DA:425,0
DA:426,0
DA:428,0
DA:429,0
DA:430,0
DA:432,0
DA:433,0
DA:435,0
DA:437,0
DA:438,0
DA:440,0
DA:445,20
DA:446,0
DA:447,0
DA:449,0
DA:450,0
DA:455,0
DA:456,0
DA:458,0
DA:459,0
DA:461,0
DA:463,0
DA:464,0
DA:466,0
DA:471,20
DA:472,0
DA:473,0
DA:475,0
DA:476,0
DA:481,0
DA:482,0
DA:484,0
DA:485,0
DA:487,0
DA:489,0
DA:490,0
DA:492,0
DA:497,20
DA:498,0
DA:499,0
DA:501,0
DA:502,0
DA:503,0
DA:505,0
DA:506,0
DA:508,0
DA:510,0
DA:511,0
DA:513,0
DA:518,20
DA:519,0
DA:520,0
DA:522,0
DA:523,0
DA:524,0
DA:525,0
DA:529,0
DA:530,0
DA:531,0
DA:532,0
DA:535,0
DA:541,0
DA:542,0
DA:544,0
DA:548,0
DA:550,0
DA:552,0
DA:553,0
DA:555,0
DA:560,20
DA:561,10
DA:562,10
DA:563,0
DA:567,20
LF:198
LH:38
BRDA:123,0,0,0
BRDA:123,0,1,0
BRDA:123,0,2,0
BRDA:123,0,3,0
BRDA:123,0,4,0
BRDA:123,0,5,0
BRDA:135,1,0,0
BRDA:135,1,1,0
BRDA:135,1,2,0
BRDA:135,1,3,0
BRDA:135,1,4,0
BRDA:135,1,5,0
BRDA:150,2,0,0
BRDA:150,2,1,0
BRDA:150,2,2,0
BRDA:150,2,3,0
BRDA:150,3,0,0
BRDA:150,3,1,0
BRDA:150,4,0,0
BRDA:150,4,1,0
BRDA:151,5,0,0
BRDA:151,5,1,0
BRDA:152,6,0,0
BRDA:152,6,1,0
BRDA:155,7,0,0
BRDA:155,7,1,0
BRDA:158,8,0,0
BRDA:158,8,1,0
BRDA:161,9,0,0
BRDA:161,9,1,0
BRDA:162,10,0,0
BRDA:162,10,1,0
BRDA:163,11,0,0
BRDA:163,11,1,0
BRDA:170,12,0,0
BRDA:170,12,1,0
BRDA:171,13,0,0
BRDA:171,13,1,0
BRDA:178,14,0,0
BRDA:178,14,1,0
BRDA:179,15,0,0
BRDA:179,15,1,0
BRDA:180,16,0,0
BRDA:180,16,1,0
BRDA:196,17,0,0
BRDA:196,17,1,0
BRDA:196,18,0,0
BRDA:196,18,1,0
BRDA:197,19,0,0
BRDA:197,19,1,0
BRDA:210,20,0,0
BRDA:210,20,1,0
BRDA:229,21,0,0
BRDA:229,21,1,0
BRDA:229,22,0,0
BRDA:229,22,1,0
BRDA:230,23,0,0
BRDA:230,23,1,0
BRDA:243,24,0,0
BRDA:243,24,1,0
BRDA:262,25,0,0
BRDA:262,25,1,0
BRDA:262,26,0,0
BRDA:262,26,1,0
BRDA:263,27,0,0
BRDA:263,27,1,0
BRDA:276,28,0,0
BRDA:276,28,1,0
BRDA:292,29,0,0
BRDA:292,29,1,0
BRDA:292,30,0,0
BRDA:292,30,1,0
BRDA:296,31,0,0
BRDA:296,31,1,0
BRDA:301,32,0,0
BRDA:301,32,1,0
BRDA:301,33,0,0
BRDA:301,33,1,0
BRDA:305,34,0,0
BRDA:305,34,1,0
BRDA:310,35,0,0
BRDA:310,35,1,0
BRDA:310,36,0,0
BRDA:310,36,1,0
BRDA:311,37,0,0
BRDA:311,37,1,0
BRDA:316,38,0,0
BRDA:316,38,1,0
BRDA:325,39,0,0
BRDA:325,39,1,0
BRDA:325,40,0,0
BRDA:325,40,1,0
BRDA:328,41,0,0
BRDA:328,41,1,0
BRDA:341,42,0,10
BRDA:341,42,1,0
BRDA:367,43,0,0
BRDA:367,43,1,0
BRDA:368,44,0,0
BRDA:368,44,1,0
BRDA:372,45,0,0
BRDA:372,45,1,0
BRDA:372,46,0,0
BRDA:372,46,1,0
BRDA:377,47,0,0
BRDA:377,47,1,0
BRDA:379,48,0,0
BRDA:379,48,1,0
BRDA:400,49,0,0
BRDA:400,49,1,0
BRDA:401,50,0,0
BRDA:401,50,1,0
BRDA:402,51,0,0
BRDA:402,51,1,0
BRDA:403,52,0,0
BRDA:403,52,1,0
BRDA:404,53,0,0
BRDA:404,53,1,0
BRDA:404,54,0,0
BRDA:404,54,1,0
BRDA:405,55,0,0
BRDA:405,55,1,0
BRDA:409,56,0,0
BRDA:409,56,1,0
BRDA:409,57,0,0
BRDA:409,57,1,0
BRDA:414,58,0,0
BRDA:414,58,1,0
BRDA:416,59,0,0
BRDA:416,59,1,0
BRDA:430,60,0,0
BRDA:430,60,1,0
BRDA:435,61,0,0
BRDA:435,61,1,0
BRDA:437,62,0,0
BRDA:437,62,1,0
BRDA:452,63,0,0
BRDA:452,63,1,0
BRDA:456,64,0,0
BRDA:456,64,1,0
BRDA:456,65,0,0
BRDA:456,65,1,0
BRDA:461,66,0,0
BRDA:461,66,1,0
BRDA:463,67,0,0
BRDA:463,67,1,0
BRDA:477,68,0,0
BRDA:477,68,1,0
BRDA:478,69,0,0
BRDA:478,69,1,0
BRDA:482,70,0,0
BRDA:482,70,1,0
BRDA:482,71,0,0
BRDA:482,71,1,0
BRDA:487,72,0,0
BRDA:487,72,1,0
BRDA:489,73,0,0
BRDA:489,73,1,0
BRDA:503,74,0,0
BRDA:503,74,1,0
BRDA:508,75,0,0
BRDA:508,75,1,0
BRDA:510,76,0,0
BRDA:510,76,1,0
BRDA:524,77,0,0
BRDA:524,77,1,0
BRDA:531,78,0,0
BRDA:531,78,1,0
BRDA:536,79,0,0
BRDA:536,79,1,0
BRDA:537,80,0,0
BRDA:537,80,1,0
BRDA:542,81,0,0
BRDA:542,81,1,0
BRDA:550,82,0,0
BRDA:550,82,1,0
BRDA:552,83,0,0
BRDA:552,83,1,0
BRF:178
BRH:1
end_of_record
TN:
SF:src/pages/index.ts
FNF:0
FNH:0
LF:0
LH:0
BRF:0
BRH:0
end_of_record
TN:
SF:src/pages/Catalogs/Catalogs.tsx
FN:50,(anonymous_0)
FN:70,(anonymous_1)
FN:72,(anonymous_2)
FN:81,(anonymous_3)
FN:82,(anonymous_4)
FN:83,(anonymous_5)
FN:86,(anonymous_6)
FN:94,(anonymous_7)
FN:107,(anonymous_8)
FN:113,(anonymous_9)
FN:127,(anonymous_10)
FN:153,(anonymous_11)
FN:255,(anonymous_12)
FN:270,(anonymous_13)
FN:273,(anonymous_14)
FN:302,(anonymous_15)
FN:346,(anonymous_16)
FN:353,(anonymous_17)
FN:371,(anonymous_18)
FN:415,(anonymous_19)
FN:422,(anonymous_20)
FN:452,(anonymous_21)
FN:472,(anonymous_22)
FN:482,(anonymous_23)
FN:491,(anonymous_24)
FN:502,(anonymous_25)
FN:505,(anonymous_26)
FN:505,(anonymous_27)
FN:518,(anonymous_28)
FN:525,(anonymous_29)
FN:535,(anonymous_30)
FN:548,(anonymous_31)
FN:551,(anonymous_32)
FNF:33
FNH:6
FNDA:7,(anonymous_0)
FNDA:12,(anonymous_1)
FNDA:2,(anonymous_2)
FNDA:0,(anonymous_3)
FNDA:0,(anonymous_4)
FNDA:0,(anonymous_5)
FNDA:0,(anonymous_6)
FNDA:0,(anonymous_7)
FNDA:0,(anonymous_8)
FNDA:0,(anonymous_9)
FNDA:0,(anonymous_10)
FNDA:0,(anonymous_11)
FNDA:0,(anonymous_12)
FNDA:0,(anonymous_13)
FNDA:6,(anonymous_14)
FNDA:0,(anonymous_15)
FNDA:0,(anonymous_16)
FNDA:0,(anonymous_17)
FNDA:0,(anonymous_18)
FNDA:0,(anonymous_19)
FNDA:0,(anonymous_20)
FNDA:0,(anonymous_21)
FNDA:0,(anonymous_22)
FNDA:0,(anonymous_23)
FNDA:0,(anonymous_24)
FNDA:0,(anonymous_25)
FNDA:6,(anonymous_26)
FNDA:5,(anonymous_27)
FNDA:0,(anonymous_28)
FNDA:0,(anonymous_29)
FNDA:0,(anonymous_30)
FNDA:0,(anonymous_31)
FNDA:0,(anonymous_32)
DA:50,2
DA:51,7
DA:52,6
DA:53,6
DA:54,6
DA:55,6
DA:56,6
DA:57,6
DA:60,6
DA:69,6
DA:70,12
DA:72,6
DA:73,2
DA:76,6
DA:79,6
DA:81,0
DA:82,0
DA:83,0
DA:86,6
DA:87,0
DA:89,0
DA:90,0
DA:94,6
DA:95,0
DA:103,0
DA:107,6
DA:108,0
DA:109,0
DA:113,6
DA:114,0
DA:122,0
DA:123,0
DA:127,6
DA:128,0
DA:129,0
DA:130,0
DA:132,0
DA:141,0
DA:142,0
DA:143,0
DA:145,0
DA:146,0
DA:148,0
DA:149,0
DA:153,6
DA:154,0
DA:155,0
DA:159,6
DA:160,2
DA:168,4
DA:169,3
DA:178,1
DA:255,0
DA:270,0
DA:274,6
DA:303,0
DA:346,0
DA:353,0
DA:372,0
DA:415,0
DA:422,0
DA:452,0
DA:472,0
DA:482,0
DA:491,0
DA:502,0
DA:505,6
DA:506,5
DA:518,0
DA:525,0
DA:535,0
DA:548,0
DA:551,0
LF:73
LH:29
BRDA:83,0,0,0
BRDA:83,0,1,6
BRDA:87,1,0,0
BRDA:87,1,1,0
BRDA:89,2,0,0
BRDA:89,2,1,0
BRDA:90,3,0,0
BRDA:90,3,1,0
BRDA:128,4,0,0
BRDA:128,4,1,0
BRDA:128,5,0,0
BRDA:128,5,1,0
BRDA:128,5,2,0
BRDA:128,5,3,0
BRDA:141,6,0,0
BRDA:141,6,1,0
BRDA:159,7,0,2
BRDA:159,7,1,4
BRDA:168,8,0,3
BRDA:168,8,1,1
BRDA:275,9,0,1
BRDA:275,9,1,5
BRDA:329,10,0,0
BRDA:329,10,1,0
BRDA:330,11,0,0
BRDA:330,11,1,0
BRDA:385,12,0,0
BRDA:385,12,1,0
BRDA:398,13,0,0
BRDA:398,13,1,0
BRDA:399,14,0,0
BRDA:399,14,1,0
BRDA:464,15,0,0
BRDA:464,15,1,1
BRDA:518,16,0,0
BRDA:518,16,1,0
BRDA:539,17,0,0
BRDA:539,17,1,1
BRF:38
BRH:9
end_of_record
TN:
SF:src/pages/Home/Home.tsx
FN:27,(anonymous_0)
FN:28,(anonymous_1)
FN:87,(anonymous_2)
FN:110,(anonymous_3)
FN:122,(anonymous_4)
FN:189,(anonymous_5)
FN:196,(anonymous_6)
FN:229,(anonymous_7)
FN:248,(anonymous_8)
FNF:9
FNH:2
FNDA:2,(anonymous_0)
FNDA:4,(anonymous_1)
FNDA:0,(anonymous_2)
FNDA:0,(anonymous_3)
FNDA:0,(anonymous_4)
FNDA:0,(anonymous_5)
FNDA:0,(anonymous_6)
FNDA:0,(anonymous_7)
FNDA:0,(anonymous_8)
DA:27,2
DA:28,4
DA:29,2
DA:30,2
DA:32,2
DA:67,2
DA:87,0
DA:111,0
DA:122,0
DA:189,0
DA:196,0
DA:229,0
DA:248,0
LF:13
LH:6
BRDA:71,0,0,0
BRDA:71,0,1,2
BRDA:71,1,0,2
BRDA:71,1,1,0
BRDA:76,2,0,2
BRDA:76,2,1,2
BRDA:96,3,0,0
BRDA:96,3,1,2
BRDA:251,4,0,0
BRDA:251,4,1,2
BRF:10
BRH:6
end_of_record
TN:
SF:src/pages/Login/Login.tsx
FN:15,(anonymous_0)
FN:21,(anonymous_1)
FN:65,(anonymous_2)
FN:81,(anonymous_3)
FNF:4
FNH:1
FNDA:4,(anonymous_0)
FNDA:0,(anonymous_1)
FNDA:0,(anonymous_2)
FNDA:0,(anonymous_3)
DA:15,2
DA:16,4
DA:17,4
DA:18,4
DA:19,4
DA:21,4
DA:22,0
DA:23,0
DA:25,0
DA:26,0
DA:29,0
DA:30,0
DA:34,4
DA:65,0
DA:81,0
LF:15
LH:7
BRDA:29,0,0,0
BRDA:29,0,1,0
BRDA:49,1,0,4
BRDA:49,1,1,4
BRDA:49,1,2,0
BRDA:51,2,0,0
BRDA:51,2,1,0
BRDA:100,3,0,0
BRDA:100,3,1,4
BRF:9
BRH:3
end_of_record
TN:
SF:src/pages/Permissions/Permissions.tsx
FN:46,(anonymous_0)
FN:95,(anonymous_1)
FN:98,(anonymous_2)
FN:99,(anonymous_3)
FN:105,(anonymous_4)
FN:107,(anonymous_5)
FN:113,(anonymous_6)
FN:113,(anonymous_7)
FN:116,(anonymous_8)
FN:116,(anonymous_9)
FN:121,(anonymous_10)
FN:123,(anonymous_11)
FN:125,(anonymous_12)
FN:138,(anonymous_13)
FN:139,(anonymous_14)
FN:140,(anonymous_15)
FN:141,(anonymous_16)
FN:143,(anonymous_17)
FN:154,(anonymous_18)
FN:168,(anonymous_19)
FN:169,(anonymous_20)
FN:172,(anonymous_21)
FN:173,(anonymous_22)
FN:190,(anonymous_23)
FN:191,(anonymous_24)
FN:207,(anonymous_25)
FN:221,(anonymous_26)
FN:226,(anonymous_27)
FN:227,(anonymous_28)
FN:243,(anonymous_29)
FN:244,(anonymous_30)
FN:250,(anonymous_31)
FN:254,(anonymous_32)
FN:265,(anonymous_33)
FN:270,(anonymous_34)
FN:284,(anonymous_35)
FN:289,(anonymous_36)
FN:290,(anonymous_37)
FN:319,(anonymous_38)
FN:356,(anonymous_39)
FN:358,(anonymous_40)
FN:381,(anonymous_41)
FN:388,(anonymous_42)
FN:425,(anonymous_43)
FN:434,(anonymous_44)
FN:455,(anonymous_45)
FN:485,(anonymous_46)
FN:487,(anonymous_47)
FN:489,(anonymous_48)
FN:515,(anonymous_49)
FN:548,(anonymous_50)
FN:549,(anonymous_51)
FN:549,(anonymous_52)
FN:550,(anonymous_53)
FN:552,(anonymous_54)
FN:555,(anonymous_55)
FN:569,(anonymous_56)
FN:570,(anonymous_57)
FN:571,(anonymous_58)
FN:588,(anonymous_59)
FN:605,(anonymous_60)
FN:612,(anonymous_61)
FN:615,(anonymous_62)
FN:639,(anonymous_63)
FN:644,(anonymous_64)
FN:761,(anonymous_65)
FN:792,(anonymous_66)
FN:795,(anonymous_67)
FN:796,(anonymous_68)
FN:816,(anonymous_69)
FN:831,(anonymous_70)
FN:875,(anonymous_71)
FN:875,(anonymous_72)
FN:884,(anonymous_73)
FN:888,(anonymous_74)
FN:923,(anonymous_75)
FNF:76
FNH:7
FNDA:20,(anonymous_0)
FNDA:10,(anonymous_1)
FNDA:0,(anonymous_2)
FNDA:0,(anonymous_3)
FNDA:10,(anonymous_4)
FNDA:0,(anonymous_5)
FNDA:10,(anonymous_6)
FNDA:0,(anonymous_7)
FNDA:10,(anonymous_8)
FNDA:0,(anonymous_9)
FNDA:10,(anonymous_10)
FNDA:0,(anonymous_11)
FNDA:0,(anonymous_12)
FNDA:0,(anonymous_13)
FNDA:0,(anonymous_14)
FNDA:0,(anonymous_15)
FNDA:0,(anonymous_16)
FNDA:0,(anonymous_17)
FNDA:0,(anonymous_18)
FNDA:0,(anonymous_19)
FNDA:0,(anonymous_20)
FNDA:0,(anonymous_21)
FNDA:0,(anonymous_22)
FNDA:0,(anonymous_23)
FNDA:0,(anonymous_24)
FNDA:0,(anonymous_25)
FNDA:0,(anonymous_26)
FNDA:0,(anonymous_27)
FNDA:0,(anonymous_28)
FNDA:0,(anonymous_29)
FNDA:0,(anonymous_30)
FNDA:0,(anonymous_31)
FNDA:0,(anonymous_32)
FNDA:0,(anonymous_33)
FNDA:0,(anonymous_34)
FNDA:0,(anonymous_35)
FNDA:20,(anonymous_36)
FNDA:0,(anonymous_37)
FNDA:0,(anonymous_38)
FNDA:0,(anonymous_39)
FNDA:0,(anonymous_40)
FNDA:0,(anonymous_41)
FNDA:0,(anonymous_42)
FNDA:0,(anonymous_43)
FNDA:0,(anonymous_44)
FNDA:0,(anonymous_45)
FNDA:0,(anonymous_46)
FNDA:0,(anonymous_47)
FNDA:0,(anonymous_48)
FNDA:0,(anonymous_49)
FNDA:0,(anonymous_50)
FNDA:0,(anonymous_51)
FNDA:0,(anonymous_52)
FNDA:0,(anonymous_53)
FNDA:0,(anonymous_54)
FNDA:0,(anonymous_55)
FNDA:0,(anonymous_56)
FNDA:0,(anonymous_57)
FNDA:0,(anonymous_58)
FNDA:0,(anonymous_59)
FNDA:0,(anonymous_60)
FNDA:0,(anonymous_61)
FNDA:0,(anonymous_62)
FNDA:0,(anonymous_63)
FNDA:0,(anonymous_64)
FNDA:0,(anonymous_65)
FNDA:0,(anonymous_66)
FNDA:0,(anonymous_67)
FNDA:0,(anonymous_68)
FNDA:0,(anonymous_69)
FNDA:0,(anonymous_70)
FNDA:0,(anonymous_71)
FNDA:0,(anonymous_72)
FNDA:0,(anonymous_73)
FNDA:0,(anonymous_74)
FNDA:0,(anonymous_75)
DA:46,2
DA:61,20
DA:63,20
DA:64,20
DA:67,20
DA:68,20
DA:71,20
DA:74,20
DA:75,20
DA:83,20
DA:84,20
DA:85,20
DA:86,20
DA:87,20
DA:88,20
DA:90,20
DA:92,20
DA:95,20
DA:96,10
DA:98,10
DA:99,0
DA:101,10
DA:105,20
DA:106,10
DA:107,10
DA:108,0
DA:110,10
DA:113,20
DA:115,20
DA:116,10
DA:121,20
DA:122,10
DA:123,10
DA:124,0
DA:125,0
DA:128,0
DA:129,0
DA:132,10
DA:138,20
DA:139,20
DA:140,20
DA:141,20
DA:143,0
DA:144,0
DA:145,0
DA:146,0
DA:148,0
DA:149,0
DA:150,0
DA:154,0
DA:157,0
DA:158,0
DA:163,0
DA:168,20
DA:169,20
DA:172,20
DA:173,0
DA:174,0
DA:175,0
DA:176,0
DA:190,20
DA:191,0
DA:192,0
DA:193,0
DA:207,20
DA:208,0
DA:209,0
DA:210,0
DA:211,0
DA:212,0
DA:213,0
DA:216,0
DA:221,20
DA:222,0
DA:226,20
DA:227,0
DA:236,20
DA:237,20
DA:240,20
DA:241,20
DA:243,20
DA:244,0
DA:245,0
DA:246,0
DA:247,0
DA:250,20
DA:251,0
DA:252,0
DA:253,0
DA:254,0
DA:255,0
DA:257,0
DA:259,0
DA:260,0
DA:265,20
DA:266,0
DA:267,0
DA:270,20
DA:271,0
DA:272,0
DA:273,0
DA:274,0
DA:276,0
DA:278,0
DA:279,0
DA:284,20
DA:285,0
DA:286,0
DA:289,20
DA:290,20
DA:291,0
DA:292,0
DA:294,0
DA:319,0
DA:358,0
DA:359,0
DA:360,0
DA:361,0
DA:381,0
DA:388,0
DA:402,20
DA:425,0
DA:434,0
DA:455,0
DA:487,0
DA:488,0
DA:489,0
DA:490,0
DA:491,0
DA:492,0
DA:515,0
DA:548,0
DA:549,0
DA:551,0
DA:552,0
DA:553,0
DA:554,0
DA:555,0
DA:556,0
DA:558,0
DA:570,0
DA:571,0
DA:572,0
DA:589,0
DA:590,0
DA:605,0
DA:612,0
DA:616,0
DA:617,0
DA:618,0
DA:619,0
DA:621,0
DA:622,0
DA:623,0
DA:639,0
DA:644,0
DA:761,0
DA:793,0
DA:796,0
DA:797,0
DA:798,0
DA:799,0
DA:800,0
DA:801,0
DA:803,0
DA:816,0
DA:831,0
DA:875,0
DA:885,0
DA:887,0
DA:888,0
DA:889,0
DA:893,0
DA:894,0
DA:895,0
DA:898,0
DA:899,0
DA:901,0
DA:902,0
DA:905,0
DA:906,0
DA:909,0
DA:911,0
DA:923,0
LF:184
LH:55
BRDA:124,0,0,0
BRDA:124,0,1,0
BRDA:128,1,0,0
BRDA:128,1,1,0
BRDA:128,2,0,0
BRDA:128,2,1,0
BRDA:128,2,2,0
BRDA:144,3,0,0
BRDA:144,3,1,0
BRDA:144,4,0,0
BRDA:144,4,1,0
BRDA:148,5,0,0
BRDA:148,5,1,0
BRDA:148,6,0,0
BRDA:148,6,1,0
BRDA:157,7,0,0
BRDA:157,7,1,0
BRDA:182,8,0,0
BRDA:182,8,1,0
BRDA:182,9,0,0
BRDA:182,9,1,0
BRDA:198,10,0,0
BRDA:198,10,1,0
BRDA:209,11,0,0
BRDA:209,11,1,0
BRDA:210,12,0,0
BRDA:210,12,1,0
BRDA:245,13,0,0
BRDA:245,13,1,0
BRDA:251,14,0,0
BRDA:251,14,1,0
BRDA:254,15,0,0
BRDA:254,15,1,0
BRDA:271,16,0,0
BRDA:271,16,1,0
BRDA:291,17,0,0
BRDA:291,17,1,0
BRDA:335,18,0,0
BRDA:335,18,1,0
BRDA:340,19,0,0
BRDA:340,19,1,0
BRDA:342,20,0,0
BRDA:342,20,1,0
BRDA:359,21,0,0
BRDA:359,21,1,0
BRDA:363,22,0,0
BRDA:363,22,1,0
BRDA:366,23,0,0
BRDA:366,23,1,0
BRDA:372,24,0,0
BRDA:372,24,1,0
BRDA:373,25,0,0
BRDA:373,25,1,0
BRDA:374,26,0,0
BRDA:374,26,1,0
BRDA:374,27,0,0
BRDA:374,27,1,0
BRDA:375,28,0,0
BRDA:375,28,1,0
BRDA:375,29,0,0
BRDA:375,29,1,0
BRDA:376,30,0,0
BRDA:376,30,1,0
BRDA:377,31,0,0
BRDA:377,31,1,0
BRDA:378,32,0,0
BRDA:378,32,1,0
BRDA:379,33,0,0
BRDA:379,33,1,0
BRDA:381,34,0,0
BRDA:381,34,1,0
BRDA:403,35,0,0
BRDA:403,35,1,20
BRDA:404,36,0,20
BRDA:404,36,1,0
BRDA:410,37,0,20
BRDA:410,37,1,10
BRDA:417,38,0,0
BRDA:417,38,1,20
BRDA:480,39,0,20
BRDA:480,39,1,0
BRDA:490,40,0,0
BRDA:490,40,1,0
BRDA:491,41,0,0
BRDA:491,41,1,0
BRDA:494,42,0,0
BRDA:494,42,1,0
BRDA:535,43,0,0
BRDA:535,43,1,0
BRDA:536,44,0,0
BRDA:536,44,1,0
BRDA:539,45,0,0
BRDA:539,45,1,0
BRDA:549,46,0,0
BRDA:549,46,1,0
BRDA:556,47,0,0
BRDA:556,47,1,0
BRDA:556,48,0,0
BRDA:556,48,1,0
BRDA:572,49,0,0
BRDA:572,49,1,0
BRDA:589,50,0,0
BRDA:589,50,1,0
BRDA:597,51,0,0
BRDA:597,51,1,0
BRDA:598,52,0,0
BRDA:598,52,1,0
BRDA:606,53,0,0
BRDA:606,53,1,0
BRDA:611,54,0,0
BRDA:611,54,1,0
BRDA:611,55,0,0
BRDA:611,55,1,0
BRDA:612,56,0,0
BRDA:612,56,1,0
BRDA:616,57,0,0
BRDA:616,57,1,0
BRDA:618,58,0,0
BRDA:618,58,1,0
BRDA:619,59,0,0
BRDA:619,59,1,0
BRDA:619,60,0,0
BRDA:619,60,1,0
BRDA:619,61,0,0
BRDA:619,61,1,0
BRDA:621,62,0,0
BRDA:621,62,1,0
BRDA:621,63,0,0
BRDA:621,63,1,0
BRDA:621,64,0,0
BRDA:621,64,1,0
BRDA:622,65,0,0
BRDA:622,65,1,0
BRDA:622,66,0,0
BRDA:622,66,1,0
BRDA:622,67,0,0
BRDA:622,67,1,0
BRDA:624,68,0,0
BRDA:624,68,1,0
BRDA:624,69,0,0
BRDA:624,69,1,0
BRDA:624,70,0,0
BRDA:624,70,1,0
BRDA:632,71,0,0
BRDA:632,71,1,0
BRDA:632,72,0,0
BRDA:632,72,1,0
BRDA:633,73,0,0
BRDA:633,73,1,0
BRDA:633,74,0,0
BRDA:633,74,1,0
BRDA:634,75,0,0
BRDA:634,75,1,0
BRDA:634,76,0,0
BRDA:634,76,1,0
BRDA:635,77,0,0
BRDA:635,77,1,0
BRDA:635,78,0,0
BRDA:635,78,1,0
BRDA:639,79,0,0
BRDA:639,79,1,0
BRDA:639,80,0,0
BRDA:639,80,1,0
BRDA:643,81,0,0
BRDA:643,81,1,0
BRDA:649,82,0,0
BRDA:649,82,1,0
BRDA:649,83,0,0
BRDA:649,83,1,0
BRDA:651,84,0,0
BRDA:651,84,1,0
BRDA:651,85,0,0
BRDA:651,85,1,0
BRDA:659,86,0,0
BRDA:659,86,1,0
BRDA:660,87,0,0
BRDA:660,87,1,0
BRDA:660,88,0,0
BRDA:660,88,1,0
BRDA:713,89,0,20
BRDA:713,89,1,0
BRDA:713,89,2,0
BRDA:715,90,0,0
BRDA:715,90,1,0
BRDA:715,91,0,0
BRDA:715,91,1,0
BRDA:716,92,0,0
BRDA:716,92,1,0
BRDA:716,93,0,0
BRDA:716,93,1,0
BRDA:730,94,0,20
BRDA:730,94,1,0
BRDA:797,95,0,0
BRDA:797,95,1,0
BRDA:798,96,0,0
BRDA:798,96,1,0
BRDA:800,97,0,0
BRDA:800,97,1,0
BRDA:801,98,0,0
BRDA:801,98,1,0
BRDA:808,99,0,0
BRDA:808,99,1,0
BRDA:810,100,0,0
BRDA:810,100,1,0
BRDA:820,101,0,0
BRDA:820,101,1,0
BRDA:822,102,0,0
BRDA:822,102,1,0
BRDA:835,103,0,0
BRDA:835,103,1,0
BRDA:837,104,0,0
BRDA:837,104,1,0
BRDA:839,105,0,0
BRDA:839,105,1,0
BRDA:840,106,0,0
BRDA:840,106,1,0
BRDA:840,107,0,0
BRDA:840,107,1,0
BRDA:840,108,0,0
BRDA:840,108,1,0
BRDA:859,109,0,0
BRDA:859,109,1,20
BRDA:874,110,0,20
BRDA:874,110,1,20
BRDA:875,111,0,0
BRDA:875,111,1,0
BRDA:885,112,0,0
BRDA:885,112,1,0
BRDA:889,113,0,0
BRDA:889,113,1,0
BRDA:893,114,0,0
BRDA:893,114,1,0
BRDA:899,115,0,0
BRDA:899,115,1,0
BRDA:909,116,0,0
BRDA:909,116,1,0
BRF:236
BRH:11
end_of_record
TN:
SF:src/pages/Tasks/Tasks.tsx
FN:42,(anonymous_0)
FN:43,(anonymous_1)
FN:51,(anonymous_2)
FN:79,(anonymous_3)
FN:80,(anonymous_4)
FN:81,(anonymous_5)
FN:84,(anonymous_6)
FN:95,(anonymous_7)
FN:99,(anonymous_8)
FN:104,(anonymous_9)
FN:112,(anonymous_10)
FN:121,(anonymous_11)
FN:150,(anonymous_12)
FN:161,(anonymous_13)
FN:166,(anonymous_14)
FN:175,(anonymous_15)
FN:316,(anonymous_16)
FN:341,(anonymous_17)
FN:360,(anonymous_18)
FN:363,(anonymous_19)
FN:374,(anonymous_20)
FN:393,(anonymous_21)
FN:400,(anonymous_22)
FN:422,(anonymous_23)
FN:435,(anonymous_24)
FN:438,(anonymous_25)
FNF:26
FNH:3
FNDA:3,(anonymous_0)
FNDA:6,(anonymous_1)
FNDA:2,(anonymous_2)
FNDA:0,(anonymous_3)
FNDA:0,(anonymous_4)
FNDA:0,(anonymous_5)
FNDA:0,(anonymous_6)
FNDA:0,(anonymous_7)
FNDA:0,(anonymous_8)
FNDA:0,(anonymous_9)
FNDA:0,(anonymous_10)
FNDA:0,(anonymous_11)
FNDA:0,(anonymous_12)
FNDA:0,(anonymous_13)
FNDA:0,(anonymous_14)
FNDA:0,(anonymous_15)
FNDA:0,(anonymous_16)
FNDA:0,(anonymous_17)
FNDA:0,(anonymous_18)
FNDA:0,(anonymous_19)
FNDA:0,(anonymous_20)
FNDA:0,(anonymous_21)
FNDA:0,(anonymous_22)
FNDA:0,(anonymous_23)
FNDA:0,(anonymous_24)
FNDA:0,(anonymous_25)
DA:42,2
DA:43,6
DA:44,3
DA:45,3
DA:46,3
DA:49,3
DA:51,3
DA:52,2
DA:55,3
DA:60,3
DA:63,3
DA:70,3
DA:71,3
DA:74,3
DA:77,3
DA:79,0
DA:80,0
DA:81,0
DA:84,3
DA:85,0
DA:87,0
DA:89,0
DA:91,0
DA:95,3
DA:96,0
DA:99,3
DA:100,0
DA:104,3
DA:105,0
DA:106,0
DA:107,0
DA:108,0
DA:109,0
DA:111,0
DA:113,0
DA:116,0
DA:117,0
DA:118,0
DA:121,3
DA:122,0
DA:123,0
DA:125,0
DA:126,0
DA:135,0
DA:136,0
DA:138,0
DA:144,0
DA:146,0
DA:147,0
DA:150,3
DA:151,0
DA:156,0
DA:157,0
DA:161,3
DA:162,0
DA:163,0
DA:166,3
DA:167,0
DA:168,0
DA:169,0
DA:171,0
DA:172,0
DA:175,3
DA:176,0
DA:177,0
DA:181,3
DA:182,2
DA:190,1
DA:191,0
DA:200,1
DA:317,0
DA:318,0
DA:319,0
DA:342,0
DA:360,0
DA:363,0
DA:375,0
DA:393,0
DA:400,0
DA:423,0
DA:424,0
DA:425,0
DA:435,0
DA:438,0
LF:84
LH:28
BRDA:85,0,0,0
BRDA:85,0,1,0
BRDA:85,0,2,0
BRDA:106,1,0,0
BRDA:106,1,1,0
BRDA:107,2,0,0
BRDA:107,2,1,0
BRDA:108,3,0,0
BRDA:108,3,1,0
BRDA:109,4,0,0
BRDA:109,4,1,0
BRDA:113,5,0,0
BRDA:113,5,1,0
BRDA:116,6,0,0
BRDA:116,6,1,0
BRDA:123,7,0,0
BRDA:123,7,1,0
BRDA:125,8,0,0
BRDA:125,8,1,0
BRDA:167,9,0,0
BRDA:167,9,1,0
BRDA:181,10,0,2
BRDA:181,10,1,1
BRDA:190,11,0,0
BRDA:190,11,1,1
BRDA:269,12,0,0
BRDA:269,12,1,1
BRDA:313,13,0,1
BRDA:313,13,1,0
BRDA:331,14,0,0
BRDA:331,14,1,1
BRF:31
BRH:6
end_of_record
TN:
SF:src/pages/Users/Users.tsx
FN:5,(anonymous_0)
FNF:1
FNH:1
FNDA:3,(anonymous_0)
DA:5,2
DA:6,3
LF:2
LH:2
BRF:0
BRH:0
end_of_record
TN:
SF:src/services/api.ts
FN:7,(anonymous_0)
FN:14,(anonymous_1)
FN:20,(anonymous_2)
FN:31,(anonymous_3)
FN:42,(anonymous_4)
FN:53,(anonymous_5)
FNF:6
FNH:0
FNDA:0,(anonymous_0)
FNDA:0,(anonymous_1)
FNDA:0,(anonymous_2)
FNDA:0,(anonymous_3)
FNDA:0,(anonymous_4)
FNDA:0,(anonymous_5)
DA:3,3
DA:6,3
DA:8,0
DA:9,0
DA:10,0
DA:12,0
DA:15,0
DA:20,3
DA:21,0
DA:22,0
DA:23,0
DA:25,0
DA:26,0
DA:31,3
DA:32,0
DA:33,0
DA:34,0
DA:36,0
DA:37,0
DA:42,3
DA:43,0
DA:44,0
DA:45,0
DA:47,0
DA:48,0
DA:53,3
DA:54,0
DA:55,0
DA:56,0
DA:58,0
DA:59,0
LF:31
LH:6
BRDA:3,0,0,3
BRDA:3,0,1,0
BRDA:9,1,0,0
BRDA:9,1,1,0
BRF:4
BRH:1
end_of_record
TN:
SF:src/services/apiClient.ts
FN:26,(anonymous_0)
FN:33,(anonymous_1)
FN:40,(anonymous_2)
FN:43,(anonymous_3)
FN:55,(anonymous_4)
FN:57,(anonymous_5)
FN:63,(anonymous_6)
FN:65,(anonymous_7)
FN:68,(anonymous_8)
FN:74,(anonymous_9)
FN:75,(anonymous_10)
FN:77,(anonymous_11)
FN:78,(anonymous_12)
FN:80,(anonymous_13)
FN:81,(anonymous_14)
FNF:15
FNH:1
FNDA:0,(anonymous_0)
FNDA:0,(anonymous_1)
FNDA:0,(anonymous_2)
FNDA:0,(anonymous_3)
FNDA:16,(anonymous_4)
FNDA:0,(anonymous_5)
FNDA:0,(anonymous_6)
FNDA:0,(anonymous_7)
FNDA:0,(anonymous_8)
FNDA:0,(anonymous_9)
FNDA:0,(anonymous_10)
FNDA:0,(anonymous_11)
FNDA:0,(anonymous_12)
FNDA:0,(anonymous_13)
FNDA:0,(anonymous_14)
DA:13,9
DA:16,9
DA:25,9
DA:27,0
DA:28,0
DA:29,0
DA:31,0
DA:34,0
DA:39,9
DA:41,0
DA:44,0
DA:46,0
DA:47,0
DA:49,0
DA:54,9
DA:56,16
DA:57,16
DA:58,0
DA:59,0
DA:64,0
DA:65,0
DA:66,0
DA:67,0
DA:69,0
DA:70,0
DA:75,0
DA:78,0
DA:81,0
LF:28
LH:7
BRDA:28,0,0,0
BRDA:28,0,1,0
BRDA:44,1,0,0
BRDA:44,1,1,0
BRDA:69,2,0,0
BRDA:69,2,1,0
BRF:6
BRH:0
end_of_record
TN:
SF:src/services/apiConfig.ts
FN:17,(anonymous_0)
FNF:1
FNH:1
FNDA:12,(anonymous_0)
DA:2,8
DA:17,12
DA:20,8
DA:21,0
LF:4
LH:3
BRDA:4,0,0,8
BRDA:4,0,1,0
BRDA:7,1,0,8
BRDA:7,1,1,0
BRDA:20,2,0,0
BRDA:20,2,1,8
BRF:6
BRH:3
end_of_record
TN:
SF:src/services/auth.ts
FN:8,(anonymous_0)
FN:15,(anonymous_1)
FN:21,(anonymous_2)
FN:38,(anonymous_3)
FN:53,(anonymous_4)
FN:67,(anonymous_5)
FN:78,(anonymous_6)
FNF:7
FNH:0
FNDA:0,(anonymous_0)
FNDA:0,(anonymous_1)
FNDA:0,(anonymous_2)
FNDA:0,(anonymous_3)
FNDA:0,(anonymous_4)
FNDA:0,(anonymous_5)
FNDA:0,(anonymous_6)
DA:4,3
DA:7,3
DA:9,0
DA:10,0
DA:11,0
DA:13,0
DA:16,0
DA:21,3
DA:22,0
DA:23,0
DA:31,0
DA:32,0
DA:33,0
DA:35,0
DA:38,3
DA:39,0
DA:42,0
DA:45,0
DA:47,0
DA:48,0
DA:50,0
DA:53,3
DA:54,0
DA:57,0
DA:60,0
DA:62,0
DA:63,0
DA:64,0
DA:67,3
DA:68,0
DA:69,0
DA:71,0
DA:73,0
DA:74,0
DA:78,3
DA:79,0
DA:80,0
DA:83,0
DA:84,0
DA:85,0
DA:88,0
DA:90,0
DA:95,0
DA:97,0
DA:98,0
DA:99,0
DA:103,0
LF:47
LH:7
BRDA:4,0,0,3
BRDA:4,0,1,0
BRDA:10,1,0,0
BRDA:10,1,1,0
BRDA:22,2,0,0
BRDA:22,2,1,0
BRDA:31,3,0,0
BRDA:31,3,1,0
BRDA:31,3,2,0
BRDA:32,4,0,0
BRDA:32,4,1,0
BRDA:32,4,2,0
BRDA:32,4,3,0
BRDA:32,4,4,0
BRDA:33,5,0,0
BRDA:33,5,1,0
BRDA:33,5,2,0
BRDA:33,5,3,0
BRDA:83,6,0,0
BRDA:83,6,1,0
BRDA:83,7,0,0
BRDA:83,7,1,0
BRDA:83,7,2,0
BRF:23
BRH:1
end_of_record
TN:
SF:src/services/authApiService.ts
FN:19,(anonymous_0)
FN:24,(anonymous_1)
FN:30,(anonymous_2)
FN:36,(anonymous_3)
FN:49,(anonymous_4)
FNF:5
FNH:2
FNDA:0,(anonymous_0)
FNDA:0,(anonymous_1)
FNDA:1,(anonymous_2)
FNDA:1,(anonymous_3)
FNDA:0,(anonymous_4)
DA:17,4
DA:20,0
DA:25,0
DA:26,0
DA:31,1
DA:32,1
DA:37,1
DA:38,1
DA:39,0
DA:40,0
DA:42,0
DA:45,1
DA:50,0
DA:51,0
DA:53,0
LF:15
LH:6
BRDA:38,0,0,0
BRDA:38,0,1,1
BRDA:50,1,0,0
BRDA:50,1,1,0
BRF:4
BRH:1
end_of_record
TN:
SF:src/services/catalogService.ts
FN:41,(anonymous_0)
FN:46,(anonymous_1)
FN:51,(anonymous_2)
FN:56,(anonymous_3)
FN:61,(anonymous_4)
FN:66,(anonymous_5)
FN:71,(anonymous_6)
FN:76,(anonymous_7)
FN:81,(anonymous_8)
FN:86,(anonymous_9)
FNF:10
FNH:1
FNDA:2,(anonymous_0)
FNDA:0,(anonymous_1)
FNDA:0,(anonymous_2)
FNDA:0,(anonymous_3)
FNDA:0,(anonymous_4)
FNDA:0,(anonymous_5)
FNDA:0,(anonymous_6)
FNDA:0,(anonymous_7)
FNDA:0,(anonymous_8)
FNDA:0,(anonymous_9)
DA:39,8
DA:42,2
DA:47,0
DA:52,0
DA:57,0
DA:62,0
DA:67,0
DA:72,0
DA:77,0
DA:82,0
DA:87,0
DA:92,8
DA:93,8
DA:94,8
DA:95,8
DA:96,8
DA:97,8
DA:98,8
DA:99,8
DA:100,8
DA:101,8
LF:21
LH:12
BRF:0
BRH:0
end_of_record
TN:
SF:src/services/index.ts
FNF:0
FNH:0
LF:0
LH:0
BRF:0
BRH:0
end_of_record
TN:
SF:src/services/mockDataService.ts
FN:130,(anonymous_0)
FN:146,(anonymous_1)
FN:183,(anonymous_2)
FN:194,(anonymous_3)
FN:201,(anonymous_4)
FN:201,(anonymous_5)
FN:207,(anonymous_6)
FN:221,(anonymous_7)
FN:236,(anonymous_8)
FN:240,(anonymous_9)
FN:263,(anonymous_10)
FN:267,(anonymous_11)
FN:274,(anonymous_12)
FN:296,(anonymous_13)
FN:300,(anonymous_14)
FN:309,(anonymous_15)
FN:313,(anonymous_16)
FN:321,(anonymous_17)
FN:325,(anonymous_18)
FN:334,(anonymous_19)
FN:346,(anonymous_20)
FN:357,(anonymous_21)
FN:374,(anonymous_22)
FN:378,(anonymous_23)
FN:393,(anonymous_24)
FN:397,(anonymous_25)
FN:406,(anonymous_26)
FN:410,(anonymous_27)
FN:419,(anonymous_28)
FN:434,(anonymous_29)
FN:438,(anonymous_30)
FN:442,(anonymous_31)
FN:451,(anonymous_32)
FN:467,(anonymous_33)
FN:473,(anonymous_34)
FN:488,(anonymous_35)
FN:492,(anonymous_36)
FNF:37
FNH:2
FNDA:24,(anonymous_0)
FNDA:24,(anonymous_1)
FNDA:0,(anonymous_2)
FNDA:0,(anonymous_3)
FNDA:0,(anonymous_4)
FNDA:0,(anonymous_5)
FNDA:0,(anonymous_6)
FNDA:0,(anonymous_7)
FNDA:0,(anonymous_8)
FNDA:0,(anonymous_9)
FNDA:0,(anonymous_10)
FNDA:0,(anonymous_11)
FNDA:0,(anonymous_12)
FNDA:0,(anonymous_13)
FNDA:0,(anonymous_14)
FNDA:0,(anonymous_15)
FNDA:0,(anonymous_16)
FNDA:0,(anonymous_17)
FNDA:0,(anonymous_18)
FNDA:0,(anonymous_19)
FNDA:0,(anonymous_20)
FNDA:0,(anonymous_21)
FNDA:0,(anonymous_22)
FNDA:0,(anonymous_23)
FNDA:0,(anonymous_24)
FNDA:0,(anonymous_25)
FNDA:0,(anonymous_26)
FNDA:0,(anonymous_27)
FNDA:0,(anonymous_28)
FNDA:0,(anonymous_29)
FNDA:0,(anonymous_30)
FNDA:0,(anonymous_31)
FNDA:0,(anonymous_32)
FNDA:0,(anonymous_33)
FNDA:0,(anonymous_34)
FNDA:0,(anonymous_35)
FNDA:0,(anonymous_36)
DA:25,8
DA:53,8
DA:84,8
DA:115,8
DA:130,24
DA:146,24
DA:183,8
DA:194,8
DA:201,8
DA:214,0
DA:215,0
DA:217,0
DA:219,0
DA:220,0
DA:221,0
DA:222,0
DA:228,0
DA:229,0
DA:230,0
DA:231,0
DA:233,0
DA:237,0
DA:238,0
DA:240,0
DA:242,0
DA:259,0
DA:260,0
DA:264,0
DA:265,0
DA:267,0
DA:268,0
DA:269,0
DA:272,0
DA:273,0
DA:274,0
DA:276,0
DA:292,0
DA:293,0
DA:297,0
DA:298,0
DA:300,0
DA:301,0
DA:302,0
DA:305,0
DA:306,0
DA:310,0
DA:311,0
DA:313,0
DA:314,0
DA:315,0
DA:318,0
DA:322,0
DA:323,0
DA:325,0
DA:326,0
DA:327,0
DA:330,0
DA:339,0
DA:340,0
DA:342,0
DA:344,0
DA:345,0
DA:346,0
DA:347,0
DA:351,0
DA:352,0
DA:354,0
DA:358,0
DA:359,0
DA:361,0
DA:370,0
DA:371,0
DA:375,0
DA:376,0
DA:378,0
DA:379,0
DA:380,0
DA:383,0
DA:389,0
DA:390,0
DA:394,0
DA:395,0
DA:397,0
DA:398,0
DA:399,0
DA:402,0
DA:403,0
DA:407,0
DA:408,0
DA:410,0
DA:411,0
DA:412,0
DA:415,0
DA:424,0
DA:425,0
DA:427,0
DA:428,0
DA:430,0
DA:435,0
DA:436,0
DA:438,0
DA:439,0
DA:448,0
DA:449,0
DA:451,0
DA:453,0
DA:463,0
DA:464,0
DA:470,0
DA:471,0
DA:473,0
DA:474,0
DA:475,0
DA:478,0
DA:484,0
DA:485,0
DA:489,0
DA:490,0
DA:492,0
DA:493,0
DA:494,0
DA:497,0
DA:498,0
LF:123
LH:9
BRDA:183,0,0,0
BRDA:183,1,0,0
BRDA:219,2,0,0
BRDA:219,2,1,0
BRDA:222,3,0,0
BRDA:222,3,1,0
BRDA:222,3,2,0
BRDA:228,4,0,0
BRDA:228,4,1,0
BRDA:229,5,0,0
BRDA:229,5,1,0
BRDA:240,6,0,0
BRDA:240,6,1,0
BRDA:268,7,0,0
BRDA:268,7,1,0
BRDA:273,8,0,0
BRDA:273,8,1,0
BRDA:274,9,0,0
BRDA:274,9,1,0
BRDA:278,10,0,0
BRDA:278,10,1,0
BRDA:279,11,0,0
BRDA:279,11,1,0
BRDA:280,12,0,0
BRDA:280,12,1,0
BRDA:285,13,0,0
BRDA:285,13,1,0
BRDA:286,14,0,0
BRDA:286,14,1,0
BRDA:286,15,0,0
BRDA:286,15,1,0
BRDA:301,16,0,0
BRDA:301,16,1,0
BRDA:314,17,0,0
BRDA:314,17,1,0
BRDA:326,18,0,0
BRDA:326,18,1,0
BRDA:344,19,0,0
BRDA:344,19,1,0
BRDA:351,20,0,0
BRDA:351,20,1,0
BRDA:352,21,0,0
BRDA:352,21,1,0
BRDA:364,22,0,0
BRDA:364,22,1,0
BRDA:379,23,0,0
BRDA:379,23,1,0
BRDA:398,24,0,0
BRDA:398,24,1,0
BRDA:411,25,0,0
BRDA:411,25,1,0
BRDA:427,26,0,0
BRDA:427,26,1,0
BRDA:428,27,0,0
BRDA:428,27,1,0
BRDA:457,28,0,0
BRDA:457,28,1,0
BRDA:474,29,0,0
BRDA:474,29,1,0
BRDA:493,30,0,0
BRDA:493,30,1,0
BRF:61
BRH:0
end_of_record
TN:
SF:src/services/permissionsApiService.ts
FN:79,(anonymous_0)
FN:103,(anonymous_1)
FN:112,(anonymous_2)
FN:117,(anonymous_3)
FN:122,(anonymous_4)
FN:131,(anonymous_5)
FN:136,(anonymous_6)
FN:141,(anonymous_7)
FN:146,(anonymous_8)
FN:151,(anonymous_9)
FN:166,(anonymous_10)
FNF:11
FNH:0
FNDA:0,(anonymous_0)
FNDA:0,(anonymous_1)
FNDA:0,(anonymous_2)
FNDA:0,(anonymous_3)
FNDA:0,(anonymous_4)
FNDA:0,(anonymous_5)
FNDA:0,(anonymous_6)
FNDA:0,(anonymous_7)
FNDA:0,(anonymous_8)
FNDA:0,(anonymous_9)
FNDA:0,(anonymous_10)
DA:73,2
DA:86,0
DA:87,0
DA:90,0
DA:91,0
DA:92,0
DA:93,0
DA:94,0
DA:95,0
DA:97,0
DA:98,0
DA:99,0
DA:104,0
DA:106,0
DA:108,0
DA:113,0
DA:118,0
DA:123,0
DA:132,0
DA:137,0
DA:142,0
DA:147,0
DA:152,0
DA:153,0
DA:154,0
DA:157,0
DA:158,0
DA:162,0
DA:167,0
LF:29
LH:1
BRDA:86,0,0,0
BRDA:86,0,1,0
BRDA:91,1,0,0
BRDA:91,1,1,0
BRDA:92,2,0,0
BRDA:92,2,1,0
BRDA:93,3,0,0
BRDA:93,3,1,0
BRDA:94,4,0,0
BRDA:94,4,1,0
BRDA:95,5,0,0
BRDA:95,5,1,0
BRDA:98,6,0,0
BRDA:98,6,1,0
BRDA:104,7,0,0
BRDA:104,7,1,0
BRDA:153,8,0,0
BRDA:153,8,1,0
BRDA:158,9,0,0
BRDA:158,9,1,0
BRF:20
BRH:0
end_of_record
TN:
SF:src/services/roleApiService.ts
FN:40,(anonymous_0)
FN:64,(anonymous_1)
FN:72,(anonymous_2)
FN:80,(anonymous_3)
FN:88,(anonymous_4)
FNF:5
FNH:1
FNDA:10,(anonymous_0)
FNDA:0,(anonymous_1)
FNDA:0,(anonymous_2)
FNDA:0,(anonymous_3)
FNDA:0,(anonymous_4)
DA:38,2
DA:47,10
DA:48,0
DA:51,10
DA:52,10
DA:53,10
DA:54,10
DA:55,10
DA:56,10
DA:58,10
DA:59,10
DA:60,10
DA:65,0
DA:66,0
DA:68,0
DA:73,0
DA:74,0
DA:76,0
DA:81,0
DA:82,0
DA:84,0
DA:89,0
DA:90,0
DA:92,0
LF:24
LH:11
BRDA:47,0,0,0
BRDA:47,0,1,10
BRDA:52,1,0,10
BRDA:52,1,1,0
BRDA:53,2,0,10
BRDA:53,2,1,0
BRDA:54,3,0,0
BRDA:54,3,1,10
BRDA:55,4,0,0
BRDA:55,4,1,10
BRDA:56,5,0,0
BRDA:56,5,1,10
BRDA:59,6,0,10
BRDA:59,6,1,0
BRDA:65,7,0,0
BRDA:65,7,1,0
BRDA:73,8,0,0
BRDA:73,8,1,0
BRDA:81,9,0,0
BRDA:81,9,1,0
BRDA:89,10,0,0
BRDA:89,10,1,0
BRF:22
BRH:7
end_of_record
TN:
SF:src/services/taskService.ts
FN:34,(anonymous_0)
FN:39,(anonymous_1)
FN:44,(anonymous_2)
FN:49,(anonymous_3)
FN:54,(anonymous_4)
FN:59,(anonymous_5)
FN:64,(anonymous_6)
FN:69,(anonymous_7)
FNF:8
FNH:1
FNDA:2,(anonymous_0)
FNDA:0,(anonymous_1)
FNDA:0,(anonymous_2)
FNDA:0,(anonymous_3)
FNDA:0,(anonymous_4)
FNDA:0,(anonymous_5)
FNDA:0,(anonymous_6)
FNDA:0,(anonymous_7)
DA:32,9
DA:35,2
DA:40,0
DA:45,0
DA:50,0
DA:55,0
DA:60,0
DA:65,0
DA:70,0
DA:75,9
DA:76,9
DA:77,9
DA:78,9
DA:79,9
DA:80,9
DA:81,9
DA:82,9
LF:17
LH:10
BRF:0
BRH:0
end_of_record
TN:
SF:src/services/userApiService.ts
FN:92,(anonymous_0)
FN:116,(anonymous_1)
FN:124,(anonymous_2)
FN:132,(anonymous_3)
FN:140,(anonymous_4)
FN:148,(anonymous_5)
FN:156,(anonymous_6)
FNF:7
FNH:1
FNDA:2,(anonymous_0)
FNDA:0,(anonymous_1)
FNDA:0,(anonymous_2)
FNDA:0,(anonymous_3)
FNDA:0,(anonymous_4)
FNDA:0,(anonymous_5)
FNDA:0,(anonymous_6)
DA:90,8
DA:99,2
DA:100,0
DA:103,2
DA:104,2
DA:105,2
DA:106,2
DA:107,2
DA:108,2
DA:110,2
DA:111,2
DA:112,2
DA:117,0
DA:118,0
DA:120,0
DA:125,0
DA:126,0
DA:128,0
DA:133,0
DA:134,0
DA:136,0
DA:141,0
DA:142,0
DA:144,0
DA:149,0
DA:150,0
DA:152,0
DA:157,0
DA:159,0
DA:161,0
LF:30
LH:11
BRDA:99,0,0,0
BRDA:99,0,1,2
BRDA:104,1,0,0
BRDA:104,1,1,2
BRDA:105,2,0,0
BRDA:105,2,1,2
BRDA:106,3,0,0
BRDA:106,3,1,2
BRDA:107,4,0,0
BRDA:107,4,1,2
BRDA:108,5,0,0
BRDA:108,5,1,2
BRDA:111,6,0,0
BRDA:111,6,1,2
BRDA:117,7,0,0
BRDA:117,7,1,0
BRDA:125,8,0,0
BRDA:125,8,1,0
BRDA:133,9,0,0
BRDA:133,9,1,0
BRDA:141,10,0,0
BRDA:141,10,1,0
BRDA:149,11,0,0
BRDA:149,11,1,0
BRDA:157,12,0,0
BRDA:157,12,1,0
BRF:26
BRH:7
end_of_record
TN:
SF:src/services/userService.ts
FN:31,(anonymous_0)
FN:37,(anonymous_1)
FN:43,(anonymous_2)
FN:49,(anonymous_3)
FN:55,(anonymous_4)
FNF:5
FNH:0
FNDA:0,(anonymous_0)
FNDA:0,(anonymous_1)
FNDA:0,(anonymous_2)
FNDA:0,(anonymous_3)
FNDA:0,(anonymous_4)
DA:3,2
DA:31,2
DA:32,0
DA:33,0
DA:37,2
DA:38,0
DA:39,0
DA:43,2
DA:44,0
DA:45,0
DA:49,2
DA:50,0
DA:51,0
DA:55,2
DA:56,0
DA:57,0
LF:16
LH:6
BRDA:3,0,0,2
BRDA:3,0,1,0
BRF:2
BRH:1
end_of_record
TN:
SF:src/store/index.ts
FNF:0
FNH:0
LF:0
LH:0
BRF:0
BRH:0
end_of_record
TN:
SF:src/store/store.ts
FNF:0
FNH:0
DA:7,7
LF:1
LH:1
BRF:0
BRH:0
end_of_record
TN:
SF:src/store/slices/authSlice.ts
FN:15,(anonymous_0)
FN:20,(anonymous_1)
FN:25,(anonymous_2)
FN:28,(anonymous_3)
FNF:4
FNH:0
FNDA:0,(anonymous_0)
FNDA:0,(anonymous_1)
FNDA:0,(anonymous_2)
FNDA:0,(anonymous_3)
DA:4,8
DA:11,8
DA:16,0
DA:17,0
DA:18,0
DA:21,0
DA:22,0
DA:23,0
DA:26,0
DA:29,0
DA:34,8
LF:11
LH:3
BRF:0
BRH:0
end_of_record
TN:
SF:src/store/slices/catalogSlice.ts
FN:29,(anonymous_0)
FN:42,(anonymous_1)
FN:51,(anonymous_2)
FN:60,(anonymous_3)
FN:69,(anonymous_4)
FN:82,(anonymous_5)
FN:84,(anonymous_6)
FN:88,(anonymous_7)
FN:92,(anonymous_8)
FN:96,(anonymous_9)
FN:99,(anonymous_10)
FN:100,(anonymous_11)
FN:103,(anonymous_12)
FN:104,(anonymous_13)
FNF:14
FNH:4
FNDA:0,(anonymous_0)
FNDA:2,(anonymous_1)
FNDA:0,(anonymous_2)
FNDA:0,(anonymous_3)
FNDA:0,(anonymous_4)
FNDA:7,(anonymous_5)
FNDA:2,(anonymous_6)
FNDA:0,(anonymous_7)
FNDA:2,(anonymous_8)
FNDA:0,(anonymous_9)
FNDA:0,(anonymous_10)
FNDA:0,(anonymous_11)
FNDA:0,(anonymous_12)
FNDA:0,(anonymous_13)
DA:23,7
DA:29,7
DA:42,7
DA:43,2
DA:44,2
DA:45,0
DA:47,2
DA:51,7
DA:52,0
DA:53,0
DA:54,0
DA:56,0
DA:60,7
DA:61,0
DA:62,0
DA:63,0
DA:65,0
DA:69,7
DA:70,0
DA:71,0
DA:72,0
DA:74,0
DA:78,7
DA:83,7
DA:85,2
DA:86,2
DA:89,0
DA:90,0
DA:93,2
DA:94,2
DA:97,0
DA:100,0
DA:101,0
DA:104,0
LF:34
LH:15
BRDA:31,0,0,0
BRDA:31,0,1,0
BRDA:32,1,0,0
BRDA:32,1,1,0
BRDA:33,2,0,0
BRDA:33,2,1,0
BRDA:34,3,0,0
BRDA:34,3,1,0
BRDA:35,4,0,0
BRDA:35,4,1,0
BRDA:47,5,0,2
BRDA:47,5,1,0
BRDA:56,6,0,0
BRDA:56,6,1,0
BRDA:65,7,0,0
BRDA:65,7,1,0
BRDA:74,8,0,0
BRDA:74,8,1,0
BRDA:101,9,0,0
BRDA:101,9,1,0
BRF:20
BRH:1
end_of_record
TN:
SF:src/store/slices/index.ts
FNF:0
FNH:0
DA:3,0
LF:1
LH:0
BRF:0
BRH:0
end_of_record
TN:
SF:src/store/slices/tasksSlice.ts
FN:31,(anonymous_0)
FN:42,(anonymous_1)
FN:51,(anonymous_2)
FN:60,(anonymous_3)
FN:69,(anonymous_4)
FN:78,(anonymous_5)
FN:91,(anonymous_6)
FN:93,(anonymous_7)
FN:97,(anonymous_8)
FN:101,(anonymous_9)
FN:104,(anonymous_10)
FN:105,(anonymous_11)
FN:108,(anonymous_12)
FN:109,(anonymous_13)
FNF:14
FNH:3
FNDA:0,(anonymous_0)
FNDA:2,(anonymous_1)
FNDA:0,(anonymous_2)
FNDA:0,(anonymous_3)
FNDA:0,(anonymous_4)
FNDA:0,(anonymous_5)
FNDA:8,(anonymous_6)
FNDA:2,(anonymous_7)
FNDA:0,(anonymous_8)
FNDA:0,(anonymous_9)
FNDA:0,(anonymous_10)
FNDA:0,(anonymous_11)
FNDA:0,(anonymous_12)
FNDA:0,(anonymous_13)
DA:24,8
DA:31,8
DA:42,8
DA:43,2
DA:44,2
DA:45,0
DA:47,2
DA:51,8
DA:52,0
DA:53,0
DA:54,0
DA:56,0
DA:60,8
DA:61,0
DA:62,0
DA:63,0
DA:65,0
DA:69,8
DA:70,0
DA:71,0
DA:72,0
DA:74,0
DA:78,8
DA:79,0
DA:80,0
DA:81,0
DA:83,0
DA:87,8
DA:92,8
DA:94,2
DA:95,2
DA:98,0
DA:99,0
DA:102,0
DA:105,0
DA:106,0
DA:109,0
LF:37
LH:14
BRDA:33,0,0,0
BRDA:33,0,1,0
BRDA:34,1,0,0
BRDA:34,1,1,0
BRDA:36,2,0,0
BRDA:36,2,1,0
BRDA:38,3,0,0
BRDA:38,3,1,0
BRDA:47,4,0,2
BRDA:47,4,1,0
BRDA:56,5,0,0
BRDA:56,5,1,0
BRDA:65,6,0,0
BRDA:65,6,1,0
BRDA:74,7,0,0
BRDA:74,7,1,0
BRDA:83,8,0,0
BRDA:83,8,1,0
BRDA:106,9,0,0
BRDA:106,9,1,0
BRF:20
BRH:1
end_of_record
TN:
SF:src/store/slices/userSlice.ts
FN:30,(anonymous_0)
FN:44,(anonymous_1)
FN:53,(anonymous_2)
FN:62,(anonymous_3)
FN:71,(anonymous_4)
FN:84,(anonymous_5)
FN:86,(anonymous_6)
FN:90,(anonymous_7)
FN:94,(anonymous_8)
FN:98,(anonymous_9)
FN:101,(anonymous_10)
FN:102,(anonymous_11)
FN:105,(anonymous_12)
FN:106,(anonymous_13)
FNF:14
FNH:4
FNDA:0,(anonymous_0)
FNDA:2,(anonymous_1)
FNDA:0,(anonymous_2)
FNDA:0,(anonymous_3)
FNDA:0,(anonymous_4)
FNDA:7,(anonymous_5)
FNDA:2,(anonymous_6)
FNDA:0,(anonymous_7)
FNDA:2,(anonymous_8)
FNDA:0,(anonymous_9)
FNDA:0,(anonymous_10)
FNDA:0,(anonymous_11)
FNDA:0,(anonymous_12)
FNDA:0,(anonymous_13)
DA:24,8
DA:30,8
DA:44,8
DA:45,2
DA:46,2
DA:47,0
DA:49,2
DA:53,8
DA:54,0
DA:55,0
DA:56,0
DA:58,0
DA:62,8
DA:63,0
DA:64,0
DA:65,0
DA:67,0
DA:71,8
DA:72,0
DA:73,0
DA:74,0
DA:76,0
DA:80,8
DA:85,7
DA:87,2
DA:88,2
DA:91,0
DA:92,0
DA:95,2
DA:96,2
DA:99,0
DA:102,0
DA:103,0
DA:106,0
LF:34
LH:15
BRDA:32,0,0,0
BRDA:32,0,1,0
BRDA:32,1,0,0
BRDA:32,1,1,0
BRDA:32,2,0,0
BRDA:32,2,1,0
BRDA:33,3,0,0
BRDA:33,3,1,0
BRDA:34,4,0,0
BRDA:34,4,1,0
BRDA:35,5,0,0
BRDA:35,5,1,0
BRDA:37,6,0,0
BRDA:37,6,1,0
BRDA:39,7,0,0
BRDA:39,7,1,0
BRDA:41,8,0,0
BRDA:41,8,1,0
BRDA:47,9,0,0
BRDA:47,9,1,0
BRDA:49,10,0,2
BRDA:49,10,1,0
BRDA:58,11,0,0
BRDA:58,11,1,0
BRDA:67,12,0,0
BRDA:67,12,1,0
BRDA:76,13,0,0
BRDA:76,13,1,0
BRDA:103,14,0,0
BRDA:103,14,1,0
BRF:30
BRH:1
end_of_record
TN:
SF:src/types/api.ts
FNF:0
FNH:0
LF:0
LH:0
BRF:0
BRH:0
end_of_record
TN:
SF:src/types/auth.ts
FNF:0
FNH:0
LF:0
LH:0
BRF:0
BRH:0
end_of_record
TN:
SF:src/types/index.ts
FNF:0
FNH:0
LF:0
LH:0
BRF:0
BRH:0
end_of_record
TN:
SF:src/types/user.ts
FNF:0
FNH:0
LF:0
LH:0
BRF:0
BRH:0
end_of_record
TN:
SF:src/utils/apiTestHelpers.ts
FN:30,(anonymous_0)
FN:42,(anonymous_1)
FN:55,(anonymous_2)
FN:68,(anonymous_3)
FN:80,(anonymous_4)
FN:104,(anonymous_5)
FN:116,(anonymous_6)
FN:137,(anonymous_7)
FN:149,(anonymous_8)
FN:173,(anonymous_9)
FN:177,(anonymous_10)
FN:178,(anonymous_11)
FN:179,(anonymous_12)
FN:180,(anonymous_13)
FN:181,(anonymous_14)
FN:182,(anonymous_15)
FN:183,(anonymous_16)
FN:190,(anonymous_17)
FN:203,(anonymous_18)
FN:211,(anonymous_19)
FNF:20
FNH:0
FNDA:0,(anonymous_0)
FNDA:0,(anonymous_1)
FNDA:0,(anonymous_2)
FNDA:0,(anonymous_3)
FNDA:0,(anonymous_4)
FNDA:0,(anonymous_5)
FNDA:0,(anonymous_6)
FNDA:0,(anonymous_7)
FNDA:0,(anonymous_8)
FNDA:0,(anonymous_9)
FNDA:0,(anonymous_10)
FNDA:0,(anonymous_11)
FNDA:0,(anonymous_12)
FNDA:0,(anonymous_13)
FNDA:0,(anonymous_14)
FNDA:0,(anonymous_15)
FNDA:0,(anonymous_16)
FNDA:0,(anonymous_17)
FNDA:0,(anonymous_18)
FNDA:0,(anonymous_19)
DA:28,0
DA:31,0
DA:32,0
DA:33,0
DA:34,0
DA:35,0
DA:37,0
DA:38,0
DA:43,0
DA:44,0
DA:45,0
DA:46,0
DA:47,0
DA:49,0
DA:50,0
DA:56,0
DA:57,0
DA:58,0
DA:59,0
DA:60,0
DA:62,0
DA:63,0
DA:69,0
DA:70,0
DA:71,0
DA:72,0
DA:73,0
DA:75,0
DA:76,0
DA:81,0
DA:90,0
DA:92,0
DA:93,0
DA:94,0
DA:95,0
DA:96,0
DA:98,0
DA:99,0
DA:105,0
DA:106,0
DA:107,0
DA:108,0
DA:109,0
DA:111,0
DA:112,0
DA:117,0
DA:123,0
DA:125,0
DA:126,0
DA:127,0
DA:128,0
DA:129,0
DA:131,0
DA:132,0
DA:138,0
DA:139,0
DA:140,0
DA:141,0
DA:142,0
DA:144,0
DA:145,0
DA:150,0
DA:159,0
DA:161,0
DA:162,0
DA:163,0
DA:164,0
DA:165,0
DA:167,0
DA:168,0
DA:174,0
DA:176,0
DA:177,0
DA:178,0
DA:179,0
DA:180,0
DA:181,0
DA:182,0
DA:183,0
DA:186,0
DA:188,0
DA:189,0
DA:190,0
DA:191,0
DA:192,0
DA:194,0
DA:198,0
DA:199,0
DA:204,0
DA:205,0
DA:206,0
DA:207,0
DA:212,0
DA:213,0
DA:214,0
DA:218,0
DA:219,0
DA:220,0
DA:221,0
DA:222,0
DA:223,0
LF:101
LH:0
BRDA:55,0,0,0
BRDA:55,1,0,0
BRDA:90,2,0,0
BRDA:90,2,1,0
BRDA:123,3,0,0
BRDA:123,3,1,0
BRDA:159,4,0,0
BRDA:159,4,1,0
BRDA:207,5,0,0
BRDA:207,5,1,0
BRF:10
BRH:0
end_of_record
TN:
SF:src/utils/constants.ts
FNF:0
FNH:0
DA:1,0
DA:2,0
DA:3,0
DA:5,0
DA:6,0
DA:8,0
DA:9,0
LF:7
LH:0
BRF:0
BRH:0
end_of_record
TN:
SF:src/utils/helpers.ts
FN:3,(anonymous_0)
FN:7,(anonymous_1)
FN:11,(anonymous_2)
FN:13,(anonymous_3)
FN:17,(anonymous_4)
FN:23,(anonymous_5)
FNF:6
FNH:0
FNDA:0,(anonymous_0)
FNDA:0,(anonymous_1)
FNDA:0,(anonymous_2)
FNDA:0,(anonymous_3)
FNDA:0,(anonymous_4)
FNDA:0,(anonymous_5)
DA:3,0
DA:4,0
DA:7,0
DA:8,0
DA:11,0
DA:13,0
DA:14,0
DA:15,0
DA:17,0
DA:18,0
DA:23,0
DA:24,0
LF:12
LH:0
BRDA:14,0,0,0
BRDA:14,0,1,0
BRF:2
BRH:0
end_of_record
TN:
SF:src/utils/index.ts
FNF:0
FNH:0
LF:0
LH:0
BRF:0
BRH:0
end_of_record
